{
"/Users/zero_yang/develop/magix-subway/dist/kissy-shim/magix-es3-debug.js":{"path":"/Users/zero_yang/develop/magix-subway/dist/kissy-shim/magix-es3-debug.js","s":{"1":1,"2":1,"3":1,"4":1,"5":1,"6":1,"7":1,"8":1,"9":1,"10":1,"11":1,"12":1,"13":1,"14":1,"15":1,"16":1,"17":1,"18":1,"19":1,"20":1,"21":1,"22":1,"23":1,"24":1,"25":1,"26":1,"27":1,"28":1,"29":1,"30":1,"31":1,"32":1,"33":1,"34":1,"35":1,"36":1,"37":1,"38":50,"39":1,"40":1,"41":0,"42":0,"43":1,"44":18,"45":1,"46":0,"47":1,"48":3,"49":3,"50":0,"51":0,"52":0,"53":0,"54":0,"55":0,"56":3,"57":1,"58":0,"59":0,"60":0,"61":0,"62":0,"63":0,"64":0,"65":0,"66":1,"67":85,"68":108,"69":108,"70":271,"71":271,"72":85,"73":1,"74":11,"75":11,"76":13,"77":13,"78":11,"79":1,"80":1,"81":1,"82":0,"83":0,"84":0,"85":0,"86":0,"87":0,"88":0,"89":0,"90":0,"91":1,"92":51,"93":1,"94":55,"95":55,"96":44,"97":55,"98":39,"99":55,"100":52,"101":52,"102":52,"103":0,"104":55,"105":1,"106":359,"107":1,"108":0,"109":0,"110":0,"111":0,"112":0,"113":0,"114":0,"115":0,"116":0,"117":0,"118":0,"119":0,"120":0,"121":0,"122":1,"123":0,"124":1,"125":6,"126":6,"127":6,"128":6,"129":6,"130":1,"131":45,"132":45,"133":45,"134":45,"135":13,"136":13,"137":13,"138":45,"139":0,"140":0,"141":0,"142":0,"143":0,"144":33,"145":33,"146":33,"147":33,"148":33,"149":33,"150":33,"151":0,"152":0,"153":0,"154":0,"155":0,"156":33,"157":33,"158":33,"159":33,"160":33,"161":33,"162":0,"163":0,"164":0,"165":0,"166":0,"167":0,"168":0,"169":0,"170":0,"171":1,"172":1,"173":5,"174":5,"175":5,"176":3,"177":5,"178":5,"179":1,"180":1,"181":1,"182":0,"183":0,"184":0,"185":1,"186":1,"187":0,"188":0,"189":0,"190":0,"191":1,"192":1,"193":1,"194":1,"195":1,"196":0,"197":0,"198":0,"199":0,"200":0,"201":0,"202":0,"203":0,"204":0,"205":0,"206":0,"207":0,"208":0,"209":0,"210":0,"211":0,"212":0,"213":0,"214":0,"215":0,"216":0,"217":0,"218":0,"219":0,"220":0,"221":1,"222":1,"223":1,"224":1,"225":25,"226":25,"227":25,"228":1,"229":27,"230":27,"231":22,"232":22,"233":22,"234":4,"235":22,"236":22,"237":27,"238":1,"239":3,"240":3,"241":7,"242":7,"243":7,"244":7,"245":3,"246":3,"247":3,"248":1,"249":3,"250":3,"251":3,"252":16,"253":16,"254":3,"255":1,"256":1,"257":1,"258":0,"259":1,"260":1,"261":0,"262":1,"263":1,"264":1,"265":1,"266":1,"267":0,"268":0,"269":0,"270":0,"271":0,"272":0,"273":1,"274":1,"275":1,"276":1,"277":1,"278":1,"279":1,"280":1,"281":1,"282":47,"283":47,"284":21,"285":47,"286":39,"287":47,"288":18,"289":18,"290":18,"291":26,"292":26,"293":26,"294":26,"295":26,"296":26,"297":0,"298":0,"299":0,"300":47,"301":47,"302":0,"303":47,"304":3,"305":17,"306":17,"307":17,"308":17,"309":7,"310":7,"311":0,"312":0,"313":0,"314":0,"315":0,"316":0,"317":7,"318":7,"319":1,"320":1,"321":1,"322":1,"323":1,"324":1,"325":1,"326":0,"327":0,"328":0,"329":0,"330":0,"331":0,"332":0,"333":0,"334":1,"335":0,"336":0,"337":0,"338":0,"339":0,"340":0,"341":0,"342":1,"343":0,"344":0,"345":0,"346":0,"347":0,"348":0,"349":0,"350":0,"351":0,"352":0,"353":1,"354":1,"355":1,"356":4,"357":4,"358":4,"359":4,"360":0,"361":0,"362":0,"363":4,"364":0,"365":1,"366":0,"367":0,"368":0,"369":0,"370":0,"371":0,"372":0,"373":0,"374":0,"375":0,"376":0,"377":0,"378":0,"379":0,"380":0,"381":0,"382":0,"383":0,"384":0,"385":0,"386":0,"387":0,"388":0,"389":0,"390":0,"391":0,"392":0,"393":0,"394":0,"395":0,"396":0,"397":0,"398":0,"399":0,"400":0,"401":0,"402":0,"403":0,"404":0,"405":0,"406":0,"407":0,"408":0,"409":0,"410":1,"411":1,"412":1,"413":1,"414":1,"415":1,"416":1,"417":1,"418":1,"419":1,"420":1,"421":1,"422":1,"423":1,"424":1,"425":6,"426":6,"427":0,"428":6,"429":1,"430":3,"431":3,"432":3,"433":3,"434":1,"435":1,"436":1,"437":1,"438":3,"439":0,"440":3,"441":3,"442":3,"443":3,"444":3,"445":3,"446":3,"447":3,"448":3,"449":3,"450":0,"451":0,"452":0,"453":0,"454":3,"455":3,"456":3,"457":1,"458":0,"459":0,"460":0,"461":0,"462":0,"463":0,"464":0,"465":1,"466":1,"467":1,"468":1,"469":1,"470":5,"471":1,"472":1,"473":1,"474":1,"475":1,"476":5,"477":5,"478":5,"479":0,"480":5,"481":5,"482":5,"483":5,"484":0,"485":0,"486":0,"487":0,"488":1,"489":4,"490":4,"491":4,"492":4,"493":4,"494":4,"495":4,"496":4,"497":4,"498":19,"499":19,"500":12,"501":12,"502":4,"503":11,"504":11,"505":4,"506":4,"507":4,"508":4,"509":4,"510":4,"511":4,"512":1,"513":0,"514":0,"515":0,"516":0,"517":0,"518":0,"519":0,"520":0,"521":0,"522":0,"523":0,"524":0,"525":0,"526":0,"527":0,"528":0,"529":0,"530":1,"531":4,"532":4,"533":4,"534":4,"535":4,"536":2,"537":4,"538":4,"539":4,"540":4,"541":4,"542":1,"543":3,"544":1,"545":1,"546":3,"547":3,"548":3,"549":3,"550":3,"551":3,"552":3,"553":3,"554":1,"555":1,"556":0,"557":0,"558":2,"559":2,"560":2,"561":3,"562":1,"563":1,"564":1,"565":0,"566":0,"567":0,"568":0,"569":0,"570":0,"571":0,"572":0,"573":1,"574":4,"575":4,"576":1,"577":3,"578":3,"579":1,"580":1,"581":1,"582":1,"583":6,"584":4,"585":3,"586":3,"587":3,"588":4,"589":4,"590":2,"591":2,"592":2,"593":1,"594":7,"595":3,"596":3,"597":3,"598":3,"599":3,"600":2,"601":2,"602":2,"603":1,"604":3,"605":3,"606":3,"607":3,"608":0,"609":3,"610":1,"611":5,"612":1,"613":1,"614":1,"615":1,"616":1,"617":1,"618":5,"619":1,"620":3,"621":3,"622":3,"623":3,"624":3,"625":3,"626":1,"627":0,"628":0,"629":0,"630":0,"631":0,"632":0,"633":1,"634":1,"635":2,"636":2,"637":2,"638":2,"639":2,"640":2,"641":2,"642":2,"643":2,"644":1,"645":3,"646":3,"647":3,"648":3,"649":3,"650":2,"651":2,"652":0,"653":3,"654":3,"655":3,"656":3,"657":3,"658":3,"659":3,"660":3,"661":1,"662":1,"663":5,"664":1,"665":0,"666":0,"667":0,"668":0,"669":0,"670":0,"671":0,"672":0,"673":0,"674":0,"675":0,"676":0,"677":0,"678":0,"679":0,"680":0,"681":0,"682":0,"683":0,"684":0,"685":0,"686":0,"687":0,"688":0,"689":0,"690":0,"691":0,"692":0,"693":0,"694":0,"695":0,"696":0,"697":0,"698":0,"699":0,"700":0,"701":0,"702":0,"703":0,"704":0,"705":0,"706":6,"707":6,"708":6,"709":6,"710":3,"711":1,"712":1,"713":3,"714":3,"715":3,"716":3,"717":3,"718":3,"719":3,"720":3,"721":3,"722":3,"723":3,"724":3,"725":3,"726":3,"727":3,"728":3,"729":3,"730":1,"731":6,"732":2,"733":2,"734":2,"735":2,"736":2,"737":2,"738":2,"739":2,"740":2,"741":2,"742":0,"743":2,"744":2,"745":2,"746":0,"747":0,"748":0,"749":0,"750":0,"751":0,"752":0,"753":0,"754":0,"755":0,"756":0,"757":0,"758":0,"759":0,"760":0,"761":0,"762":0,"763":0,"764":0,"765":0,"766":0,"767":0,"768":0,"769":0,"770":2,"771":2,"772":2,"773":2,"774":2,"775":2,"776":2,"777":2,"778":2,"779":2,"780":2,"781":2,"782":2,"783":2,"784":2,"785":2,"786":2,"787":2,"788":0,"789":51,"790":51,"791":51,"792":2,"793":2,"794":51,"795":0,"796":0,"797":0,"798":0,"799":0,"800":0,"801":7,"802":7,"803":7,"804":7,"805":7,"806":7,"807":0,"808":0,"809":0,"810":0,"811":0,"812":0,"813":7,"814":1,"815":1,"816":0,"817":0,"818":0,"819":0,"820":0,"821":0,"822":1,"823":1,"824":1,"825":1,"826":1,"827":1,"828":1,"829":1,"830":0,"831":0,"832":0,"833":0,"834":0,"835":0,"836":0,"837":0,"838":0,"839":0,"840":0,"841":0,"842":0,"843":0,"844":0,"845":0,"846":0,"847":0,"848":0,"849":0,"850":0,"851":0,"852":0,"853":0,"854":0,"855":0,"856":0,"857":0,"858":0,"859":0,"860":0,"861":0,"862":0,"863":0,"864":0,"865":0,"866":0,"867":0,"868":0,"869":0,"870":0,"871":0,"872":0,"873":0,"874":0,"875":0,"876":0,"877":0,"878":0,"879":0,"880":1,"881":0,"882":0,"883":0,"884":0,"885":0,"886":0,"887":0,"888":0,"889":0,"890":0,"891":0,"892":0,"893":0,"894":0,"895":0,"896":0,"897":0,"898":0,"899":0,"900":0,"901":0,"902":0,"903":0,"904":0,"905":0,"906":0,"907":0,"908":0,"909":0,"910":0,"911":0,"912":0,"913":0,"914":0,"915":0,"916":0,"917":0,"918":0,"919":0,"920":0,"921":0,"922":0,"923":0,"924":0,"925":0,"926":0,"927":0,"928":0,"929":0,"930":0,"931":0,"932":0,"933":0,"934":0,"935":0,"936":0,"937":0,"938":0,"939":0,"940":1,"941":4,"942":4,"943":4,"944":2,"945":4,"946":4,"947":0,"948":1,"949":1,"950":1,"951":1,"952":1,"953":1,"954":1,"955":1,"956":1,"957":1,"958":1,"959":47,"960":47,"961":0,"962":47,"963":1,"964":3,"965":3,"966":3,"967":3,"968":3,"969":3,"970":0,"971":3,"972":1,"973":1,"974":0,"975":0,"976":0,"977":0,"978":0,"979":0,"980":0,"981":0,"982":0,"983":0,"984":0,"985":0,"986":0,"987":0,"988":0,"989":0,"990":0,"991":0,"992":0,"993":0,"994":1,"995":1,"996":1,"997":1,"998":1,"999":0,"1000":0,"1001":0,"1002":0,"1003":0,"1004":1,"1005":1,"1006":54,"1007":27,"1008":3,"1009":24,"1010":24,"1011":24,"1012":24,"1013":22,"1014":22,"1015":0,"1016":24,"1017":24,"1018":54,"1019":1,"1020":3,"1021":3,"1022":3,"1023":3,"1024":47,"1025":47,"1026":47,"1027":0,"1028":0,"1029":47,"1030":47,"1031":1,"1032":1,"1033":1,"1034":1,"1035":3,"1036":2,"1037":2,"1038":1,"1039":2,"1040":3,"1041":3,"1042":3,"1043":3,"1044":3,"1045":3,"1046":3,"1047":3,"1048":3,"1049":3,"1050":0,"1051":0,"1052":0,"1053":0,"1054":0,"1055":0,"1056":0,"1057":3,"1058":1,"1059":1,"1060":1,"1061":0,"1062":0,"1063":0,"1064":1,"1065":1,"1066":2,"1067":2,"1068":3,"1069":46,"1070":46,"1071":46,"1072":46,"1073":1,"1074":1,"1075":1,"1076":0,"1077":0,"1078":0,"1079":0,"1080":0,"1081":0,"1082":0,"1083":0,"1084":0,"1085":0,"1086":0,"1087":0,"1088":0,"1089":0,"1090":0,"1091":0,"1092":0,"1093":0,"1094":0,"1095":0,"1096":0,"1097":0,"1098":0,"1099":0,"1100":0,"1101":0,"1102":0,"1103":0,"1104":0,"1105":0,"1106":0,"1107":0,"1108":0,"1109":0,"1110":0,"1111":0,"1112":0,"1113":0,"1114":0,"1115":0,"1116":0,"1117":0,"1118":0,"1119":0,"1120":0,"1121":0,"1122":1,"1123":1,"1124":1,"1125":1,"1126":3,"1127":3,"1128":0,"1129":3,"1130":3,"1131":3,"1132":3,"1133":3,"1134":3,"1135":3,"1136":3,"1137":3,"1138":3,"1139":3,"1140":3,"1141":3,"1142":3,"1143":3,"1144":0,"1145":0,"1146":3,"1147":0,"1148":0,"1149":3,"1150":3,"1151":3,"1152":3,"1153":3,"1154":3,"1155":0,"1156":1,"1157":3,"1158":3,"1159":3,"1160":3,"1161":3,"1162":3,"1163":3,"1164":1,"1165":0,"1166":0,"1167":0,"1168":0,"1169":3,"1170":3,"1171":3,"1172":3,"1173":3,"1174":3,"1175":3,"1176":0,"1177":0,"1178":0,"1179":0,"1180":0,"1181":0,"1182":0,"1183":0,"1184":0,"1185":0,"1186":1,"1187":1,"1188":0,"1189":0,"1190":0,"1191":0,"1192":0,"1193":0,"1194":0,"1195":0,"1196":1,"1197":6,"1198":6,"1199":0,"1200":0,"1201":0,"1202":1,"1203":1,"1204":1,"1205":1,"1206":1,"1207":1,"1208":0,"1209":1,"1210":1,"1211":1,"1212":0,"1213":0,"1214":0,"1215":0,"1216":0,"1217":0,"1218":0,"1219":0,"1220":0,"1221":0,"1222":0,"1223":1,"1224":6,"1225":6,"1226":4,"1227":6,"1228":0,"1229":0,"1230":1,"1231":1,"1232":1,"1233":0,"1234":0,"1235":0,"1236":0,"1237":0,"1238":0,"1239":0,"1240":0,"1241":0,"1242":0,"1243":0,"1244":0,"1245":0,"1246":0,"1247":0,"1248":0,"1249":0,"1250":0,"1251":0,"1252":1,"1253":3,"1254":3,"1255":3,"1256":3,"1257":3,"1258":0,"1259":3,"1260":103,"1261":103,"1262":103,"1263":6,"1264":6,"1265":6,"1266":6,"1267":6,"1268":6,"1269":6,"1270":0,"1271":0,"1272":0,"1273":0,"1274":0,"1275":0,"1276":0,"1277":0,"1278":6,"1279":6,"1280":6,"1281":6,"1282":6,"1283":0,"1284":0,"1285":0,"1286":0,"1287":0,"1288":3,"1289":3,"1290":3,"1291":3,"1292":3,"1293":3,"1294":3,"1295":1,"1296":0,"1297":0,"1298":0,"1299":0,"1300":0,"1301":0,"1302":0,"1303":0,"1304":0,"1305":0,"1306":0,"1307":0,"1308":0,"1309":1,"1310":3,"1311":3,"1312":3,"1313":3,"1314":3,"1315":3,"1316":3,"1317":3,"1318":1,"1319":1,"1320":0,"1321":0,"1322":0,"1323":0,"1324":5,"1325":5,"1326":5,"1327":5,"1328":5,"1329":0,"1330":1,"1331":5,"1332":5,"1333":5,"1334":5,"1335":1,"1336":0,"1337":0,"1338":0,"1339":0,"1340":0,"1341":0,"1342":0,"1343":0,"1344":0,"1345":0,"1346":0,"1347":0,"1348":0,"1349":0,"1350":0,"1351":3,"1352":3,"1353":3,"1354":3,"1355":3,"1356":0,"1357":3,"1358":0,"1359":0,"1360":0,"1361":0,"1362":0,"1363":0,"1364":0,"1365":0,"1366":0,"1367":0,"1368":0,"1369":1,"1370":1,"1371":0,"1372":0,"1373":0,"1374":0,"1375":0,"1376":0,"1377":1,"1378":1,"1379":1,"1380":1,"1381":0,"1382":0,"1383":0,"1384":0,"1385":0,"1386":0,"1387":0,"1388":0,"1389":0,"1390":0,"1391":0,"1392":0,"1393":0,"1394":0,"1395":0,"1396":0,"1397":0,"1398":0,"1399":0,"1400":0,"1401":0,"1402":0,"1403":0,"1404":0,"1405":0,"1406":0,"1407":1,"1408":1,"1409":1,"1410":1,"1411":0,"1412":0,"1413":1,"1414":0,"1415":0,"1416":0,"1417":0,"1418":0,"1419":0,"1420":0,"1421":0,"1422":0,"1423":0,"1424":0,"1425":0,"1426":0,"1427":0,"1428":0,"1429":0,"1430":0,"1431":0,"1432":0,"1433":0,"1434":1,"1435":1,"1436":1,"1437":0,"1438":0,"1439":0,"1440":0,"1441":1,"1442":0,"1443":0,"1444":0,"1445":0,"1446":0,"1447":0,"1448":0,"1449":0,"1450":0,"1451":0,"1452":0,"1453":0,"1454":0,"1455":0,"1456":0,"1457":0,"1458":0,"1459":0,"1460":0,"1461":0,"1462":0,"1463":0,"1464":0,"1465":0,"1466":0,"1467":0,"1468":0,"1469":0,"1470":0,"1471":0,"1472":0,"1473":0,"1474":0,"1475":0,"1476":0,"1477":0,"1478":0,"1479":0,"1480":1,"1481":0,"1482":0,"1483":0,"1484":0,"1485":0,"1486":0,"1487":0,"1488":0,"1489":0,"1490":0,"1491":0,"1492":0,"1493":0,"1494":0,"1495":0,"1496":0,"1497":0,"1498":0,"1499":0,"1500":0,"1501":0,"1502":0,"1503":0,"1504":0,"1505":0,"1506":0,"1507":0,"1508":0,"1509":0,"1510":1,"1511":0,"1512":0,"1513":0,"1514":0,"1515":0,"1516":0,"1517":0,"1518":0,"1519":1,"1520":0,"1521":0,"1522":0,"1523":0,"1524":0,"1525":0,"1526":0,"1527":0,"1528":0,"1529":0,"1530":0,"1531":0,"1532":0,"1533":0,"1534":0,"1535":0,"1536":0,"1537":0,"1538":0,"1539":0,"1540":0,"1541":0,"1542":0,"1543":1,"1544":0,"1545":0,"1546":1,"1547":0,"1548":0,"1549":0,"1550":1,"1551":0,"1552":0,"1553":0,"1554":0,"1555":0,"1556":0,"1557":0,"1558":0,"1559":0,"1560":0,"1561":0,"1562":0,"1563":0,"1564":0,"1565":0,"1566":0,"1567":0,"1568":0,"1569":0,"1570":0,"1571":0,"1572":0,"1573":0,"1574":0,"1575":0,"1576":0,"1577":0,"1578":0,"1579":0,"1580":0,"1581":0,"1582":0,"1583":0,"1584":0,"1585":0,"1586":0,"1587":0,"1588":0,"1589":0,"1590":0,"1591":0,"1592":0,"1593":0,"1594":0,"1595":0,"1596":0,"1597":0,"1598":0,"1599":0,"1600":0,"1601":0,"1602":0,"1603":0,"1604":0,"1605":0,"1606":1,"1607":1,"1608":0,"1609":0,"1610":0,"1611":0,"1612":0,"1613":0,"1614":1,"1615":1,"1616":1,"1617":0,"1618":0,"1619":1,"1620":0,"1621":0,"1622":0,"1623":0,"1624":0,"1625":0,"1626":0,"1627":0,"1628":0,"1629":1,"1630":1,"1631":0,"1632":1,"1633":1,"1634":6,"1635":1,"1636":3,"1637":1,"1638":11,"1639":11,"1640":1,"1641":1,"1642":1,"1643":4,"1644":4,"1645":1,"1646":0,"1647":2,"1648":1,"1649":1,"1650":1,"1651":1,"1652":1,"1653":0,"1654":1,"1655":1,"1656":0,"1657":0,"1658":0,"1659":1,"1660":3,"1661":1,"1662":1,"1663":1,"1664":0,"1665":1,"1666":1,"1667":1,"1668":1,"1669":3,"1670":1,"1671":3,"1672":1,"1673":1,"1674":5,"1675":5,"1676":5,"1677":1,"1678":8,"1679":1,"1680":0,"1681":0,"1682":0,"1683":0,"1684":0,"1685":0,"1686":0,"1687":0,"1688":0,"1689":0,"1690":1,"1691":1,"1692":1,"1693":0,"1694":0,"1695":1,"1696":13,"1697":13,"1698":13,"1699":13,"1700":5,"1701":5,"1702":5,"1703":5,"1704":5,"1705":5,"1706":5,"1707":5,"1708":5,"1709":5,"1710":5,"1711":5,"1712":13,"1713":1,"1714":1,"1715":1,"1716":1,"1717":4,"1718":4,"1719":4,"1720":4,"1721":40,"1722":36,"1723":4,"1724":4,"1725":4,"1726":0,"1727":0,"1728":0,"1729":4,"1730":1,"1731":9,"1732":7,"1733":7,"1734":0,"1735":0,"1736":0,"1737":0,"1738":0,"1739":7,"1740":0,"1741":0,"1742":0,"1743":7,"1744":7,"1745":6,"1746":6,"1747":1,"1748":1,"1749":3,"1750":3,"1751":3,"1752":3,"1753":3,"1754":1,"1755":1,"1756":1,"1757":1,"1758":1,"1759":1,"1760":1,"1761":1,"1762":1,"1763":1,"1764":12,"1765":12,"1766":12,"1767":0,"1768":1,"1769":1,"1770":1,"1771":0,"1772":0,"1773":0,"1774":0,"1775":0,"1776":0,"1777":0,"1778":0,"1779":3,"1780":3,"1781":3,"1782":3,"1783":3,"1784":3,"1785":3,"1786":3,"1787":3,"1788":3,"1789":3,"1790":0,"1791":3,"1792":3,"1793":3,"1794":3,"1795":3,"1796":3,"1797":3,"1798":3,"1799":3,"1800":3,"1801":3,"1802":3,"1803":0,"1804":3,"1805":3,"1806":0,"1807":0,"1808":0,"1809":3,"1810":3,"1811":3,"1812":3,"1813":3,"1814":3,"1815":0,"1816":0,"1817":3,"1818":3,"1819":0,"1820":3,"1821":3,"1822":3,"1823":3,"1824":3,"1825":3,"1826":3,"1827":0,"1828":3,"1829":3,"1830":3,"1831":3,"1832":3,"1833":3,"1834":0,"1835":0,"1836":0,"1837":6,"1838":6,"1839":6,"1840":3,"1841":4,"1842":4,"1843":4,"1844":4,"1845":4,"1846":4,"1847":0,"1848":4,"1849":4,"1850":4,"1851":2,"1852":2,"1853":2,"1854":2,"1855":2,"1856":4,"1857":2,"1858":2,"1859":0,"1860":2,"1861":2,"1862":0,"1863":2,"1864":0,"1865":4,"1866":4,"1867":4,"1868":0,"1869":0,"1870":0,"1871":0,"1872":0,"1873":0,"1874":0,"1875":0,"1876":1,"1877":1,"1878":1,"1879":5,"1880":2,"1881":0,"1882":2,"1883":1,"1884":3,"1885":3,"1886":1,"1887":1,"1888":1,"1889":4,"1890":4,"1891":4,"1892":4,"1893":0,"1894":0,"1895":0,"1896":0,"1897":0,"1898":0,"1899":0,"1900":0,"1901":0,"1902":1,"1903":3,"1904":3,"1905":3,"1906":3,"1907":0,"1908":3,"1909":3,"1910":3,"1911":3,"1912":3,"1913":3,"1914":1,"1915":1,"1916":3,"1917":3,"1918":3,"1919":3,"1920":3,"1921":3,"1922":5,"1923":5,"1924":5,"1925":3,"1926":3,"1927":3,"1928":1,"1929":3,"1930":3,"1931":3,"1932":1,"1933":1,"1934":1,"1935":1,"1936":1,"1937":1,"1938":1,"1939":1,"1940":0,"1941":0,"1942":0,"1943":0,"1944":0,"1945":0,"1946":1,"1947":4,"1948":4,"1949":1,"1950":1,"1951":1,"1952":1,"1953":1,"1954":0,"1955":0,"1956":0,"1957":0,"1958":0,"1959":0,"1960":0,"1961":0,"1962":0,"1963":1,"1964":1,"1965":1,"1966":1,"1967":1,"1968":4,"1969":0,"1970":0,"1971":0,"1972":0,"1973":0,"1974":0,"1975":0,"1976":0,"1977":0,"1978":0,"1979":0,"1980":0,"1981":0,"1982":0,"1983":0,"1984":0,"1985":0,"1986":0,"1987":0,"1988":0,"1989":0,"1990":0,"1991":0,"1992":0,"1993":0,"1994":0,"1995":0,"1996":0,"1997":0,"1998":0,"1999":0,"2000":0,"2001":0,"2002":0,"2003":0,"2004":0,"2005":0,"2006":0,"2007":4,"2008":1,"2009":4,"2010":1,"2011":1,"2012":1,"2013":1,"2014":1,"2015":1,"2016":1,"2017":1,"2018":1,"2019":4,"2020":4,"2021":1,"2022":1,"2023":1,"2024":1,"2025":0,"2026":1,"2027":0,"2028":1,"2029":1,"2030":0,"2031":1,"2032":1,"2033":1,"2034":1,"2035":1,"2036":1,"2037":1,"2038":1,"2039":1,"2040":1,"2041":1,"2042":1,"2043":1,"2044":0,"2045":0,"2046":0,"2047":0,"2048":1,"2049":1,"2050":0,"2051":4,"2052":0,"2053":0,"2054":0,"2055":4,"2056":4,"2057":4,"2058":1,"2059":4,"2060":1,"2061":1,"2062":1,"2063":5,"2064":5,"2065":4,"2066":2,"2067":4,"2068":4,"2069":4,"2070":4,"2071":4,"2072":1,"2073":1,"2074":4,"2075":0,"2076":0,"2077":0,"2078":4,"2079":4,"2080":0,"2081":4,"2082":1,"2083":0,"2084":0,"2085":0,"2086":0,"2087":0,"2088":0,"2089":0,"2090":0,"2091":1,"2092":7,"2093":7,"2094":7,"2095":7,"2096":0,"2097":0,"2098":0,"2099":0,"2100":0,"2101":0,"2102":0,"2103":0,"2104":0,"2105":7,"2106":1,"2107":1,"2108":1,"2109":1,"2110":1,"2111":0,"2112":0,"2113":0,"2114":0,"2115":0,"2116":0,"2117":1,"2118":2,"2119":1,"2120":1,"2121":0,"2122":1,"2123":1,"2124":1,"2125":1,"2126":1,"2127":1,"2128":1,"2129":1,"2130":1,"2131":0,"2132":0,"2133":0,"2134":0,"2135":0,"2136":0,"2137":0,"2138":0,"2139":0,"2140":1,"2141":1,"2142":1,"2143":1,"2144":1,"2145":0,"2146":0,"2147":1,"2148":1,"2149":1,"2150":1,"2151":1,"2152":1,"2153":1,"2154":0,"2155":0,"2156":1,"2157":1,"2158":1,"2159":1,"2160":0,"2161":0,"2162":0,"2163":0,"2164":0,"2165":1,"2166":1,"2167":1,"2168":1,"2169":1,"2170":0,"2171":3,"2172":1,"2173":1,"2174":1,"2175":1,"2176":4,"2177":4,"2178":4,"2179":4,"2180":4,"2181":0,"2182":4,"2183":4,"2184":4,"2185":4,"2186":4,"2187":3,"2188":0,"2189":1,"2190":1,"2191":1,"2192":1,"2193":1,"2194":1,"2195":1,"2196":1,"2197":1,"2198":1,"2199":1,"2200":0,"2201":1,"2202":1,"2203":1,"2204":1,"2205":1,"2206":0,"2207":0,"2208":0,"2209":1,"2210":0,"2211":1,"2212":0,"2213":1,"2214":0,"2215":1,"2216":0,"2217":1,"2218":0,"2219":1,"2220":0,"2221":1,"2222":0,"2223":1,"2224":0,"2225":0,"2226":0,"2227":0,"2228":0,"2229":0,"2230":0,"2231":0,"2232":0,"2233":0,"2234":0,"2235":0,"2236":0,"2237":0,"2238":0,"2239":0,"2240":0,"2241":0,"2242":0,"2243":0,"2244":0,"2245":0,"2246":0,"2247":0,"2248":0,"2249":0,"2250":0,"2251":0,"2252":0,"2253":0,"2254":0,"2255":0,"2256":0,"2257":0,"2258":0,"2259":0,"2260":0,"2261":0,"2262":0,"2263":0,"2264":0,"2265":0,"2266":0,"2267":0,"2268":0,"2269":0,"2270":0,"2271":0,"2272":0,"2273":0,"2274":0,"2275":0,"2276":0,"2277":0,"2278":0,"2279":0,"2280":0,"2281":0,"2282":0,"2283":0,"2284":0,"2285":0,"2286":0,"2287":0,"2288":0,"2289":0,"2290":0,"2291":0,"2292":0,"2293":0,"2294":0,"2295":0,"2296":0,"2297":0,"2298":0,"2299":0,"2300":0,"2301":0,"2302":0,"2303":0,"2304":0,"2305":0,"2306":0,"2307":0,"2308":0,"2309":0,"2310":0,"2311":0,"2312":0,"2313":0,"2314":0,"2315":0,"2316":0,"2317":0,"2318":0,"2319":0,"2320":0,"2321":0,"2322":0,"2323":0,"2324":0,"2325":0,"2326":0,"2327":0,"2328":0,"2329":0,"2330":0,"2331":0,"2332":0,"2333":0,"2334":0,"2335":0,"2336":0,"2337":0,"2338":0,"2339":0,"2340":0,"2341":0,"2342":0,"2343":0,"2344":0,"2345":0,"2346":0,"2347":0,"2348":0,"2349":0,"2350":0,"2351":0,"2352":0,"2353":0,"2354":0,"2355":0,"2356":0,"2357":0,"2358":0,"2359":0,"2360":0,"2361":0,"2362":0,"2363":0,"2364":0,"2365":0,"2366":0,"2367":0,"2368":0,"2369":0,"2370":0,"2371":0,"2372":0,"2373":0,"2374":0,"2375":0,"2376":0,"2377":0,"2378":0,"2379":0,"2380":0,"2381":0,"2382":0,"2383":0,"2384":0,"2385":0,"2386":0,"2387":0,"2388":0,"2389":0,"2390":0,"2391":0,"2392":0,"2393":0,"2394":0,"2395":0,"2396":0,"2397":0,"2398":0,"2399":0,"2400":0,"2401":0,"2402":0,"2403":0,"2404":0,"2405":0,"2406":0,"2407":0,"2408":0,"2409":0,"2410":0,"2411":0,"2412":0,"2413":0,"2414":0,"2415":0,"2416":0,"2417":0,"2418":0,"2419":0,"2420":0,"2421":0,"2422":0,"2423":0,"2424":0,"2425":0,"2426":0,"2427":0,"2428":0,"2429":0,"2430":0,"2431":0,"2432":0,"2433":0,"2434":0,"2435":0,"2436":0,"2437":0,"2438":0,"2439":0,"2440":0,"2441":0,"2442":0,"2443":0,"2444":0,"2445":0,"2446":0,"2447":0,"2448":0,"2449":0,"2450":0,"2451":0,"2452":0,"2453":0,"2454":0,"2455":0,"2456":0,"2457":0,"2458":0,"2459":0,"2460":0,"2461":0,"2462":0,"2463":0,"2464":0,"2465":0,"2466":0,"2467":0,"2468":0,"2469":0,"2470":0,"2471":0,"2472":0,"2473":0,"2474":0,"2475":0,"2476":0,"2477":0,"2478":0,"2479":0,"2480":0,"2481":0,"2482":0,"2483":0,"2484":0,"2485":0,"2486":0,"2487":0,"2488":0,"2489":0,"2490":0,"2491":0,"2492":0,"2493":0,"2494":0,"2495":0,"2496":0,"2497":0,"2498":0,"2499":0,"2500":0,"2501":0,"2502":0,"2503":0,"2504":0,"2505":0,"2506":0,"2507":0,"2508":0,"2509":0,"2510":0,"2511":0,"2512":0,"2513":0,"2514":0,"2515":0,"2516":0,"2517":0,"2518":0,"2519":0,"2520":1,"2521":0,"2522":0,"2523":0,"2524":0,"2525":0,"2526":0,"2527":0,"2528":0,"2529":0,"2530":0,"2531":0,"2532":0,"2533":0,"2534":0,"2535":0,"2536":0,"2537":0,"2538":0,"2539":0,"2540":0,"2541":0,"2542":0,"2543":0,"2544":0,"2545":0,"2546":0,"2547":0,"2548":0,"2549":0,"2550":0,"2551":0,"2552":0,"2553":0,"2554":0,"2555":0,"2556":0,"2557":0,"2558":0,"2559":0,"2560":0,"2561":0,"2562":0,"2563":0,"2564":0,"2565":0,"2566":0,"2567":0,"2568":0,"2569":0,"2570":0,"2571":0,"2572":0,"2573":0,"2574":0,"2575":0,"2576":0,"2577":0,"2578":0,"2579":0,"2580":0,"2581":0,"2582":0,"2583":0,"2584":0,"2585":0,"2586":0,"2587":0,"2588":0,"2589":0,"2590":0,"2591":0,"2592":0,"2593":0,"2594":0,"2595":0,"2596":0,"2597":0,"2598":0,"2599":0,"2600":0,"2601":0,"2602":0,"2603":0,"2604":0,"2605":0,"2606":0,"2607":0,"2608":0,"2609":0,"2610":0,"2611":0,"2612":0,"2613":0,"2614":0,"2615":0,"2616":0,"2617":0,"2618":0,"2619":0,"2620":0,"2621":0,"2622":0,"2623":0,"2624":0,"2625":0,"2626":0,"2627":0,"2628":0,"2629":0,"2630":0,"2631":0,"2632":0,"2633":0,"2634":0,"2635":0,"2636":0,"2637":0,"2638":0,"2639":0,"2640":0,"2641":0,"2642":0,"2643":0,"2644":0,"2645":0,"2646":0,"2647":0,"2648":0,"2649":0,"2650":0,"2651":0,"2652":0,"2653":0,"2654":0,"2655":0,"2656":0,"2657":0,"2658":0,"2659":0,"2660":0,"2661":0,"2662":0,"2663":0,"2664":0,"2665":0,"2666":0,"2667":0,"2668":0,"2669":0,"2670":0,"2671":0,"2672":0,"2673":0,"2674":0,"2675":0,"2676":0,"2677":0,"2678":0,"2679":0,"2680":1,"2681":1,"2682":1,"2683":1,"2684":1,"2685":0,"2686":1,"2687":0},"b":{"1":[1,0],"2":[50,50],"3":[0,18],"4":[0,0],"5":[0,0],"6":[0,0],"7":[0,0],"8":[0,0],"9":[0,0],"10":[271,0],"11":[13,0],"12":[0,0],"13":[0,0],"14":[0,0],"15":[0,0],"16":[0,0],"17":[51,48],"18":[55,7],"19":[44,11],"20":[39,16],"21":[52,44],"22":[359,359],"23":[0,0],"24":[0,0],"25":[0,0],"26":[0,0],"27":[0,0],"28":[0,0],"29":[0,0],"30":[0,0],"31":[6,5],"32":[6,5],"33":[13,32],"34":[33,0],"35":[0,33],"36":[0,0],"37":[0,0],"38":[0,0],"39":[5,3],"40":[5,0],"41":[0,0],"42":[0,0],"43":[0,0],"44":[0,0],"45":[0,0],"46":[1,0],"47":[1,0],"48":[0,0],"49":[0,0],"50":[0,0],"51":[0,0],"52":[0,0],"53":[0,0],"54":[0,0],"55":[0,0],"56":[0,0],"57":[0,0,0],"58":[22,5],"59":[4,18],"60":[22,10],"61":[7,0],"62":[7,7,0],"63":[3,0],"64":[3,3],"65":[0,3],"66":[3,0],"67":[3,13],"68":[16,3],"69":[3,13],"70":[0,1],"71":[0,1],"72":[1,0],"73":[0,0],"74":[0,0],"75":[21,26],"76":[39,8],"77":[18,29],"78":[0,26],"79":[26,0],"80":[0,0],"81":[0,47],"82":[3,44],"83":[17,13],"84":[0,7],"85":[0,0],"86":[0,0],"87":[0,0],"88":[0,0],"89":[0,0],"90":[0,0],"91":[0,0],"92":[0,0],"93":[1,0],"94":[0,0],"95":[0,4],"96":[0,0],"97":[0,0],"98":[0,0],"99":[0,0],"100":[0,0],"101":[0,0],"102":[0,0],"103":[0,0],"104":[0,0],"105":[0,0],"106":[0,0],"107":[0,0],"108":[0,0],"109":[0,0],"110":[0,0],"111":[0,0],"112":[0,0],"113":[0,0],"114":[0,0],"115":[1,0,0,0],"116":[0,6],"117":[3,0],"118":[0,3],"119":[3,0],"120":[3,0],"121":[3,3],"122":[0,0],"123":[0,0],"124":[0,0],"125":[1,4],"126":[1,0],"127":[1,0],"128":[5,0],"129":[5,1,0,1],"130":[0,5],"131":[5,4,4],"132":[0,5],"133":[0,0],"134":[0,0],"135":[4,0],"136":[12,7],"137":[0,0],"138":[0,0],"139":[0,0],"140":[0,0],"141":[0,0],"142":[4,0],"143":[4,4],"144":[2,2],"145":[2,2],"146":[4,0],"147":[1,2],"148":[3,3],"149":[1,2],"150":[1,0],"151":[0,0],"152":[2,0],"153":[0,0],"154":[0,0,0,0],"155":[0,0],"156":[0,0],"157":[1,3],"158":[4,2],"159":[6,6,6],"160":[3,1],"161":[2,2],"162":[4,3],"163":[3,4],"164":[7,5],"165":[2,1],"166":[3,2],"167":[3,2],"168":[2,1],"169":[0,3],"170":[1,4],"171":[1,0],"172":[3,0],"173":[3,0],"174":[0,0],"175":[2,0],"176":[2,0],"177":[3,0],"178":[2,1],"179":[3,3],"180":[0,2],"181":[2,2,2],"182":[3,3],"183":[0,0],"184":[0,0],"185":[0,0],"186":[0,0],"187":[0,0],"188":[0,0],"189":[0,0],"190":[0,0],"191":[0,0],"192":[0,0],"193":[0,0,0,0,0,0],"194":[0,0],"195":[0,0],"196":[3,3],"197":[1,2],"198":[3,0],"199":[3,0],"200":[3,3],"201":[1,2],"202":[2,0],"203":[2,0],"204":[0,2],"205":[0,0],"206":[0,0],"207":[0,0],"208":[0,0],"209":[0,0],"210":[0,0],"211":[0,0],"212":[2,0],"213":[2,0],"214":[2,0],"215":[2,2],"216":[0,2],"217":[2,0],"218":[2,0,0],"219":[0,51],"220":[0,0],"221":[0,0],"222":[7,3],"223":[7,0],"224":[7,7],"225":[7,7],"226":[0,0],"227":[0,0],"228":[0,0],"229":[0,0],"230":[0,0],"231":[0,0],"232":[0,0,0],"233":[0,0],"234":[0,0],"235":[0,0],"236":[0,0],"237":[0,0],"238":[0,0,0],"239":[0,0],"240":[0,0],"241":[0,0],"242":[0,0],"243":[0,0],"244":[0,0],"245":[0,0],"246":[0,0],"247":[0,0],"248":[0,0],"249":[0,0],"250":[0,0],"251":[0,0],"252":[0,0],"253":[0,0],"254":[0,0],"255":[0,0],"256":[0,0],"257":[0,0],"258":[0,0],"259":[0,0],"260":[0,0],"261":[0,0],"262":[0,0],"263":[0,0],"264":[0,0],"265":[0,0],"266":[0,0],"267":[0,0],"268":[0,0],"269":[0,0],"270":[0,0],"271":[0,0],"272":[0,0,0,0],"273":[0,0],"274":[0,0],"275":[0,0],"276":[0,0],"277":[0,0],"278":[0,0],"279":[0,0],"280":[0,0],"281":[2,2],"282":[2,2],"283":[4,3],"284":[0,4],"285":[0,47],"286":[0,3],"287":[3,0],"288":[3,3],"289":[0,0],"290":[0,0],"291":[0,0],"292":[0,0],"293":[0,0],"294":[0,1],"295":[0,0],"296":[27,27],"297":[3,24],"298":[0,24],"299":[24,0],"300":[22,2],"301":[0,22],"302":[0,47],"303":[0,0],"304":[1,46],"305":[1,0],"306":[1,1],"307":[0,3],"308":[3,0],"309":[0,0],"310":[0,0],"311":[0,0],"312":[1,2],"313":[0,1],"314":[1,0,0],"315":[1,0],"316":[1,1,0,1],"317":[1,1],"318":[0,1],"319":[0,0],"320":[0,0],"321":[0,0],"322":[0,0],"323":[0,0],"324":[0,0],"325":[0,0,0,0,0,0],"326":[0,0],"327":[0,0,0],"328":[0,0],"329":[0,0],"330":[0,0,0],"331":[0,0],"332":[0,0],"333":[0,0],"334":[0,0],"335":[0,0],"336":[0,0],"337":[0,0],"338":[3,3],"339":[0,3],"340":[3,0],"341":[3,0],"342":[3,3,3,3],"343":[3,0],"344":[3,0],"345":[3,0],"346":[0,0],"347":[3,3],"348":[3,0],"349":[0,0],"350":[0,0],"351":[0,0],"352":[0,0],"353":[0,0],"354":[0,0],"355":[1,0],"356":[1,1],"357":[0,1],"358":[1,0],"359":[0,0],"360":[0,0],"361":[0,0],"362":[0,0],"363":[0,0],"364":[0,0,0,0],"365":[0,0],"366":[3,0],"367":[0,3],"368":[6,97],"369":[0,6],"370":[0,0],"371":[0,0],"372":[6,0],"373":[0,0],"374":[0,0],"375":[0,0],"376":[0,0],"377":[0,0],"378":[0,0],"379":[0,0],"380":[0,0],"381":[5,0],"382":[0,5],"383":[0,0],"384":[0,0],"385":[0,0],"386":[0,0],"387":[0,0],"388":[0,0],"389":[0,3],"390":[3,3],"391":[0,0],"392":[0,0],"393":[0,0],"394":[0,1],"395":[0,0],"396":[0,0,0],"397":[0,0],"398":[1,1],"399":[0,0],"400":[0,0],"401":[0,0],"402":[0,0],"403":[0,0],"404":[0,0],"405":[0,0],"406":[0,0],"407":[0,0],"408":[0,0],"409":[0,0],"410":[0,0],"411":[0,0,0],"412":[0,0],"413":[0,0],"414":[0,0],"415":[0,0],"416":[0,0],"417":[0,0],"418":[0,0],"419":[0,0],"420":[0,0],"421":[0,0],"422":[0,0],"423":[0,0],"424":[0,0],"425":[0,0],"426":[0,0],"427":[0,0],"428":[0,0],"429":[0,0],"430":[0,0],"431":[0,0],"432":[0,0],"433":[0,0],"434":[0,0],"435":[0,0],"436":[0,0],"437":[0,0],"438":[0,0],"439":[0,0],"440":[0,0],"441":[0,0],"442":[0,0],"443":[0,0],"444":[0,0],"445":[0,0],"446":[0,0],"447":[0,0],"448":[0,0],"449":[0,0],"450":[0,0],"451":[0,0],"452":[0,0],"453":[0,0],"454":[0,0],"455":[0,0],"456":[0,0],"457":[0,0],"458":[0,0],"459":[0,0],"460":[0,0],"461":[3,2],"462":[1,2,1],"463":[1,1],"464":[0,0],"465":[0,0],"466":[1,2],"467":[5,0],"468":[0,0],"469":[0,0],"470":[0,0],"471":[0,0],"472":[0,0],"473":[0,0],"474":[13,12],"475":[5,8],"476":[5,0],"477":[5,0],"478":[36,4],"479":[40,40],"480":[7,2],"481":[9,9,9,7],"482":[0,7],"483":[0,0],"484":[0,0],"485":[0,7],"486":[0,0],"487":[7,0,0,7],"488":[12,0],"489":[12,0],"490":[3,0],"491":[3,0],"492":[3,3],"493":[0,3],"494":[3,0],"495":[3,3],"496":[3,0],"497":[0,3],"498":[0,3],"499":[3,0,0],"500":[0,0],"501":[3,0],"502":[0,0],"503":[0,0,0,0,0,0],"504":[0,3],"505":[3,0],"506":[3,3],"507":[3,0],"508":[0,3],"509":[0,0],"510":[3,3],"511":[4,0],"512":[0,4],"513":[2,0],"514":[0,2],"515":[2,2],"516":[2,0],"517":[0,2],"518":[4,0],"519":[0,0],"520":[0,0],"521":[0,0],"522":[0,0],"523":[2,3],"524":[0,2],"525":[1,2],"526":[1,0],"527":[4,0],"528":[4,4],"529":[0,4],"530":[0,0],"531":[0,0],"532":[0,0],"533":[3,0],"534":[3,0],"535":[0,0],"536":[0,0],"537":[1,3],"538":[1,0],"539":[1,0],"540":[0,1],"541":[1,1],"542":[0,0],"543":[0,0],"544":[0,0],"545":[1,0],"546":[1,0],"547":[0,4],"548":[4,1,4],"549":[0,0],"550":[0,0],"551":[0,0],"552":[0,0],"553":[0,0],"554":[0,0,0],"555":[0,0],"556":[0,0],"557":[0,0],"558":[0,0],"559":[0,0],"560":[0,0],"561":[0,0],"562":[0,0],"563":[0,0],"564":[0,0],"565":[0,0],"566":[0,0],"567":[0,0],"568":[0,0],"569":[0,0],"570":[1,3],"571":[1,3],"572":[0,1],"573":[1,0],"574":[0,1],"575":[1,0],"576":[1,0],"577":[0,1],"578":[1,0],"579":[1,1],"580":[1,0],"581":[1,0],"582":[0,1],"583":[1,0],"584":[1,0],"585":[0,1],"586":[0,0],"587":[1,0],"588":[0,1],"589":[1,0],"590":[0,4],"591":[4,0,0,4],"592":[0,0],"593":[1,3],"594":[4,0],"595":[1,0],"596":[4,1],"597":[2,2],"598":[4,4],"599":[4,0],"600":[0,4],"601":[0,0],"602":[0,4],"603":[4,4],"604":[0,0],"605":[1,3],"606":[0,0],"607":[0,0],"608":[0,0],"609":[0,7],"610":[0,7],"611":[0,0],"612":[0,0],"613":[0,0],"614":[0,0],"615":[1,0],"616":[0,0],"617":[1,0],"618":[0,0],"619":[0,0],"620":[0,0],"621":[0,0],"622":[1,0],"623":[1,0],"624":[0,1],"625":[1,1],"626":[1,0],"627":[0,1],"628":[1,1,1],"629":[0,0],"630":[0,0,0],"631":[1,0],"632":[1,1],"633":[4,0],"634":[4,0],"635":[0,4],"636":[3,1],"637":[1,0],"638":[1,0],"639":[1,0],"640":[0,1],"641":[1,0],"642":[0,0],"643":[0,0],"644":[0,0],"645":[0,0],"646":[0,0],"647":[0,0],"648":[0,0],"649":[0,0],"650":[0,0],"651":[0,0],"652":[0,0],"653":[0,0],"654":[0,0,0],"655":[0,0],"656":[0,0],"657":[0,0],"658":[0,0],"659":[0,0],"660":[0,0],"661":[0,0],"662":[0,0],"663":[0,0],"664":[0,0],"665":[0,0],"666":[0,0],"667":[0,0],"668":[0,0],"669":[0,0],"670":[0,0],"671":[0,0],"672":[0,0],"673":[0,0],"674":[0,0],"675":[0,0],"676":[0,0],"677":[0,0],"678":[0,0],"679":[0,0],"680":[0,0],"681":[0,0],"682":[0,0],"683":[0,0],"684":[0,0],"685":[0,0],"686":[0,0],"687":[0,0],"688":[0,0],"689":[0,0],"690":[0,0],"691":[0,0],"692":[0,0],"693":[0,0],"694":[0,0],"695":[0,0],"696":[0,0],"697":[0,0],"698":[0,0],"699":[0,0],"700":[0,0],"701":[0,0],"702":[0,0],"703":[0,0],"704":[0,0],"705":[0,0],"706":[0,0],"707":[0,0],"708":[0,0],"709":[0,0],"710":[0,0],"711":[0,0],"712":[0,0],"713":[0,0],"714":[0,0,0],"715":[0,0],"716":[0,0],"717":[0,0],"718":[0,0],"719":[0,0],"720":[0,0],"721":[0,0],"722":[0,0],"723":[0,0],"724":[0,0],"725":[0,0],"726":[0,0],"727":[0,0],"728":[0,0],"729":[0,0],"730":[0,0],"731":[0,0],"732":[0,0],"733":[0,0],"734":[0,0],"735":[0,0],"736":[0,0],"737":[0,0],"738":[0,0],"739":[0,0],"740":[0,0],"741":[0,0],"742":[0,0],"743":[0,0],"744":[0,0],"745":[0,0],"746":[0,0],"747":[0,0],"748":[0,0],"749":[0,0],"750":[0,0],"751":[0,0],"752":[0,0],"753":[0,0],"754":[0,0],"755":[0,0],"756":[0,0],"757":[0,0],"758":[0,0],"759":[0,0],"760":[0,0],"761":[0,0],"762":[0,0],"763":[0,0],"764":[0,0],"765":[0,0],"766":[0,0],"767":[0,0],"768":[0,1]},"f":{"1":1,"2":4,"3":50,"4":0,"5":0,"6":18,"7":0,"8":3,"9":0,"10":85,"11":11,"12":0,"13":51,"14":55,"15":359,"16":0,"17":0,"18":6,"19":45,"20":0,"21":33,"22":0,"23":1,"24":5,"25":5,"26":0,"27":0,"28":0,"29":0,"30":0,"31":0,"32":0,"33":25,"34":27,"35":3,"36":3,"37":1,"38":0,"39":1,"40":1,"41":1,"42":47,"43":17,"44":7,"45":0,"46":0,"47":0,"48":1,"49":4,"50":4,"51":0,"52":0,"53":0,"54":0,"55":0,"56":0,"57":0,"58":0,"59":0,"60":0,"61":0,"62":0,"63":1,"64":6,"65":3,"66":1,"67":3,"68":3,"69":0,"70":0,"71":0,"72":5,"73":4,"74":19,"75":0,"76":4,"77":3,"78":0,"79":4,"80":6,"81":7,"82":3,"83":5,"84":3,"85":0,"86":2,"87":3,"88":3,"89":1,"90":5,"91":0,"92":0,"93":0,"94":6,"95":2,"96":0,"97":2,"98":51,"99":0,"100":7,"101":7,"102":0,"103":0,"104":0,"105":4,"106":47,"107":3,"108":0,"109":1,"110":54,"111":3,"112":1,"113":3,"114":3,"115":3,"116":0,"117":3,"118":3,"119":0,"120":0,"121":0,"122":0,"123":0,"124":0,"125":6,"126":1,"127":0,"128":0,"129":6,"130":0,"131":3,"132":0,"133":3,"134":0,"135":5,"136":5,"137":0,"138":0,"139":0,"140":3,"141":3,"142":0,"143":0,"144":1,"145":1,"146":0,"147":0,"148":0,"149":0,"150":0,"151":0,"152":0,"153":0,"154":0,"155":0,"156":0,"157":0,"158":0,"159":0,"160":0,"161":0,"162":0,"163":0,"164":0,"165":0,"166":0,"167":0,"168":0,"169":0,"170":0,"171":0,"172":0,"173":0,"174":0,"175":0,"176":0,"177":0,"178":0,"179":0,"180":0,"181":6,"182":3,"183":11,"184":4,"185":1,"186":0,"187":3,"188":1,"189":3,"190":5,"191":8,"192":0,"193":0,"194":13,"195":4,"196":0,"197":0,"198":0,"199":9,"200":0,"201":0,"202":3,"203":3,"204":3,"205":1,"206":0,"207":0,"208":3,"209":3,"210":0,"211":3,"212":3,"213":6,"214":4,"215":0,"216":0,"217":5,"218":3,"219":3,"220":3,"221":3,"222":3,"223":3,"224":0,"225":0,"226":0,"227":4,"228":0,"229":1,"230":4,"231":0,"232":7,"233":1,"234":0,"235":2,"236":0,"237":1,"238":1,"239":1,"240":0,"241":0,"242":1,"243":1,"244":0,"245":1,"246":1,"247":1,"248":0,"249":3,"250":1,"251":4,"252":0,"253":1,"254":1,"255":1,"256":0,"257":0,"258":0,"259":0,"260":0,"261":0,"262":0,"263":0,"264":0,"265":0,"266":0,"267":0,"268":0,"269":0,"270":0,"271":0,"272":0,"273":0,"274":0,"275":0,"276":0,"277":0,"278":0,"279":0,"280":0,"281":0,"282":0,"283":0,"284":0,"285":0,"286":0,"287":0,"288":0,"289":0,"290":0,"291":0,"292":0,"293":0,"294":0,"295":0,"296":0,"297":0,"298":0,"299":0,"300":0,"301":0,"302":0,"303":0,"304":0,"305":0,"306":0,"307":0,"308":0,"309":0,"310":0,"311":0,"312":0,"313":0,"314":0,"315":0,"316":0,"317":0,"318":0,"319":0,"320":0,"321":0,"322":0,"323":0,"324":0,"325":0,"326":0,"327":0,"328":0,"329":0,"330":0,"331":0,"332":0,"333":0,"334":1,"335":0},"fnMap":{"1":{"name":"(anonymous_1)","line":12,"loc":{"start":{"line":12,"column":19},"end":{"line":12,"column":47}}},"2":{"name":"G_NOOP","line":36,"loc":{"start":{"line":36,"column":4},"end":{"line":36,"column":22}}},"3":{"name":"(anonymous_3)","line":55,"loc":{"start":{"line":55,"column":15},"end":{"line":55,"column":33}}},"4":{"name":"(anonymous_4)","line":60,"loc":{"start":{"line":60,"column":15},"end":{"line":60,"column":28}}},"5":{"name":"(anonymous_5)","line":61,"loc":{"start":{"line":61,"column":20},"end":{"line":61,"column":32}}},"6":{"name":"(anonymous_6)","line":66,"loc":{"start":{"line":66,"column":20},"end":{"line":66,"column":34}}},"7":{"name":"(anonymous_7)","line":67,"loc":{"start":{"line":67,"column":24},"end":{"line":67,"column":40}}},"8":{"name":"(anonymous_8)","line":68,"loc":{"start":{"line":68,"column":16},"end":{"line":68,"column":50}}},"9":{"name":"(anonymous_9)","line":81,"loc":{"start":{"line":81,"column":19},"end":{"line":81,"column":38}}},"10":{"name":"G_Assign","line":95,"loc":{"start":{"line":95,"column":4},"end":{"line":95,"column":25}}},"11":{"name":"(anonymous_11)","line":104,"loc":{"start":{"line":104,"column":17},"end":{"line":104,"column":41}}},"12":{"name":"(anonymous_12)","line":115,"loc":{"start":{"line":115,"column":26},"end":{"line":115,"column":46}}},"13":{"name":"(anonymous_13)","line":132,"loc":{"start":{"line":132,"column":15},"end":{"line":132,"column":28}}},"14":{"name":"(anonymous_14)","line":133,"loc":{"start":{"line":133,"column":18},"end":{"line":133,"column":54}}},"15":{"name":"(anonymous_15)","line":150,"loc":{"start":{"line":150,"column":16},"end":{"line":150,"column":39}}},"16":{"name":"(anonymous_16)","line":151,"loc":{"start":{"line":151,"column":26},"end":{"line":151,"column":56}}},"17":{"name":"(anonymous_17)","line":174,"loc":{"start":{"line":174,"column":26},"end":{"line":174,"column":42}}},"18":{"name":"G_Cache","line":190,"loc":{"start":{"line":190,"column":4},"end":{"line":190,"column":46}}},"19":{"name":"(anonymous_19)","line":206,"loc":{"start":{"line":206,"column":13},"end":{"line":206,"column":28}}},"20":{"name":"(anonymous_20)","line":226,"loc":{"start":{"line":226,"column":14},"end":{"line":226,"column":43}}},"21":{"name":"(anonymous_21)","line":239,"loc":{"start":{"line":239,"column":13},"end":{"line":239,"column":36}}},"22":{"name":"(anonymous_22)","line":270,"loc":{"start":{"line":270,"column":13},"end":{"line":270,"column":26}}},"23":{"name":"(anonymous_23)","line":288,"loc":{"start":{"line":288,"column":13},"end":{"line":288,"column":26}}},"24":{"name":"(anonymous_24)","line":292,"loc":{"start":{"line":292,"column":20},"end":{"line":292,"column":40}}},"25":{"name":"(anonymous_25)","line":293,"loc":{"start":{"line":293,"column":40},"end":{"line":293,"column":53}}},"26":{"name":"G_DOMGlobalProcessor","line":305,"loc":{"start":{"line":305,"column":4},"end":{"line":305,"column":40}}},"27":{"name":"(anonymous_27)","line":316,"loc":{"start":{"line":316,"column":28},"end":{"line":316,"column":79}}},"28":{"name":"(anonymous_28)","line":329,"loc":{"start":{"line":329,"column":24},"end":{"line":329,"column":56}}},"29":{"name":"(anonymous_29)","line":333,"loc":{"start":{"line":333,"column":28},"end":{"line":333,"column":49}}},"30":{"name":"(anonymous_30)","line":340,"loc":{"start":{"line":340,"column":29},"end":{"line":340,"column":64}}},"31":{"name":"(anonymous_31)","line":350,"loc":{"start":{"line":350,"column":29},"end":{"line":350,"column":57}}},"32":{"name":"(anonymous_32)","line":372,"loc":{"start":{"line":372,"column":24},"end":{"line":372,"column":40}}},"33":{"name":"(anonymous_33)","line":379,"loc":{"start":{"line":379,"column":25},"end":{"line":379,"column":55}}},"34":{"name":"(anonymous_34)","line":433,"loc":{"start":{"line":433,"column":21},"end":{"line":433,"column":37}}},"35":{"name":"(anonymous_35)","line":488,"loc":{"start":{"line":488,"column":18},"end":{"line":488,"column":47}}},"36":{"name":"(anonymous_36)","line":502,"loc":{"start":{"line":502,"column":18},"end":{"line":502,"column":39}}},"37":{"name":"(anonymous_37)","line":513,"loc":{"start":{"line":513,"column":22},"end":{"line":513,"column":52}}},"38":{"name":"(anonymous_38)","line":573,"loc":{"start":{"line":573,"column":16},"end":{"line":573,"column":34}}},"39":{"name":"(anonymous_39)","line":596,"loc":{"start":{"line":596,"column":14},"end":{"line":596,"column":29}}},"40":{"name":"(anonymous_40)","line":598,"loc":{"start":{"line":598,"column":37},"end":{"line":598,"column":50}}},"41":{"name":"(anonymous_41)","line":600,"loc":{"start":{"line":600,"column":42},"end":{"line":600,"column":54}}},"42":{"name":"(anonymous_42)","line":861,"loc":{"start":{"line":861,"column":14},"end":{"line":861,"column":57}}},"43":{"name":"(anonymous_43)","line":907,"loc":{"start":{"line":907,"column":12},"end":{"line":907,"column":31}}},"44":{"name":"(anonymous_44)","line":920,"loc":{"start":{"line":920,"column":13},"end":{"line":920,"column":33}}},"45":{"name":"(anonymous_45)","line":945,"loc":{"start":{"line":945,"column":33},"end":{"line":945,"column":58}}},"46":{"name":"(anonymous_46)","line":957,"loc":{"start":{"line":957,"column":23},"end":{"line":957,"column":39}}},"47":{"name":"(anonymous_47)","line":970,"loc":{"start":{"line":970,"column":26},"end":{"line":970,"column":42}}},"48":{"name":"(anonymous_48)","line":987,"loc":{"start":{"line":987,"column":19},"end":{"line":987,"column":31}}},"49":{"name":"(anonymous_49)","line":988,"loc":{"start":{"line":988,"column":33},"end":{"line":988,"column":45}}},"50":{"name":"(anonymous_50)","line":989,"loc":{"start":{"line":989,"column":27},"end":{"line":989,"column":39}}},"51":{"name":"(anonymous_51)","line":1024,"loc":{"start":{"line":1024,"column":13},"end":{"line":1024,"column":28}}},"52":{"name":"(anonymous_52)","line":1033,"loc":{"start":{"line":1033,"column":33},"end":{"line":1033,"column":52}}},"53":{"name":"(anonymous_53)","line":1040,"loc":{"start":{"line":1040,"column":19},"end":{"line":1040,"column":42}}},"54":{"name":"(anonymous_54)","line":1054,"loc":{"start":{"line":1054,"column":13},"end":{"line":1054,"column":29}}},"55":{"name":"(anonymous_55)","line":1068,"loc":{"start":{"line":1068,"column":16},"end":{"line":1068,"column":32}}},"56":{"name":"(anonymous_56)","line":1084,"loc":{"start":{"line":1084,"column":14},"end":{"line":1084,"column":26}}},"57":{"name":"(anonymous_57)","line":1091,"loc":{"start":{"line":1091,"column":15},"end":{"line":1091,"column":31}}},"58":{"name":"(anonymous_58)","line":1094,"loc":{"start":{"line":1094,"column":27},"end":{"line":1094,"column":39}}},"59":{"name":"(anonymous_59)","line":1101,"loc":{"start":{"line":1101,"column":26},"end":{"line":1101,"column":38}}},"60":{"name":"(anonymous_60)","line":1105,"loc":{"start":{"line":1105,"column":41},"end":{"line":1105,"column":53}}},"61":{"name":"(anonymous_61)","line":1112,"loc":{"start":{"line":1112,"column":22},"end":{"line":1112,"column":34}}},"62":{"name":"(anonymous_62)","line":1114,"loc":{"start":{"line":1114,"column":39},"end":{"line":1114,"column":51}}},"63":{"name":"GetParam","line":1141,"loc":{"start":{"line":1141,"column":4},"end":{"line":1141,"column":41}}},"64":{"name":"(anonymous_64)","line":1146,"loc":{"start":{"line":1146,"column":28},"end":{"line":1146,"column":53}}},"65":{"name":"(anonymous_65)","line":1155,"loc":{"start":{"line":1155,"column":24},"end":{"line":1155,"column":78}}},"66":{"name":"(anonymous_66)","line":1162,"loc":{"start":{"line":1162,"column":22},"end":{"line":1162,"column":34}}},"67":{"name":"(anonymous_67)","line":1165,"loc":{"start":{"line":1165,"column":50},"end":{"line":1165,"column":77}}},"68":{"name":"(anonymous_68)","line":1172,"loc":{"start":{"line":1172,"column":26},"end":{"line":1172,"column":38}}},"69":{"name":"(anonymous_69)","line":1180,"loc":{"start":{"line":1180,"column":28},"end":{"line":1180,"column":40}}},"70":{"name":"(anonymous_70)","line":1186,"loc":{"start":{"line":1186,"column":29},"end":{"line":1186,"column":41}}},"71":{"name":"(anonymous_71)","line":1196,"loc":{"start":{"line":1196,"column":52},"end":{"line":1196,"column":74}}},"72":{"name":"(anonymous_72)","line":1212,"loc":{"start":{"line":1212,"column":35},"end":{"line":1212,"column":56}}},"73":{"name":"(anonymous_73)","line":1249,"loc":{"start":{"line":1249,"column":26},"end":{"line":1249,"column":62}}},"74":{"name":"(anonymous_74)","line":1263,"loc":{"start":{"line":1263,"column":26},"end":{"line":1263,"column":41}}},"75":{"name":"(anonymous_75)","line":1289,"loc":{"start":{"line":1289,"column":23},"end":{"line":1289,"column":39}}},"76":{"name":"(anonymous_76)","line":1320,"loc":{"start":{"line":1320,"column":22},"end":{"line":1320,"column":34}}},"77":{"name":"(anonymous_77)","line":1387,"loc":{"start":{"line":1387,"column":12},"end":{"line":1387,"column":51}}},"78":{"name":"(anonymous_78)","line":1432,"loc":{"start":{"line":1432,"column":28},"end":{"line":1432,"column":81}}},"79":{"name":"(anonymous_79)","line":1478,"loc":{"start":{"line":1478,"column":34},"end":{"line":1478,"column":57}}},"80":{"name":"(anonymous_80)","line":1491,"loc":{"start":{"line":1491,"column":31},"end":{"line":1491,"column":49}}},"81":{"name":"(anonymous_81)","line":1506,"loc":{"start":{"line":1506,"column":29},"end":{"line":1506,"column":50}}},"82":{"name":"(anonymous_82)","line":1520,"loc":{"start":{"line":1520,"column":32},"end":{"line":1520,"column":65}}},"83":{"name":"(anonymous_83)","line":1534,"loc":{"start":{"line":1534,"column":22},"end":{"line":1534,"column":43}}},"84":{"name":"(anonymous_84)","line":1549,"loc":{"start":{"line":1549,"column":27},"end":{"line":1549,"column":49}}},"85":{"name":"(anonymous_85)","line":1560,"loc":{"start":{"line":1560,"column":28},"end":{"line":1560,"column":51}}},"86":{"name":"(anonymous_86)","line":1571,"loc":{"start":{"line":1571,"column":30},"end":{"line":1571,"column":57}}},"87":{"name":"Vframe","line":1603,"loc":{"start":{"line":1603,"column":4},"end":{"line":1603,"column":33}}},"88":{"name":"(anonymous_88)","line":1607,"loc":{"start":{"line":1607,"column":23},"end":{"line":1607,"column":35}}},"89":{"name":"(anonymous_89)","line":1634,"loc":{"start":{"line":1634,"column":13},"end":{"line":1634,"column":25}}},"90":{"name":"(anonymous_90)","line":1642,"loc":{"start":{"line":1642,"column":13},"end":{"line":1642,"column":27}}},"91":{"name":"(anonymous_91)","line":1670,"loc":{"start":{"line":1670,"column":19},"end":{"line":1670,"column":72}}},"92":{"name":"(anonymous_92)","line":1689,"loc":{"start":{"line":1689,"column":32},"end":{"line":1689,"column":49}}},"93":{"name":"(anonymous_93)","line":1712,"loc":{"start":{"line":1712,"column":57},"end":{"line":1712,"column":79}}},"94":{"name":"(anonymous_94)","line":1739,"loc":{"start":{"line":1739,"column":21},"end":{"line":1739,"column":49}}},"95":{"name":"(anonymous_95)","line":1788,"loc":{"start":{"line":1788,"column":21},"end":{"line":1788,"column":81}}},"96":{"name":"(anonymous_96)","line":1825,"loc":{"start":{"line":1825,"column":19},"end":{"line":1825,"column":61}}},"97":{"name":"(anonymous_97)","line":1881,"loc":{"start":{"line":1881,"column":23},"end":{"line":1881,"column":61}}},"98":{"name":"(anonymous_98)","line":1911,"loc":{"start":{"line":1911,"column":21},"end":{"line":1911,"column":46}}},"99":{"name":"(anonymous_99)","line":1929,"loc":{"start":{"line":1929,"column":16},"end":{"line":1929,"column":37}}},"100":{"name":"(anonymous_100)","line":1946,"loc":{"start":{"line":1946,"column":18},"end":{"line":1946,"column":32}}},"101":{"name":"(anonymous_101)","line":1963,"loc":{"start":{"line":1963,"column":16},"end":{"line":1963,"column":38}}},"102":{"name":"(anonymous_102)","line":2010,"loc":{"start":{"line":2010,"column":35},"end":{"line":2010,"column":57}}},"103":{"name":"(anonymous_103)","line":2071,"loc":{"start":{"line":2071,"column":30},"end":{"line":2071,"column":60}}},"104":{"name":"(anonymous_104)","line":2172,"loc":{"start":{"line":2172,"column":33},"end":{"line":2172,"column":53}}},"105":{"name":"(anonymous_105)","line":2270,"loc":{"start":{"line":2270,"column":28},"end":{"line":2270,"column":68}}},"106":{"name":"(anonymous_106)","line":2333,"loc":{"start":{"line":2333,"column":26},"end":{"line":2333,"column":43}}},"107":{"name":"(anonymous_107)","line":2342,"loc":{"start":{"line":2342,"column":20},"end":{"line":2342,"column":42}}},"108":{"name":"(anonymous_108)","line":2361,"loc":{"start":{"line":2361,"column":26},"end":{"line":2361,"column":67}}},"109":{"name":"(anonymous_109)","line":2395,"loc":{"start":{"line":2395,"column":24},"end":{"line":2395,"column":52}}},"110":{"name":"(anonymous_110)","line":2410,"loc":{"start":{"line":2410,"column":26},"end":{"line":2410,"column":47}}},"111":{"name":"(anonymous_111)","line":2432,"loc":{"start":{"line":2432,"column":26},"end":{"line":2432,"column":77}}},"112":{"name":"(anonymous_112)","line":2513,"loc":{"start":{"line":2513,"column":20},"end":{"line":2513,"column":82}}},"113":{"name":"(anonymous_113)","line":2631,"loc":{"start":{"line":2631,"column":25},"end":{"line":2631,"column":55}}},"114":{"name":"(anonymous_114)","line":2632,"loc":{"start":{"line":2632,"column":230},"end":{"line":2632,"column":249}}},"115":{"name":"Updater","line":2689,"loc":{"start":{"line":2689,"column":4},"end":{"line":2689,"column":29}}},"116":{"name":"(anonymous_116)","line":2721,"loc":{"start":{"line":2721,"column":13},"end":{"line":2721,"column":36}}},"117":{"name":"(anonymous_117)","line":2758,"loc":{"start":{"line":2758,"column":13},"end":{"line":2758,"column":28}}},"118":{"name":"(anonymous_118)","line":2773,"loc":{"start":{"line":2773,"column":16},"end":{"line":2773,"column":41}}},"119":{"name":"(anonymous_119)","line":2820,"loc":{"start":{"line":2820,"column":18},"end":{"line":2820,"column":30}}},"120":{"name":"(anonymous_120)","line":2847,"loc":{"start":{"line":2847,"column":17},"end":{"line":2847,"column":29}}},"121":{"name":"(anonymous_121)","line":2857,"loc":{"start":{"line":2857,"column":19},"end":{"line":2857,"column":35}}},"122":{"name":"(anonymous_122)","line":2864,"loc":{"start":{"line":2864,"column":15},"end":{"line":2864,"column":33}}},"123":{"name":"(anonymous_123)","line":2869,"loc":{"start":{"line":2869,"column":33},"end":{"line":2869,"column":68}}},"124":{"name":"(anonymous_124)","line":2874,"loc":{"start":{"line":2874,"column":19},"end":{"line":2874,"column":32}}},"125":{"name":"(anonymous_125)","line":2884,"loc":{"start":{"line":2884,"column":35},"end":{"line":2884,"column":57}}},"126":{"name":"(anonymous_126)","line":2894,"loc":{"start":{"line":2894,"column":31},"end":{"line":2894,"column":71}}},"127":{"name":"(anonymous_127)","line":2907,"loc":{"start":{"line":2907,"column":26},"end":{"line":2907,"column":64}}},"128":{"name":"(anonymous_128)","line":2909,"loc":{"start":{"line":2909,"column":36},"end":{"line":2909,"column":48}}},"129":{"name":"(anonymous_129)","line":2923,"loc":{"start":{"line":2923,"column":30},"end":{"line":2923,"column":53}}},"130":{"name":"(anonymous_130)","line":2943,"loc":{"start":{"line":2943,"column":27},"end":{"line":2943,"column":59}}},"131":{"name":"(anonymous_131)","line":2979,"loc":{"start":{"line":2979,"column":23},"end":{"line":2979,"column":40}}},"132":{"name":"(anonymous_132)","line":3041,"loc":{"start":{"line":3041,"column":32},"end":{"line":3041,"column":48}}},"133":{"name":"View","line":3099,"loc":{"start":{"line":3099,"column":4},"end":{"line":3099,"column":38}}},"134":{"name":"(anonymous_134)","line":3145,"loc":{"start":{"line":3145,"column":15},"end":{"line":3145,"column":27}}},"135":{"name":"(anonymous_135)","line":3182,"loc":{"start":{"line":3182,"column":16},"end":{"line":3182,"column":42}}},"136":{"name":"NView","line":3189,"loc":{"start":{"line":3189,"column":12},"end":{"line":3189,"column":39}}},"137":{"name":"(anonymous_137)","line":3231,"loc":{"start":{"line":3231,"column":21},"end":{"line":3231,"column":39}}},"138":{"name":"(anonymous_138)","line":3244,"loc":{"start":{"line":3244,"column":19},"end":{"line":3244,"column":50}}},"139":{"name":"(anonymous_139)","line":3261,"loc":{"start":{"line":3261,"column":41},"end":{"line":3261,"column":53}}},"140":{"name":"(anonymous_140)","line":3284,"loc":{"start":{"line":3284,"column":19},"end":{"line":3284,"column":42}}},"141":{"name":"(anonymous_141)","line":3287,"loc":{"start":{"line":3287,"column":19},"end":{"line":3287,"column":31}}},"142":{"name":"(anonymous_142)","line":3324,"loc":{"start":{"line":3324,"column":25},"end":{"line":3324,"column":58}}},"143":{"name":"(anonymous_143)","line":3343,"loc":{"start":{"line":3343,"column":22},"end":{"line":3343,"column":38}}},"144":{"name":"(anonymous_144)","line":3368,"loc":{"start":{"line":3368,"column":17},"end":{"line":3368,"column":67}}},"145":{"name":"(anonymous_145)","line":3398,"loc":{"start":{"line":3398,"column":17},"end":{"line":3398,"column":41}}},"146":{"name":"(anonymous_146)","line":3417,"loc":{"start":{"line":3417,"column":18},"end":{"line":3417,"column":37}}},"147":{"name":"(anonymous_147)","line":3419,"loc":{"start":{"line":3419,"column":33},"end":{"line":3419,"column":46}}},"148":{"name":"(anonymous_148)","line":3433,"loc":{"start":{"line":3433,"column":36},"end":{"line":3433,"column":48}}},"149":{"name":"(anonymous_149)","line":3436,"loc":{"start":{"line":3436,"column":23},"end":{"line":3436,"column":35}}},"150":{"name":"(anonymous_150)","line":3442,"loc":{"start":{"line":3442,"column":33},"end":{"line":3442,"column":46}}},"151":{"name":"(anonymous_151)","line":3450,"loc":{"start":{"line":3450,"column":29},"end":{"line":3450,"column":41}}},"152":{"name":"Bag","line":3558,"loc":{"start":{"line":3558,"column":4},"end":{"line":3558,"column":19}}},"153":{"name":"(anonymous_153)","line":3583,"loc":{"start":{"line":3583,"column":13},"end":{"line":3583,"column":36}}},"154":{"name":"(anonymous_154)","line":3628,"loc":{"start":{"line":3628,"column":13},"end":{"line":3628,"column":33}}},"155":{"name":"Service_CacheDone","line":3638,"loc":{"start":{"line":3638,"column":4},"end":{"line":3638,"column":51}}},"156":{"name":"(anonymous_156)","line":3645,"loc":{"start":{"line":3645,"column":23},"end":{"line":3645,"column":77}}},"157":{"name":"(anonymous_157)","line":3649,"loc":{"start":{"line":3649,"column":15},"end":{"line":3649,"column":37}}},"158":{"name":"(anonymous_158)","line":3711,"loc":{"start":{"line":3711,"column":23},"end":{"line":3711,"column":62}}},"159":{"name":"Service","line":3786,"loc":{"start":{"line":3786,"column":4},"end":{"line":3786,"column":23}}},"160":{"name":"(anonymous_160)","line":3791,"loc":{"start":{"line":3791,"column":23},"end":{"line":3791,"column":35}}},"161":{"name":"(anonymous_161)","line":3818,"loc":{"start":{"line":3818,"column":13},"end":{"line":3818,"column":36}}},"162":{"name":"(anonymous_162)","line":3830,"loc":{"start":{"line":3830,"column":14},"end":{"line":3830,"column":37}}},"163":{"name":"(anonymous_163)","line":3854,"loc":{"start":{"line":3854,"column":13},"end":{"line":3854,"column":36}}},"164":{"name":"(anonymous_164)","line":3873,"loc":{"start":{"line":3873,"column":17},"end":{"line":3873,"column":37}}},"165":{"name":"(anonymous_165)","line":3907,"loc":{"start":{"line":3907,"column":17},"end":{"line":3907,"column":29}}},"166":{"name":"(anonymous_166)","line":3915,"loc":{"start":{"line":3915,"column":24},"end":{"line":3915,"column":36}}},"167":{"name":"(anonymous_167)","line":3929,"loc":{"start":{"line":3929,"column":17},"end":{"line":3929,"column":31}}},"168":{"name":"(anonymous_168)","line":3973,"loc":{"start":{"line":3973,"column":34},"end":{"line":3973,"column":62}}},"169":{"name":"(anonymous_169)","line":3977,"loc":{"start":{"line":3977,"column":29},"end":{"line":3977,"column":57}}},"170":{"name":"(anonymous_170)","line":3991,"loc":{"start":{"line":3991,"column":13},"end":{"line":3991,"column":30}}},"171":{"name":"(anonymous_171)","line":4011,"loc":{"start":{"line":4011,"column":16},"end":{"line":4011,"column":33}}},"172":{"name":"(anonymous_172)","line":4051,"loc":{"start":{"line":4051,"column":14},"end":{"line":4051,"column":31}}},"173":{"name":"(anonymous_173)","line":4064,"loc":{"start":{"line":4064,"column":13},"end":{"line":4064,"column":41}}},"174":{"name":"(anonymous_174)","line":4099,"loc":{"start":{"line":4099,"column":15},"end":{"line":4099,"column":32}}},"175":{"name":"(anonymous_175)","line":4119,"loc":{"start":{"line":4119,"column":16},"end":{"line":4119,"column":33}}},"176":{"name":"(anonymous_176)","line":4166,"loc":{"start":{"line":4166,"column":21},"end":{"line":4166,"column":60}}},"177":{"name":"NService","line":4167,"loc":{"start":{"line":4167,"column":8},"end":{"line":4167,"column":28}}},"178":{"name":"extend","line":4178,"loc":{"start":{"line":4178,"column":20},"end":{"line":4178,"column":52}}},"179":{"name":"X","line":4181,"loc":{"start":{"line":4181,"column":8},"end":{"line":4181,"column":21}}},"180":{"name":"(anonymous_180)","line":4216,"loc":{"start":{"line":4216,"column":24},"end":{"line":4216,"column":36}}},"181":{"name":"(anonymous_181)","line":4220,"loc":{"start":{"line":4220,"column":86},"end":{"line":4220,"column":99}}},"182":{"name":"(anonymous_182)","line":4221,"loc":{"start":{"line":4221,"column":22},"end":{"line":4221,"column":35}}},"183":{"name":"(anonymous_183)","line":4222,"loc":{"start":{"line":4222,"column":25},"end":{"line":4222,"column":41}}},"184":{"name":"(anonymous_184)","line":4228,"loc":{"start":{"line":4228,"column":18},"end":{"line":4228,"column":40}}},"185":{"name":"(anonymous_185)","line":4238,"loc":{"start":{"line":4238,"column":28},"end":{"line":4238,"column":44}}},"186":{"name":"(anonymous_186)","line":4246,"loc":{"start":{"line":4246,"column":17},"end":{"line":4246,"column":47}}},"187":{"name":"(anonymous_187)","line":4252,"loc":{"start":{"line":4252,"column":21},"end":{"line":4252,"column":41}}},"188":{"name":"(anonymous_188)","line":4253,"loc":{"start":{"line":4253,"column":18},"end":{"line":4253,"column":30}}},"189":{"name":"(anonymous_189)","line":4262,"loc":{"start":{"line":4262,"column":22},"end":{"line":4262,"column":43}}},"190":{"name":"(anonymous_190)","line":4269,"loc":{"start":{"line":4269,"column":23},"end":{"line":4269,"column":38}}},"191":{"name":"(anonymous_191)","line":4275,"loc":{"start":{"line":4275,"column":16},"end":{"line":4275,"column":29}}},"192":{"name":"(anonymous_192)","line":4276,"loc":{"start":{"line":4276,"column":18},"end":{"line":4276,"column":33}}},"193":{"name":"(anonymous_193)","line":4296,"loc":{"start":{"line":4296,"column":13},"end":{"line":4296,"column":28}}},"194":{"name":"Router_Parse","line":4301,"loc":{"start":{"line":4301,"column":23},"end":{"line":4301,"column":51}}},"195":{"name":"(anonymous_195)","line":4337,"loc":{"start":{"line":4337,"column":25},"end":{"line":4337,"column":38}}},"196":{"name":"(anonymous_196)","line":4353,"loc":{"start":{"line":4353,"column":24},"end":{"line":4353,"column":36}}},"197":{"name":"(anonymous_197)","line":4354,"loc":{"start":{"line":4354,"column":20},"end":{"line":4354,"column":32}}},"198":{"name":"(anonymous_198)","line":4355,"loc":{"start":{"line":4355,"column":21},"end":{"line":4355,"column":34}}},"199":{"name":"(anonymous_199)","line":4365,"loc":{"start":{"line":4365,"column":28},"end":{"line":4365,"column":81}}},"200":{"name":"(anonymous_200)","line":4401,"loc":{"start":{"line":4401,"column":25},"end":{"line":4401,"column":37}}},"201":{"name":"(anonymous_201)","line":4408,"loc":{"start":{"line":4408,"column":28},"end":{"line":4408,"column":41}}},"202":{"name":"(anonymous_202)","line":4433,"loc":{"start":{"line":4433,"column":23},"end":{"line":4433,"column":41}}},"203":{"name":"(anonymous_203)","line":4435,"loc":{"start":{"line":4435,"column":25},"end":{"line":4435,"column":38}}},"204":{"name":"(anonymous_204)","line":4436,"loc":{"start":{"line":4436,"column":23},"end":{"line":4436,"column":36}}},"205":{"name":"(anonymous_205)","line":4444,"loc":{"start":{"line":4444,"column":27},"end":{"line":4444,"column":39}}},"206":{"name":"(anonymous_206)","line":4462,"loc":{"start":{"line":4462,"column":12},"end":{"line":4462,"column":24}}},"207":{"name":"(anonymous_207)","line":4469,"loc":{"start":{"line":4469,"column":20},"end":{"line":4469,"column":32}}},"208":{"name":"(anonymous_208)","line":4482,"loc":{"start":{"line":4482,"column":19},"end":{"line":4482,"column":72}}},"209":{"name":"(anonymous_209)","line":4510,"loc":{"start":{"line":4510,"column":32},"end":{"line":4510,"column":49}}},"210":{"name":"(anonymous_210)","line":4541,"loc":{"start":{"line":4541,"column":57},"end":{"line":4541,"column":79}}},"211":{"name":"(anonymous_211)","line":4559,"loc":{"start":{"line":4559,"column":36},"end":{"line":4559,"column":55}}},"212":{"name":"(anonymous_212)","line":4565,"loc":{"start":{"line":4565,"column":32},"end":{"line":4565,"column":44}}},"213":{"name":"(anonymous_213)","line":4586,"loc":{"start":{"line":4586,"column":21},"end":{"line":4586,"column":49}}},"214":{"name":"(anonymous_214)","line":4606,"loc":{"start":{"line":4606,"column":19},"end":{"line":4606,"column":77}}},"215":{"name":"(anonymous_215)","line":4662,"loc":{"start":{"line":4662,"column":28},"end":{"line":4662,"column":52}}},"216":{"name":"(anonymous_216)","line":4669,"loc":{"start":{"line":4669,"column":26},"end":{"line":4669,"column":50}}},"217":{"name":"(anonymous_217)","line":4688,"loc":{"start":{"line":4688,"column":28},"end":{"line":4688,"column":57}}},"218":{"name":"(anonymous_218)","line":4699,"loc":{"start":{"line":4699,"column":25},"end":{"line":4699,"column":49}}},"219":{"name":"(anonymous_219)","line":4734,"loc":{"start":{"line":4734,"column":26},"end":{"line":4734,"column":64}}},"220":{"name":"(anonymous_220)","line":4736,"loc":{"start":{"line":4736,"column":36},"end":{"line":4736,"column":48}}},"221":{"name":"(anonymous_221)","line":4751,"loc":{"start":{"line":4751,"column":19},"end":{"line":4751,"column":35}}},"222":{"name":"(anonymous_222)","line":4769,"loc":{"start":{"line":4769,"column":8},"end":{"line":4769,"column":20}}},"223":{"name":"(anonymous_223)","line":4773,"loc":{"start":{"line":4773,"column":21},"end":{"line":4773,"column":33}}},"224":{"name":"(anonymous_224)","line":4788,"loc":{"start":{"line":4788,"column":17},"end":{"line":4788,"column":30}}},"225":{"name":"(anonymous_225)","line":4792,"loc":{"start":{"line":4792,"column":14},"end":{"line":4792,"column":27}}},"226":{"name":"(anonymous_226)","line":4796,"loc":{"start":{"line":4796,"column":14},"end":{"line":4796,"column":27}}},"227":{"name":"(anonymous_227)","line":4801,"loc":{"start":{"line":4801,"column":30},"end":{"line":4801,"column":60}}},"228":{"name":"(anonymous_228)","line":4829,"loc":{"start":{"line":4829,"column":48},"end":{"line":4829,"column":67}}},"229":{"name":"(anonymous_229)","line":4937,"loc":{"start":{"line":4937,"column":33},"end":{"line":4937,"column":53}}},"230":{"name":"(anonymous_230)","line":5052,"loc":{"start":{"line":5052,"column":28},"end":{"line":5052,"column":79}}},"231":{"name":"(anonymous_231)","line":5069,"loc":{"start":{"line":5069,"column":17},"end":{"line":5069,"column":40}}},"232":{"name":"(anonymous_232)","line":5081,"loc":{"start":{"line":5081,"column":32},"end":{"line":5081,"column":48}}},"233":{"name":"(anonymous_233)","line":5108,"loc":{"start":{"line":5108,"column":28},"end":{"line":5108,"column":46}}},"234":{"name":"(anonymous_234)","line":5111,"loc":{"start":{"line":5111,"column":29},"end":{"line":5111,"column":42}}},"235":{"name":"(anonymous_235)","line":5121,"loc":{"start":{"line":5121,"column":32},"end":{"line":5121,"column":45}}},"236":{"name":"(anonymous_236)","line":5125,"loc":{"start":{"line":5125,"column":29},"end":{"line":5125,"column":41}}},"237":{"name":"(anonymous_237)","line":5130,"loc":{"start":{"line":5130,"column":22},"end":{"line":5130,"column":46}}},"238":{"name":"(anonymous_238)","line":5134,"loc":{"start":{"line":5134,"column":29},"end":{"line":5134,"column":48}}},"239":{"name":"(anonymous_239)","line":5139,"loc":{"start":{"line":5139,"column":11},"end":{"line":5139,"column":25}}},"240":{"name":"(anonymous_240)","line":5143,"loc":{"start":{"line":5143,"column":25},"end":{"line":5143,"column":58}}},"241":{"name":"(anonymous_241)","line":5156,"loc":{"start":{"line":5156,"column":20},"end":{"line":5156,"column":32}}},"242":{"name":"(anonymous_242)","line":5164,"loc":{"start":{"line":5164,"column":22},"end":{"line":5164,"column":34}}},"243":{"name":"(anonymous_243)","line":5172,"loc":{"start":{"line":5172,"column":21},"end":{"line":5172,"column":37}}},"244":{"name":"(anonymous_244)","line":5175,"loc":{"start":{"line":5175,"column":18},"end":{"line":5175,"column":30}}},"245":{"name":"(anonymous_245)","line":5179,"loc":{"start":{"line":5179,"column":16},"end":{"line":5179,"column":59}}},"246":{"name":"(anonymous_246)","line":5212,"loc":{"start":{"line":5212,"column":20},"end":{"line":5212,"column":35}}},"247":{"name":"(anonymous_247)","line":5216,"loc":{"start":{"line":5216,"column":23},"end":{"line":5216,"column":38}}},"248":{"name":"(anonymous_248)","line":5220,"loc":{"start":{"line":5220,"column":24},"end":{"line":5220,"column":37}}},"249":{"name":"(anonymous_249)","line":5223,"loc":{"start":{"line":5223,"column":14},"end":{"line":5223,"column":26}}},"250":{"name":"(anonymous_250)","line":5231,"loc":{"start":{"line":5231,"column":21},"end":{"line":5231,"column":39}}},"251":{"name":"(anonymous_251)","line":5245,"loc":{"start":{"line":5245,"column":19},"end":{"line":5245,"column":50}}},"252":{"name":"(anonymous_252)","line":5262,"loc":{"start":{"line":5262,"column":41},"end":{"line":5262,"column":53}}},"253":{"name":"(anonymous_253)","line":5277,"loc":{"start":{"line":5277,"column":17},"end":{"line":5277,"column":37}}},"254":{"name":"(anonymous_254)","line":5287,"loc":{"start":{"line":5287,"column":21},"end":{"line":5287,"column":37}}},"255":{"name":"(anonymous_255)","line":5301,"loc":{"start":{"line":5301,"column":23},"end":{"line":5301,"column":45}}},"256":{"name":"(anonymous_256)","line":5323,"loc":{"start":{"line":5323,"column":25},"end":{"line":5323,"column":37}}},"257":{"name":"(anonymous_257)","line":5324,"loc":{"start":{"line":5324,"column":25},"end":{"line":5324,"column":37}}},"258":{"name":"(anonymous_258)","line":5325,"loc":{"start":{"line":5325,"column":26},"end":{"line":5325,"column":38}}},"259":{"name":"(anonymous_259)","line":5326,"loc":{"start":{"line":5326,"column":26},"end":{"line":5326,"column":38}}},"260":{"name":"(anonymous_260)","line":5327,"loc":{"start":{"line":5327,"column":23},"end":{"line":5327,"column":35}}},"261":{"name":"(anonymous_261)","line":5328,"loc":{"start":{"line":5328,"column":24},"end":{"line":5328,"column":36}}},"262":{"name":"(anonymous_262)","line":5329,"loc":{"start":{"line":5329,"column":24},"end":{"line":5329,"column":36}}},"263":{"name":"(anonymous_263)","line":5337,"loc":{"start":{"line":5337,"column":32},"end":{"line":5337,"column":59}}},"264":{"name":"(anonymous_264)","line":5378,"loc":{"start":{"line":5378,"column":23},"end":{"line":5378,"column":45}}},"265":{"name":"(anonymous_265)","line":5394,"loc":{"start":{"line":5394,"column":23},"end":{"line":5394,"column":49}}},"266":{"name":"(anonymous_266)","line":5395,"loc":{"start":{"line":5395,"column":19},"end":{"line":5395,"column":31}}},"267":{"name":"(anonymous_267)","line":5399,"loc":{"start":{"line":5399,"column":24},"end":{"line":5399,"column":40}}},"268":{"name":"(anonymous_268)","line":5421,"loc":{"start":{"line":5421,"column":20},"end":{"line":5421,"column":42}}},"269":{"name":"(anonymous_269)","line":5434,"loc":{"start":{"line":5434,"column":30},"end":{"line":5434,"column":42}}},"270":{"name":"(anonymous_270)","line":5444,"loc":{"start":{"line":5444,"column":23},"end":{"line":5444,"column":39}}},"271":{"name":"(anonymous_271)","line":5464,"loc":{"start":{"line":5464,"column":18},"end":{"line":5464,"column":54}}},"272":{"name":"(anonymous_272)","line":5467,"loc":{"start":{"line":5467,"column":28},"end":{"line":5467,"column":47}}},"273":{"name":"(anonymous_273)","line":5492,"loc":{"start":{"line":5492,"column":29},"end":{"line":5492,"column":62}}},"274":{"name":"(anonymous_274)","line":5561,"loc":{"start":{"line":5561,"column":46},"end":{"line":5561,"column":58}}},"275":{"name":"(anonymous_275)","line":5640,"loc":{"start":{"line":5640,"column":22},"end":{"line":5640,"column":46}}},"276":{"name":"(anonymous_276)","line":5649,"loc":{"start":{"line":5649,"column":21},"end":{"line":5649,"column":45}}},"277":{"name":"(anonymous_277)","line":5658,"loc":{"start":{"line":5658,"column":24},"end":{"line":5658,"column":48}}},"278":{"name":"(anonymous_278)","line":5668,"loc":{"start":{"line":5668,"column":23},"end":{"line":5668,"column":47}}},"279":{"name":"(anonymous_279)","line":5678,"loc":{"start":{"line":5678,"column":21},"end":{"line":5678,"column":49}}},"280":{"name":"(anonymous_280)","line":5688,"loc":{"start":{"line":5688,"column":22},"end":{"line":5688,"column":50}}},"281":{"name":"(anonymous_281)","line":5696,"loc":{"start":{"line":5696,"column":19},"end":{"line":5696,"column":31}}},"282":{"name":"(anonymous_282)","line":5725,"loc":{"start":{"line":5725,"column":18},"end":{"line":5725,"column":32}}},"283":{"name":"(anonymous_283)","line":5740,"loc":{"start":{"line":5740,"column":20},"end":{"line":5740,"column":39}}},"284":{"name":"(anonymous_284)","line":5755,"loc":{"start":{"line":5755,"column":21},"end":{"line":5755,"column":33}}},"285":{"name":"(anonymous_285)","line":5777,"loc":{"start":{"line":5777,"column":28},"end":{"line":5777,"column":46}}},"286":{"name":"(anonymous_286)","line":5815,"loc":{"start":{"line":5815,"column":29},"end":{"line":5815,"column":48}}},"287":{"name":"(anonymous_287)","line":5909,"loc":{"start":{"line":5909,"column":25},"end":{"line":5909,"column":47}}},"288":{"name":"(anonymous_288)","line":5945,"loc":{"start":{"line":5945,"column":26},"end":{"line":5945,"column":48}}},"289":{"name":"(anonymous_289)","line":5967,"loc":{"start":{"line":5967,"column":22},"end":{"line":5967,"column":55}}},"290":{"name":"(anonymous_290)","line":5990,"loc":{"start":{"line":5990,"column":21},"end":{"line":5990,"column":45}}},"291":{"name":"(anonymous_291)","line":5999,"loc":{"start":{"line":5999,"column":22},"end":{"line":5999,"column":46}}},"292":{"name":"(anonymous_292)","line":6008,"loc":{"start":{"line":6008,"column":23},"end":{"line":6008,"column":47}}},"293":{"name":"(anonymous_293)","line":6018,"loc":{"start":{"line":6018,"column":24},"end":{"line":6018,"column":48}}},"294":{"name":"(anonymous_294)","line":6028,"loc":{"start":{"line":6028,"column":21},"end":{"line":6028,"column":49}}},"295":{"name":"(anonymous_295)","line":6038,"loc":{"start":{"line":6038,"column":22},"end":{"line":6038,"column":50}}},"296":{"name":"(anonymous_296)","line":6046,"loc":{"start":{"line":6046,"column":29},"end":{"line":6046,"column":44}}},"297":{"name":"(anonymous_297)","line":6055,"loc":{"start":{"line":6055,"column":30},"end":{"line":6055,"column":46}}},"298":{"name":"(anonymous_298)","line":6077,"loc":{"start":{"line":6077,"column":25},"end":{"line":6077,"column":41}}},"299":{"name":"(anonymous_299)","line":6092,"loc":{"start":{"line":6092,"column":26},"end":{"line":6092,"column":52}}},"300":{"name":"(anonymous_300)","line":6100,"loc":{"start":{"line":6100,"column":25},"end":{"line":6100,"column":51}}},"301":{"name":"(anonymous_301)","line":6108,"loc":{"start":{"line":6108,"column":28},"end":{"line":6108,"column":54}}},"302":{"name":"(anonymous_302)","line":6116,"loc":{"start":{"line":6116,"column":27},"end":{"line":6116,"column":53}}},"303":{"name":"(anonymous_303)","line":6124,"loc":{"start":{"line":6124,"column":24},"end":{"line":6124,"column":46}}},"304":{"name":"(anonymous_304)","line":6132,"loc":{"start":{"line":6132,"column":23},"end":{"line":6132,"column":45}}},"305":{"name":"(anonymous_305)","line":6140,"loc":{"start":{"line":6140,"column":28},"end":{"line":6140,"column":50}}},"306":{"name":"(anonymous_306)","line":6189,"loc":{"start":{"line":6189,"column":29},"end":{"line":6189,"column":49}}},"307":{"name":"(anonymous_307)","line":6190,"loc":{"start":{"line":6190,"column":21},"end":{"line":6190,"column":44}}},"308":{"name":"(anonymous_308)","line":6191,"loc":{"start":{"line":6191,"column":28},"end":{"line":6191,"column":40}}},"309":{"name":"(anonymous_309)","line":6213,"loc":{"start":{"line":6213,"column":28},"end":{"line":6213,"column":65}}},"310":{"name":"(anonymous_310)","line":6226,"loc":{"start":{"line":6226,"column":20},"end":{"line":6226,"column":35}}},"311":{"name":"(anonymous_311)","line":6277,"loc":{"start":{"line":6277,"column":19},"end":{"line":6277,"column":32}}},"312":{"name":"(anonymous_312)","line":6307,"loc":{"start":{"line":6307,"column":27},"end":{"line":6307,"column":39}}},"313":{"name":"(anonymous_313)","line":6314,"loc":{"start":{"line":6314,"column":26},"end":{"line":6314,"column":38}}},"314":{"name":"(anonymous_314)","line":6322,"loc":{"start":{"line":6322,"column":23},"end":{"line":6322,"column":39}}},"315":{"name":"(anonymous_315)","line":6354,"loc":{"start":{"line":6354,"column":28},"end":{"line":6354,"column":50}}},"316":{"name":"(anonymous_316)","line":6362,"loc":{"start":{"line":6362,"column":29},"end":{"line":6362,"column":51}}},"317":{"name":"(anonymous_317)","line":6374,"loc":{"start":{"line":6374,"column":23},"end":{"line":6374,"column":66}}},"318":{"name":"(anonymous_318)","line":6406,"loc":{"start":{"line":6406,"column":27},"end":{"line":6406,"column":49}}},"319":{"name":"(anonymous_319)","line":6415,"loc":{"start":{"line":6415,"column":26},"end":{"line":6415,"column":48}}},"320":{"name":"(anonymous_320)","line":6440,"loc":{"start":{"line":6440,"column":19},"end":{"line":6440,"column":31}}},"321":{"name":"(anonymous_321)","line":6464,"loc":{"start":{"line":6464,"column":17},"end":{"line":6464,"column":32}}},"322":{"name":"(anonymous_322)","line":6491,"loc":{"start":{"line":6491,"column":17},"end":{"line":6491,"column":33}}},"323":{"name":"(anonymous_323)","line":6505,"loc":{"start":{"line":6505,"column":17},"end":{"line":6505,"column":50}}},"324":{"name":"(anonymous_324)","line":6536,"loc":{"start":{"line":6536,"column":21},"end":{"line":6536,"column":50}}},"325":{"name":"(anonymous_325)","line":6538,"loc":{"start":{"line":6538,"column":31},"end":{"line":6538,"column":43}}},"326":{"name":"(anonymous_326)","line":6544,"loc":{"start":{"line":6544,"column":27},"end":{"line":6544,"column":48}}},"327":{"name":"(anonymous_327)","line":6569,"loc":{"start":{"line":6569,"column":31},"end":{"line":6569,"column":47}}},"328":{"name":"(anonymous_328)","line":6572,"loc":{"start":{"line":6572,"column":29},"end":{"line":6572,"column":44}}},"329":{"name":"(anonymous_329)","line":6580,"loc":{"start":{"line":6580,"column":19},"end":{"line":6580,"column":31}}},"330":{"name":"(anonymous_330)","line":6592,"loc":{"start":{"line":6592,"column":23},"end":{"line":6592,"column":35}}},"331":{"name":"(anonymous_331)","line":6625,"loc":{"start":{"line":6625,"column":33},"end":{"line":6625,"column":45}}},"332":{"name":"(anonymous_332)","line":6636,"loc":{"start":{"line":6636,"column":28},"end":{"line":6636,"column":40}}},"333":{"name":"(anonymous_333)","line":6640,"loc":{"start":{"line":6640,"column":43},"end":{"line":6640,"column":55}}},"334":{"name":"(anonymous_334)","line":6654,"loc":{"start":{"line":6654,"column":1},"end":{"line":6654,"column":19}}},"335":{"name":"(anonymous_335)","line":6664,"loc":{"start":{"line":6664,"column":25},"end":{"line":6664,"column":45}}}},"statementMap":{"1":{"start":{"line":12,"column":0},"end":{"line":6653,"column":3}},"2":{"start":{"line":13,"column":4},"end":{"line":14,"column":28}},"3":{"start":{"line":14,"column":8},"end":{"line":14,"column":28}},"4":{"start":{"line":15,"column":4},"end":{"line":15,"column":18}},"5":{"start":{"line":16,"column":4},"end":{"line":16,"column":32}},"6":{"start":{"line":17,"column":4},"end":{"line":17,"column":30}},"7":{"start":{"line":18,"column":4},"end":{"line":18,"column":22}},"8":{"start":{"line":19,"column":4},"end":{"line":19,"column":21}},"9":{"start":{"line":20,"column":4},"end":{"line":20,"column":27}},"10":{"start":{"line":21,"column":4},"end":{"line":21,"column":22}},"11":{"start":{"line":22,"column":4},"end":{"line":22,"column":22}},"12":{"start":{"line":23,"column":4},"end":{"line":23,"column":26}},"13":{"start":{"line":24,"column":4},"end":{"line":24,"column":37}},"14":{"start":{"line":25,"column":4},"end":{"line":25,"column":30}},"15":{"start":{"line":26,"column":4},"end":{"line":26,"column":30}},"16":{"start":{"line":27,"column":4},"end":{"line":27,"column":38}},"17":{"start":{"line":28,"column":4},"end":{"line":28,"column":30}},"18":{"start":{"line":29,"column":4},"end":{"line":29,"column":28}},"19":{"start":{"line":30,"column":4},"end":{"line":30,"column":37}},"20":{"start":{"line":31,"column":4},"end":{"line":31,"column":26}},"21":{"start":{"line":32,"column":4},"end":{"line":32,"column":26}},"22":{"start":{"line":33,"column":4},"end":{"line":33,"column":31}},"23":{"start":{"line":34,"column":4},"end":{"line":34,"column":31}},"24":{"start":{"line":35,"column":4},"end":{"line":35,"column":24}},"25":{"start":{"line":36,"column":4},"end":{"line":36,"column":25}},"26":{"start":{"line":37,"column":4},"end":{"line":37,"column":39}},"27":{"start":{"line":38,"column":4},"end":{"line":38,"column":18}},"28":{"start":{"line":43,"column":4},"end":{"line":43,"column":27}},"29":{"start":{"line":44,"column":4},"end":{"line":44,"column":35}},"30":{"start":{"line":45,"column":4},"end":{"line":45,"column":34}},"31":{"start":{"line":46,"column":4},"end":{"line":46,"column":28}},"32":{"start":{"line":47,"column":4},"end":{"line":47,"column":24}},"33":{"start":{"line":48,"column":4},"end":{"line":48,"column":30}},"34":{"start":{"line":52,"column":4},"end":{"line":52,"column":44}},"35":{"start":{"line":53,"column":4},"end":{"line":53,"column":53}},"36":{"start":{"line":54,"column":4},"end":{"line":54,"column":35}},"37":{"start":{"line":55,"column":4},"end":{"line":55,"column":77}},"38":{"start":{"line":55,"column":35},"end":{"line":55,"column":74}},"39":{"start":{"line":56,"column":4},"end":{"line":56,"column":30}},"40":{"start":{"line":57,"column":4},"end":{"line":65,"column":6}},"41":{"start":{"line":61,"column":12},"end":{"line":63,"column":15}},"42":{"start":{"line":62,"column":16},"end":{"line":62,"column":24}},"43":{"start":{"line":66,"column":4},"end":{"line":66,"column":112}},"44":{"start":{"line":66,"column":36},"end":{"line":66,"column":109}},"45":{"start":{"line":67,"column":4},"end":{"line":67,"column":92}},"46":{"start":{"line":67,"column":42},"end":{"line":67,"column":89}},"47":{"start":{"line":68,"column":4},"end":{"line":80,"column":6}},"48":{"start":{"line":69,"column":8},"end":{"line":69,"column":37}},"49":{"start":{"line":70,"column":8},"end":{"line":78,"column":9}},"50":{"start":{"line":71,"column":12},"end":{"line":71,"column":29}},"51":{"start":{"line":72,"column":12},"end":{"line":72,"column":29}},"52":{"start":{"line":73,"column":12},"end":{"line":76,"column":13}},"53":{"start":{"line":74,"column":16},"end":{"line":74,"column":28}},"54":{"start":{"line":75,"column":16},"end":{"line":75,"column":28}},"55":{"start":{"line":77,"column":12},"end":{"line":77,"column":29}},"56":{"start":{"line":79,"column":8},"end":{"line":79,"column":23}},"57":{"start":{"line":81,"column":4},"end":{"line":94,"column":6}},"58":{"start":{"line":82,"column":8},"end":{"line":82,"column":25}},"59":{"start":{"line":83,"column":8},"end":{"line":83,"column":25}},"60":{"start":{"line":84,"column":8},"end":{"line":92,"column":9}},"61":{"start":{"line":85,"column":12},"end":{"line":85,"column":23}},"62":{"start":{"line":86,"column":12},"end":{"line":91,"column":13}},"63":{"start":{"line":87,"column":16},"end":{"line":90,"column":34}},"64":{"start":{"line":88,"column":20},"end":{"line":88,"column":66}},"65":{"start":{"line":93,"column":8},"end":{"line":93,"column":17}},"66":{"start":{"line":95,"column":4},"end":{"line":103,"column":5}},"67":{"start":{"line":96,"column":8},"end":{"line":101,"column":9}},"68":{"start":{"line":97,"column":12},"end":{"line":97,"column":29}},"69":{"start":{"line":98,"column":12},"end":{"line":100,"column":32}},"70":{"start":{"line":99,"column":16},"end":{"line":100,"column":32}},"71":{"start":{"line":100,"column":20},"end":{"line":100,"column":32}},"72":{"start":{"line":102,"column":8},"end":{"line":102,"column":17}},"73":{"start":{"line":104,"column":4},"end":{"line":112,"column":6}},"74":{"start":{"line":105,"column":8},"end":{"line":105,"column":18}},"75":{"start":{"line":106,"column":8},"end":{"line":110,"column":9}},"76":{"start":{"line":107,"column":12},"end":{"line":109,"column":13}},"77":{"start":{"line":108,"column":16},"end":{"line":108,"column":29}},"78":{"start":{"line":111,"column":8},"end":{"line":111,"column":20}},"79":{"start":{"line":113,"column":4},
[...]
0,"1190":3,"1191":3,"1192":3,"1196":1,"1197":0,"1198":0,"1199":0,"1200":0,"1202":0,"1203":0,"1204":0,"1207":1,"1209":1,"1210":1,"1211":1,"1212":1,"1213":5,"1214":1,"1215":1,"1216":1,"1217":1,"1222":1,"1227":5,"1228":5,"1229":5,"1230":0,"1235":5,"1237":5,"1238":5,"1239":5,"1240":0,"1241":0,"1242":0,"1245":0,"1249":1,"1250":4,"1251":4,"1252":4,"1253":4,"1254":4,"1255":4,"1256":4,"1262":4,"1263":4,"1264":19,"1265":19,"1266":12,"1270":12,"1273":4,"1274":11,"1275":11,"1277":4,"1278":4,"1279":4,"1280":4,"1281":4,"1282":4,"1287":4,"1289":1,"1290":0,"1291":0,"1292":0,"1293":0,"1294":0,"1295":0,"1296":0,"1297":0,"1298":0,"1299":0,"1301":0,"1310":0,"1311":0,"1312":0,"1315":0,"1316":0,"1318":0,"1320":1,"1321":4,"1322":4,"1323":4,"1324":4,"1325":4,"1326":2,"1328":4,"1330":4,"1331":4,"1332":4,"1334":4,"1348":1,"1388":3,"1389":1,"1390":1,"1392":3,"1393":3,"1394":3,"1395":3,"1396":3,"1397":3,"1398":3,"1399":3,"1401":1,"1402":1,"1403":0,"1404":0,"1408":2,"1409":2,"1410":2,"1412":3,"1425":1,"1426":1,"1432":1,"1433":0,"1436":0,"1462":0,"1463":0,"1465":0,"1466":0,"1467":0,"1468":0,"1478":1,"1479":4,"1480":4,"1481":1,"1484":3,"1485":3,"1488":1,"1489":1,"1490":1,"1491":1,"1492":6,"1493":4,"1494":3,"1495":3,"1496":3,"1498":4,"1499":4,"1500":2,"1501":2,"1502":2,"1506":1,"1507":7,"1508":3,"1509":3,"1510":3,"1511":3,"1513":3,"1514":2,"1515":2,"1516":2,"1520":1,"1521":3,"1522":3,"1523":3,"1524":3,"1525":0,"1527":3,"1534":1,"1535":5,"1539":1,"1540":1,"1541":1,"1542":1,"1543":1,"1545":1,"1547":5,"1549":1,"1550":3,"1551":3,"1552":3,"1555":3,"1556":3,"1557":3,"1560":1,"1561":0,"1562":0,"1563":0,"1564":0,"1565":0,"1567":0,"1570":1,"1571":1,"1572":2,"1573":2,"1574":2,"1575":2,"1579":2,"1580":2,"1581":2,"1582":2,"1583":2,"1603":1,"1604":3,"1605":3,"1606":3,"1607":3,"1608":3,"1609":2,"1610":2,"1611":0,"1617":3,"1618":3,"1619":3,"1620":3,"1621":3,"1622":3,"1623":3,"1624":3,"1626":1,"1635":1,"1643":5,"1661":1,"1671":0,"1672":0,"1673":0,"1674":0,"1675":0,"1676":0,"1678":0,"1679":0,"1680":0,"1681":0,"1682":0,"1683":0,"1684":0,"1685":0,"1686":0,"1687":0,"1688":0,"1689":0,"1690":0,"1691":0,"1692":0,"1694":0,"1695":0,"1696":0,"1697":0,"1698":0,"1707":0,"1708":0,"1709":0,"1712":0,"1713":0,"1717":0,"1721":0,"1722":0,"1723":0,"1724":0,"1725":0,"1726":0,"1727":0,"1728":0,"1729":0,"1740":6,"1741":6,"1742":6,"1743":6,"1744":3,"1745":1,"1746":1,"1750":3,"1751":3,"1752":3,"1753":3,"1754":3,"1755":3,"1756":3,"1757":3,"1758":3,"1759":3,"1760":3,"1761":3,"1763":3,"1764":3,"1765":3,"1766":3,"1768":3,"1769":1,"1771":6,"1789":2,"1790":2,"1794":2,"1795":2,"1796":2,"1797":2,"1798":2,"1800":2,"1802":2,"1803":2,"1804":0,"1807":2,"1811":2,"1812":2,"1826":0,"1827":0,"1828":0,"1829":0,"1830":0,"1845":0,"1847":0,"1848":0,"1849":0,"1850":0,"1851":0,"1852":0,"1855":0,"1856":0,"1857":0,"1858":0,"1860":0,"1861":0,"1862":0,"1865":0,"1869":0,"1872":0,"1873":0,"1874":0,"1882":2,"1883":2,"1885":2,"1886":2,"1887":2,"1888":2,"1889":2,"1890":2,"1891":2,"1892":2,"1893":2,"1895":2,"1897":2,"1898":2,"1899":2,"1900":2,"1901":2,"1902":2,"1903":0,"1912":51,"1913":51,"1914":51,"1915":2,"1916":2,"1919":51,"1920":0,"1930":0,"1931":0,"1932":0,"1933":0,"1935":0,"1947":7,"1948":7,"1964":7,"1965":7,"1966":7,"1967":7,"1970":0,"1971":0,"1972":0,"1974":0,"1979":0,"1980":0,"1982":7,"1997":1,"2010":1,"2011":0,"2012":0,"2013":0,"2014":0,"2015":0,"2017":0,"2064":1,"2065":1,"2066":1,"2067":1,"2068":1,"2069":1,"2070":1,"2071":1,"2072":0,"2073":0,"2074":0,"2075":0,"2076":0,"2077":0,"2082":0,"2084":0,"2087":0,"2088":0,"2090":0,"2091":0,"2093":0,"2094":0,"2095":0,"2096":0,"2099":0,"2100":0,"2102":0,"2104":0,"2105":0,"2106":0,"2107":0,"2109":0,"2110":0,"2111":0,"2114":0,"2115":0,"2116":0,"2130":0,"2132":0,"2133":0,"2134":0,"2135":0,"2136":0,"2137":0,"2138":0,"2143":0,"2147":0,"2149":0,"2152":0,"2153":0,"2157":0,"2158":0,"2159":0,"2160":0,"2162":0,"2167":0,"2168":0,"2170":0,"2172":1,"2173":0,"2174":0,"2175":0,"2176":0,"2177":0,"2178":0,"2179":0,"2180":0,"2181":0,"2182":0,"2183":0,"2184":0,"2185":0,"2186":0,"2188":0,"2189":0,"2190":0,"2192":0,"2194":0,"2195":0,"2196":0,"2197":0,"2198":0,"2199":0,"2200":0,"2201":0,"2202":0,"2203":0,"2209":0,"2210":0,"2211":0,"2212":0,"2215":0,"2221":0,"2223":0,"2224":0,"2225":0,"2231":0,"2235":0,"2236":0,"2238":0,"2241":0,"2242":0,"2243":0,"2244":0,"2247":0,"2249":0,"2250":0,"2251":0,"2252":0,"2253":0,"2254":0,"2255":0,"2257":0,"2258":0,"2259":0,"2260":0,"2262":0,"2265":0,"2270":1,"2271":4,"2272":4,"2273":4,"2274":2,"2276":4,"2277":4,"2278":0,"2308":1,"2309":1,"2324":1,"2326":1,"2327":1,"2328":1,"2329":1,"2330":1,"2331":1,"2332":1,"2333":1,"2334":47,"2335":47,"2336":0,"2339":47,"2342":1,"2343":3,"2345":3,"2346":3,"2347":3,"2349":3,"2350":3,"2351":0,"2353":3,"2356":1,"2361":1,"2362":0,"2363":0,"2364":0,"2365":0,"2366":0,"2367":0,"2368":0,"2369":0,"2370":0,"2374":0,"2375":0,"2380":0,"2381":0,"2382":0,"2383":0,"2384":0,"2385":0,"2386":0,"2389":0,"2390":0,"2395":1,"2396":1,"2397":1,"2398":1,"2399":1,"2400":0,"2401":0,"2402":0,"2403":0,"2404":0,"2408":1,"2410":1,"2411":54,"2412":27,"2413":3,"2416":24,"2417":24,"2418":24,"2420":24,"2421":22,"2422":22,"2423":0,"2426":24,"2427":24,"2430":54,"2432":1,"2433":3,"2434":3,"2435":3,"2437":3,"2438":47,"2439":47,"2440":47,"2441":0,"2442":0,"2444":47,"2445":47,"2446":1,"2447":1,"2448":1,"2450":1,"2453":3,"2454":2,"2455":2,"2456":1,"2458":2,"2460":3,"2461":3,"2462":3,"2463":3,"2464":3,"2465":3,"2466":3,"2467":3,"2468":3,"2469":3,"2470":0,"2471":0,"2472":0,"2473":0,"2476":0,"2480":0,"2482":0,"2484":3,"2485":1,"2486":1,"2487":1,"2488":0,"2489":0,"2491":0,"2494":1,"2496":1,"2501":2,"2502":2,"2506":3,"2507":46,"2508":46,"2509":46,"2510":46,"2513":1,"2527":1,"2530":1,"2532":0,"2533":0,"2534":0,"2536":0,"2539":0,"2540":0,"2541":0,"2543":0,"2547":0,"2548":0,"2549":0,"2550":0,"2551":0,"2552":0,"2553":0,"2554":0,"2555":0,"2556":0,"2557":0,"2561":0,"2562":0,"2563":0,"2564":0,"2566":0,"2567":0,"2569":0,"2570":0,"2579":0,"2584":0,"2585":0,"2589":0,"2592":0,"2593":0,"2597":0,"2601":0,"2602":0,"2604":0,"2605":0,"2606":0,"2608":0,"2610":0,"2613":0,"2615":0,"2618":0,"2619":0,"2620":0,"2625":1,"2626":1,"2627":1,"2631":1,"2632":3,"2633":3,"2634":0,"2637":3,"2638":3,"2639":3,"2640":3,"2642":3,"2645":3,"2646":3,"2647":3,"2648":3,"2652":3,"2653":3,"2654":3,"2655":3,"2656":3,"2657":3,"2658":0,"2659":0,"2661":3,"2662":0,"2663":0,"2665":3,"2666":3,"2668":3,"2669":3,"2673":3,"2674":3,"2677":0,"2689":1,"2690":3,"2691":3,"2692":3,"2693":3,"2694":3,"2699":3,"2700":3,"2702":1,"2722":0,"2723":0,"2724":0,"2726":0,"2759":3,"2760":3,"2761":3,"2774":3,"2790":3,"2791":3,"2792":3,"2794":0,"2795":0,"2821":0,"2822":0,"2823":0,"2848":0,"2849":0,"2850":0,"2858":0,"2865":0,"2868":1,"2869":1,"2870":0,"2871":0,"2874":0,"2875":0,"2877":0,"2878":0,"2880":0,"2881":0,"2884":1,"2885":6,"2887":6,"2888":0,"2889":0,"2890":0,"2894":1,"2895":1,"2896":1,"2898":1,"2899":1,"2900":1,"2901":0,"2903":1,"2905":1,"2907":1,"2908":0,"2909":0,"2910":0,"2911":0,"2912":0,"2914":0,"2915":0,"2916":0,"2917":0,"2918":0,"2919":0,"2923":1,"2924":6,"2925":6,"2926":4,"2928":6,"2929":0,"2930":0,"2938":1,"2939":1,"2943":1,"2944":0,"2945":0,"2946":0,"2947":0,"2948":0,"2949":0,"2950":0,"2951":0,"2952":0,"2954":0,"2955":0,"2956":0,"2959":0,"2962":0,"2963":0,"2965":0,"2968":0,"2969":0,"2970":0,"2979":1,"2980":3,"2981":3,"2982":3,"2983":3,"2984":3,"2985":0,"2987":3,"2988":103,"2989":103,"2990":103,"2991":6,"2992":6,"2993":6,"2994":6,"2995":6,"2996":6,"2997":6,"2998":0,"2999":0,"3004":0,"3006":0,"3007":0,"3008":0,"3009":0,"3011":0,"3013":6,"3014":6,"3015":6,"3017":6,"3018":6,"3020":0,"3021":0,"3022":0,"3024":0,"3025":0,"3032":3,"3033":3,"3034":3,"3035":3,"3036":3,"3037":3,"3039":3,"3041":1,"3042":0,"3043":0,"3044":0,"3045":0,"3046":0,"3048":0,"3049":0,"3050":0,"3051":0,"3052":0,"3053":0,"3054":0,"3061":0,"3099":1,"3100":3,"3101":3,"3102":3,"3103":3,"3106":3,"3107":3,"3108":3,"3109":3,"3111":1,"3112":1,"3146":0,"3147":0,"3148":0,"3150":0,"3183":5,"3184":5,"3185":5,"3186":5,"3187":5,"3188":0,"3189":1,"3190":5,"3191":5,"3193":5,"3194":5,"3197":1,"3232":0,"3233":0,"3234":0,"3245":0,"3246":0,"3247":0,"3251":0,"3252":0,"3255":0,"3256":0,"3258":0,"3259":0,"3260":0,"3261":0,"3262":0,"3285":3,"3286":3,"3287":3,"3288":3,"3289":3,"3290":0,"3292":3,"3293":0,"3325":0,"3326":0,"3327":0,"3328":0,"3329":0,"3330":0,"3333":0,"3335":0,"3336":0,"3344":0,"3369":1,"3370":1,"3371":0,"3372":0,"3377":0,"3378":0,"3379":0,"3380":0,"3385":1,"3386":1,"3388":1,"3399":1,"3418":0,"3419":0,"3420":0,"3422":0,"3423":0,"3424":0,"3426":0,"3427":0,"3428":0,"3430":0,"3431":0,"3432":0,"3433":0,"3434":0,"3435":0,"3437":0,"3438":0,"3442":0,"3443":0,"3444":0,"3447":0,"3448":0,"3449":0,"3450":0,"3451":0,"3452":0,"3506":1,"3507":1,"3508":1,"3558":1,"3559":0,"3560":0,"3562":1,"3584":0,"3601":0,"3602":0,"3603":0,"3604":0,"3605":0,"3607":0,"3608":0,"3611":0,"3612":0,"3613":0,"3614":0,"3616":0,"3618":0,"3619":0,"3621":0,"3629":0,"3630":0,"3631":0,"3633":0,"3636":1,"3637":1,"3638":1,"3639":0,"3640":0,"3641":0,"3642":0,"3645":1,"3646":0,"3647":0,"3648":0,"3649":0,"3650":0,"3651":0,"3652":0,"3653":0,"3654":0,"3655":0,"3656":0,"3660":0,"3661":0,"3664":0,"3665":0,"3667":0,"3668":0,"3669":0,"3672":0,"3673":0,"3674":0,"3675":0,"3677":0,"3678":0,"3679":0,"3681":0,"3682":0,"3684":0,"3685":0,"3686":0,"3687":0,"3688":0,"3689":0,"3690":0,"3693":0,"3694":0,"3697":0,"3698":0,"3711":1,"3712":0,"3713":0,"3714":0,"3715":0,"3717":0,"3718":0,"3719":0,"3721":0,"3723":0,"3724":0,"3725":0,"3726":0,"3727":0,"3728":0,"3729":0,"3730":0,"3731":0,"3732":0,"3733":0,"3734":0,"3736":0,"3737":0,"3738":0,"3739":0,"3740":0,"3741":0,"3743":0,"3746":0,"3750":0,"3786":1,"3787":0,"3788":0,"3789":0,"3790":0,"3791":0,"3792":0,"3793":0,"3797":0,"3799":1,"3819":0,"3831":0,"3855":0,"3874":0,"3875":0,"3876":0,"3877":0,"3879":0,"3908":0,"3909":0,"3910":0,"3912":0,"3913":0,"3914":0,"3915":0,"3916":0,"3917":0,"3918":0,"3919":0,"3920":0,"3930":0,"3931":0,"3932":0,"3973":1,"3974":0,"3975":0,"3977":1,"3978":0,"3979":0,"3980":0,"3983":1,"3992":0,"3993":0,"3994":0,"3995":0,"3997":0,"3998":0,"3999":0,"4000":0,"4001":0,"4002":0,"4012":0,"4013":0,"4014":0,"4015":0,"4016":0,"4017":0,"4023":0,"4024":0,"4026":0,"4027":0,"4028":0,"4030":0,"4033":0,"4052":0,"4053":0,"4054":0,"4055":0,"4056":0,"4065":0,"4066":0,"4067":0,"4068":0,"4070":0,"4071":0,"4072":0,"4074":0,"4100":0,"4120":0,"4121":0,"4122":0,"4123":0,"4124":0,"4125":0,"4126":0,"4127":0,"4129":0,"4130":0,"4131":0,"4132":0,"4133":0,"4136":0,"4137":0,"4138":0,"4139":0,"4143":0,"4166":1,"4167":1,"4168":0,"4170":0,"4171":0,"4172":0,"4173":0,"4174":0,"4176":1,"4177":1,"4178":1,"4179":0,"4180":0,"4181":1,"4182":0,"4183":0,"4184":0,"4186":0,"4187":0,"4188":0,"4189":0,"4191":0,"4192":0,"4215":1,"4216":1,"4219":1,"4220":6,"4221":3,"4222":1,"4223":11,"4224":11,"4226":1,"4227":1,"4228":1,"4229":4,"4230":4,"4232":1,"4233":0,"4235":2,"4236":1,"4238":1,"4239":1,"4241":1,"4242":0,"4245":1,"4246":1,"4247":0,"4248":0,"4250":0,"4252":3,"4253":1,"4254":1,"4255":1,"4256":0,"4258":1,"4259":1,"4261":1,"4262":1,"4263":3,"4264":1,"4266":3,"4268":1,"4269":1,"4270":5,"4271":5,"4272":5,"4275":8,"4276":1,"4277":0,"4278":0,"4279":0,"4281":0,"4282":0,"4283":0,"4285":0,"4286":0,"4287":0,"4289":0,"4292":1,"4294":1,"4295":1,"4297":0,"4298":0,"4301":1,"4302":13,"4303":13,"4304":13,"4305":13,"4306":5,"4307":5,"4308":5,"4309":5,"4310":5,"4313":5,"4316":5,"4317":5,"4326":5,"4327":5,"4328":5,"4329":5,"4332":13,"4334":1,"4335":1,"4336":1,"4337":1,"4338":4,"4339":4,"4340":4,"4341":4,"4342":40,"4343":36,"4346":4,"4347":4,"4348":4,"4353":0,"4354":0,"4355":0,"4357":4,"4365":1,"4366":9,"4369":7,"4395":7,"4402":0,"4409":0,"4410":0,"4411":0,"4413":0,"4416":7,"4417":0,"4418":0,"4419":0,"4425":7,"4426":7,"4427":6,"4428":6,"4432":1,"4433":1,"4434":3,"4435":3,"4436":3,"4438":1,"4439":1,"4440":1,"4441":1,"4442":1,"4443":1,"4444":1,"4445":1,"4446":1,"4447":1,"4448":12,"4449":12,"4450":12,"4453":0,"4457":1,"4459":1,"4460":1,"4463":0,"4464":0,"4465":0,"4467":0,"4470":0,"4471":0,"4472":0,"4474":0,"4483":3,"4484":3,"4485":3,"4486":3,"4487":3,"4488":3,"4489":3,"4491":3,"4492":3,"4494":3,"4495":0,"4497":3,"4498":3,"4499":3,"4500":3,"4501":3,"4502":3,"4503":3,"4504":3,"4507":3,"4510":3,"4511":3,"4512":3,"4513":0,"4515":3,"4517":3,"4518":0,"4519":0,"4521":0,"4523":3,"4524":3,"4525":3,"4526":3,"4527":3,"4541":3,"4542":0,"4546":0,"4550":3,"4552":3,"4553":0,"4556":3,"4557":3,"4558":3,"4559":3,"4560":3,"4561":3,"4562":3,"4564":0,"4566":3,"4567":3,"4568":3,"4569":3,"4570":3,"4571":3,"4572":0,"4573":0,"4574":0,"4587":6,"4588":6,"4589":6,"4590":3,"4607":4,"4608":4,"4609":4,"4610":4,"4611":4,"4612":4,"4613":0,"4615":4,"4630":4,"4632":4,"4633":2,"4634":2,"4635":2,"4636":2,"4637":2,"4640":4,"4641":2,"4642":2,"4643":0,"4645":2,"4646":2,"4647":0,"4650":2,"4654":0,"4657":4,"4658":4,"4659":4,"4663":0,"4664":0,"4665":0,"4667":0,"4670":0,"4671":0,"4672":0,"4674":0,"4678":1,"4686":1,"4688":1,"4689":5,"4690":2,"4691":0,"4693":2,"4699":1,"4700":3,"4701":3,"4702":1,"4703":1,"4704":1,"4705":4,"4706":4,"4707":4,"4709":4,"4710":0,"4713":0,"4714":0,"4716":0,"4717":0,"4719":0,"4720":0,"4721":0,"4724":0,"4734":1,"4735":3,"4736":3,"4737":3,"4738":3,"4739":0,"4741":3,"4742":3,"4743":3,"4744":3,"4745":3,"4746":3,"4750":1,"4751":1,"4752":3,"4753":3,"4754":3,"4755":3,"4757":3,"4758":3,"4759":5,"4760":5,"4761":5,"4763":3,"4764":3,"4766":3,"4768":1,"4771":3,"4772":3,"4774":3,"4780":1,"4781":1,"4782":1,"4783":1,"4784":1,"4785":1,"4786":1,"4787":1,"4789":0,"4790":0,"4793":0,"4794":0,"4797":0,"4798":0,"4801":1,"4802":4,"4803":4,"4804":1,"4805":1,"4806":1,"4807":1,"4821":1,"4822":0,"4823":0,"4824":0,"4825":0,"4826":0,"4827":0,"4828":0,"4829":0,"4830":0,"4834":1,"4843":1,"4844":1,"4847":1,"4849":1,"4852":4,"4853":0,"4855":0,"4856":0,"4858":0,"4859":0,"4860":0,"4861":0,"4864":0,"4865":0,"4867":0,"4869":0,"4870":0,"4871":0,"4872":0,"4874":0,"4875":0,"4876":0,"4879":0,"4880":0,"4881":0,"4895":0,"4897":0,"4898":0,"4899":0,"4900":0,"4901":0,"4902":0,"4903":0,"4908":0,"4912":0,"4914":0,"4917":0,"4918":0,"4922":0,"4923":0,"4924":0,"4925":0,"4927":0,"4932":4,"4933":1,"4935":4,"4937":1,"4938":1,"4939":1,"4940":1,"4941":1,"4942":1,"4943":1,"4945":1,"4946":1,"4947":4,"4948":4,"4949":1,"4950":1,"4951":1,"4952":1,"4953":0,"4956":1,"4957":0,"4959":1,"4960":1,"4961":0,"4963":1,"4965":1,"4966":1,"4967":1,"4968":1,"4969":1,"4970":1,"4971":1,"4981":1,"4984":1,"4985":1,"4991":1,"4992":1,"4993":0,"4994":0,"4997":0,"5003":0,"5005":1,"5006":1,"5007":0,"5013":4,"5017":0,"5018":0,"5020":0,"5023":4,"5024":4,"5025":4,"5026":1,"5029":4,"5031":1,"5032":1,"5033":1,"5034":5,"5035":5,"5036":4,"5037":2,"5039":4,"5040":4,"5041":4,"5042":4,"5044":4,"5047":1,"5052":1,"5053":4,"5054":0,"5055":0,"5056":0,"5060":4,"5062":4,"5063":0,"5066":4,"5069":1,"5070":0,"5071":0,"5072":0,"5073":0,"5074":0,"5075":0,"5077":0,"5079":0,"5081":1,"5082":7,"5084":7,"5085":7,"5087":7,"5088":0,"5089":0,"5091":0,"5092":0,"5093":0,"5094":0,"5095":0,"5096":0,"5097":0,"5104":7,"5107":1,"5108":1,"5109":1,"5110":1,"5111":1,"5112":0,"5113":0,"5114":0,"5115":0,"5116":0,"5118":0,"5121":1,"5122":2,"5124":1,"5125":1,"5126":0,"5130":1,"5131":1,"5133":1,"5134":1,"5135":1,"5136":1,"5140":1,"5141":1,"5144":0,"5145":0,"5146":0,"5147":0,"5150":0,"5152":0,"5154":0,"5157":0,"5158":0,"5165":1,"5166":1,"5167":1,"5169":1,"5173":1,"5176":0,"5177":0,"5180":1,"5181":1,"5182":1,"5183":1,"5184":1,"5185":1,"5187":1,"5188":0,"5189":0,"5191":1,"5193":1,"5197":1,"5199":1,"5200":0,"5201":0,"5202":0,"5207":0,"5208":0,"5210":1,"5213":1,"5214":1,"5217":1,"5218":1,"5221":0,"5224":3,"5232":1,"5233":1,"5234":1,"5235":1,"5246":4,"5247":4,"5248":4,"5249":4,"5252":4,"5253":0,"5256":4,"5257":4,"5259":4,"5260":4,"5261":4,"5262":3,"5263":0,"5278":1,"5279":1,"5280":1,"5281":1,"5282":1,"5285":1,"5288":1,"5302":1,"5303":1,"5304":1,"5306":1,"5307":0,"5308":1,"5309":1,"5310":1,"5311":1,"5312":1,"5315":0,"5316":0,"5318":0,"5323":1,"5324":1,"5325":1,"5326":1,"5327":1,"5328":1,"5329":1,"5337":1,"5368":0,"5369":0,"5370":0,"5378":0,"5379":0,"5380":0,"5381":0,"5382":0,"5383":0,"5385":0,"5386":0,"5394":0,"5395":0,"5396":0,"5399":0,"5400":0,"5401":0,"5402":0,"5406":0,"5407":0,"5408":0,"5410":0,"5413":0,"5422":0,"5423":0,"5424":0,"5426":0,"5429":0,"5434":0,"5435":0,"5444":0,"5445":0,"5446":0,"5447":0,"5449":0,"5450":0,"5451":0,"5465":0,"5466":0,"5467":0,"5468":0,"5470":0,"5472":0,"5473":0,"5474":0,"5475":0,"5476":0,"5477":0,"5478":0,"5480":0,"5481":0,"5482":0,"5483":0,"5484":0,"5485":0,"5486":0,"5487":0,"5488":0,"5489":0,"5490":0,"5492":0,"5493":0,"5494":0,"5495":0,"5496":0,"5497":0,"5498":0,"5499":0,"5500":0,"5501":0,"5502":0,"5503":0,"5506":0,"5507":0,"5508":0,"5510":0,"5511":0,"5512":0,"5513":0,"5514":0,"5516":0,"5519":0,"5520":0,"5521":0,"5522":0,"5523":0,"5528":0,"5530":0,"5536":0,"5537":0,"5538":0,"5539":0,"5542":0,"5543":0,"5544":0,"5547":0,"5549":0,"5550":0,"5551":0,"5552":0,"5553":0,"5554":0,"5555":0,"5556":0,"5559":0,"5561":0,"5562":0,"5565":0,"5566":0,"5567":0,"5568":0,"5572":0,"5573":0,"5574":0,"5575":0,"5576":0,"5577":0,"5578":0,"5579":0,"5580":0,"5581":0,"5584":0,"5585":0,"5586":0,"5587":0,"5592":0,"5595":0,"5600":0,"5603":0,"5641":0,"5650":0,"5659":0,"5660":0,"5669":0,"5670":0,"5679":0,"5680":0,"5689":0,"5690":0,"5697":0,"5698":0,"5699":0,"5700":0,"5701":0,"5702":0,"5703":0,"5704":0,"5705":0,"5706":0,"5707":0,"5708":0,"5709":0,"5710":0,"5713":0,"5716":0,"5717":0,"5718":0,"5726":0,"5727":0,"5728":0,"5729":0,"5730":0,"5731":0,"5732":0,"5734":0,"5741":0,"5742":0,"5743":0,"5744":0,"5745":0,"5746":0,"5747":0,"5750":0,"5756":0,"5757":0,"5758":0,"5761":0,"5794":0,"5795":0,"5796":0,"5797":0,"5799":0,"5800":0,"5801":0,"5802":0,"5803":0,"5805":0,"5806":0,"5808":0,"5816":0,"5817":0,"5910":0,"5911":0,"5912":0,"5913":0,"5914":0,"5917":0,"5918":0,"5919":0,"5920":0,"5922":0,"5923":0,"5924":0,"5925":0,"5926":0,"5928":0,"5929":0,"5930":0,"5932":0,"5933":0,"5935":0,"5936":0,"5937":0,"5946":0,"5947":0,"5948":0,"5949":0,"5950":0,"5953":0,"5955":0,"5956":0,"5957":0,"5959":0,"5968":0,"5969":0,"5970":0,"5971":0,"5972":0,"5974":0,"5975":0,"5976":0,"5978":0,"5991":0,"6000":0,"6009":0,"6010":0,"6019":0,"6020":0,"6029":0,"6030":0,"6039":0,"6040":0,"6047":0,"6048":0,"6049":0,"6056":0,"6057":0,"6058":0,"6059":0,"6060":0,"6061":0,"6062":0,"6063":0,"6064":0,"6065":0,"6066":0,"6067":0,"6078":0,"6079":0,"6080":0,"6081":0,"6084":0,"6093":0,"6101":0,"6109":0,"6117":0,"6125":0,"6133":0,"6141":0,"6142":0,"6143":0,"6144":0,"6145":0,"6146":0,"6147":0,"6150":0,"6151":0,"6152":0,"6153":0,"6156":0,"6157":0,"6158":0,"6159":0,"6160":0,"6162":0,"6163":0,"6164":0,"6165":0,"6166":0,"6167":0,"6169":0,"6170":0,"6171":0,"6172":0,"6177":0,"6180":0,"6189":1,"6190":0,"6191":0,"6192":0,"6193":0,"6194":0,"6197":0,"6200":0,"6201":0,"6213":0,"6214":0,"6215":0,"6216":0,"6217":0,"6218":0,"6220":0,"6221":0,"6225":0,"6226":0,"6227":0,"6228":0,"6230":0,"6232":0,"6233":0,"6255":0,"6278":0,"6308":0,"6315":0,"6323":0,"6324":0,"6325":0,"6328":0,"6330":0,"6331":0,"6332":0,"6333":0,"6334":0,"6335":0,"6336":0,"6337":0,"6338":0,"6339":0,"6343":0,"6347":0,"6355":0,"6363":0,"6364":0,"6375":0,"6376":0,"6379":0,"6381":0,"6382":0,"6383":0,"6384":0,"6385":0,"6386":0,"6387":0,"6388":0,"6389":0,"6390":0,"6391":0,"6395":0,"6396":0,"6397":0,"6407":0,"6408":0,"6416":0,"6441":0,"6442":0,"6443":0,"6444":0,"6445":0,"6446":0,"6449":0,"6451":0,"6452":0,"6453":0,"6454":0,"6455":0,"6457":0,"6465":0,"6466":0,"6467":0,"6468":0,"6469":0,"6470":0,"6471":0,"6472":0,"6473":0,"6474":0,"6477":0,"6479":0,"6481":0,"6482":0,"6484":0,"6492":0,"6493":0,"6494":0,"6495":0,"6496":0,"6498":0,"6506":0,"6507":0,"6508":0,"6509":0,"6510":0,"6512":0,"6513":0,"6514":0,"6516":0,"6517":0,"6518":0,"6520":0,"6521":0,"6525":0,"6526":0,"6527":0,"6529":0,"6537":0,"6538":0,"6539":0,"6540":0,"6541":0,"6542":0,"6543":0,"6544":0,"6545":0,"6546":0,"6547":0,"6548":0,"6549":0,"6553":0,"6554":0,"6555":0,"6556":0,"6560":0,"6562":0,"6563":0,"6564":0,"6569":0,"6570":0,"6572":0,"6573":0,"6575":0,"6581":0,"6582":0,"6583":0,"6585":0,"6586":0,"6593":0,"6626":0,"6627":0,"6628":0,"6629":0,"6630":0,"6637":0,"6640":0,"6641":0,"6642":0,"6644":0,"6649":1,"6650":1,"6654":1,"6655":1,"6656":1,"6657":0,"6664":1}}}
