TN:
SF:/Users/zero_yang/develop/magix-subway/dist/kissy-shim/magix-es3-debug.js
FN:12,(anonymous_1)
FN:36,G_NOOP
FN:55,(anonymous_3)
FN:60,(anonymous_4)
FN:61,(anonymous_5)
FN:66,(anonymous_6)
FN:67,(anonymous_7)
FN:68,(anonymous_8)
FN:81,(anonymous_9)
FN:95,G_Assign
FN:104,(anonymous_11)
FN:115,(anonymous_12)
FN:132,(anonymous_13)
FN:133,(anonymous_14)
FN:150,(anonymous_15)
FN:151,(anonymous_16)
FN:174,(anonymous_17)
FN:190,G_Cache
FN:206,(anonymous_19)
FN:226,(anonymous_20)
FN:239,(anonymous_21)
FN:270,(anonymous_22)
FN:288,(anonymous_23)
FN:292,(anonymous_24)
FN:293,(anonymous_25)
FN:305,G_DOMGlobalProcessor
FN:316,(anonymous_27)
FN:329,(anonymous_28)
FN:333,(anonymous_29)
FN:340,(anonymous_30)
FN:350,(anonymous_31)
FN:372,(anonymous_32)
FN:379,(anonymous_33)
FN:433,(anonymous_34)
FN:488,(anonymous_35)
FN:502,(anonymous_36)
FN:513,(anonymous_37)
FN:573,(anonymous_38)
FN:596,(anonymous_39)
FN:598,(anonymous_40)
FN:600,(anonymous_41)
FN:861,(anonymous_42)
FN:907,(anonymous_43)
FN:920,(anonymous_44)
FN:945,(anonymous_45)
FN:957,(anonymous_46)
FN:970,(anonymous_47)
FN:987,(anonymous_48)
FN:988,(anonymous_49)
FN:989,(anonymous_50)
FN:1024,(anonymous_51)
FN:1033,(anonymous_52)
FN:1040,(anonymous_53)
FN:1054,(anonymous_54)
FN:1068,(anonymous_55)
FN:1084,(anonymous_56)
FN:1091,(anonymous_57)
FN:1094,(anonymous_58)
FN:1101,(anonymous_59)
FN:1105,(anonymous_60)
FN:1112,(anonymous_61)
FN:1114,(anonymous_62)
FN:1141,GetParam
FN:1146,(anonymous_64)
FN:1155,(anonymous_65)
FN:1162,(anonymous_66)
FN:1165,(anonymous_67)
FN:1172,(anonymous_68)
FN:1180,(anonymous_69)
FN:1186,(anonymous_70)
FN:1196,(anonymous_71)
FN:1212,(anonymous_72)
FN:1249,(anonymous_73)
FN:1263,(anonymous_74)
FN:1289,(anonymous_75)
FN:1320,(anonymous_76)
FN:1387,(anonymous_77)
FN:1432,(anonymous_78)
FN:1478,(anonymous_79)
FN:1491,(anonymous_80)
FN:1506,(anonymous_81)
FN:1520,(anonymous_82)
FN:1534,(anonymous_83)
FN:1549,(anonymous_84)
FN:1560,(anonymous_85)
FN:1571,(anonymous_86)
FN:1603,Vframe
FN:1607,(anonymous_88)
FN:1634,(anonymous_89)
FN:1642,(anonymous_90)
FN:1670,(anonymous_91)
FN:1689,(anonymous_92)
FN:1712,(anonymous_93)
FN:1739,(anonymous_94)
FN:1788,(anonymous_95)
FN:1825,(anonymous_96)
FN:1881,(anonymous_97)
FN:1911,(anonymous_98)
FN:1929,(anonymous_99)
FN:1946,(anonymous_100)
FN:1963,(anonymous_101)
FN:2010,(anonymous_102)
FN:2071,(anonymous_103)
FN:2172,(anonymous_104)
FN:2270,(anonymous_105)
FN:2333,(anonymous_106)
FN:2342,(anonymous_107)
FN:2361,(anonymous_108)
FN:2395,(anonymous_109)
FN:2410,(anonymous_110)
FN:2432,(anonymous_111)
FN:2513,(anonymous_112)
FN:2631,(anonymous_113)
FN:2632,(anonymous_114)
FN:2689,Updater
FN:2721,(anonymous_116)
FN:2758,(anonymous_117)
FN:2773,(anonymous_118)
FN:2820,(anonymous_119)
FN:2847,(anonymous_120)
FN:2857,(anonymous_121)
FN:2864,(anonymous_122)
FN:2869,(anonymous_123)
FN:2874,(anonymous_124)
FN:2884,(anonymous_125)
FN:2894,(anonymous_126)
FN:2907,(anonymous_127)
FN:2909,(anonymous_128)
FN:2923,(anonymous_129)
FN:2943,(anonymous_130)
FN:2979,(anonymous_131)
FN:3041,(anonymous_132)
FN:3099,View
FN:3145,(anonymous_134)
FN:3182,(anonymous_135)
FN:3189,NView
FN:3231,(anonymous_137)
FN:3244,(anonymous_138)
FN:3261,(anonymous_139)
FN:3284,(anonymous_140)
FN:3287,(anonymous_141)
FN:3324,(anonymous_142)
FN:3343,(anonymous_143)
FN:3368,(anonymous_144)
FN:3398,(anonymous_145)
FN:3417,(anonymous_146)
FN:3419,(anonymous_147)
FN:3433,(anonymous_148)
FN:3436,(anonymous_149)
FN:3442,(anonymous_150)
FN:3450,(anonymous_151)
FN:3558,Bag
FN:3583,(anonymous_153)
FN:3628,(anonymous_154)
FN:3638,Service_CacheDone
FN:3645,(anonymous_156)
FN:3649,(anonymous_157)
FN:3711,(anonymous_158)
FN:3786,Service
FN:3791,(anonymous_160)
FN:3818,(anonymous_161)
FN:3830,(anonymous_162)
FN:3854,(anonymous_163)
FN:3873,(anonymous_164)
FN:3907,(anonymous_165)
FN:3915,(anonymous_166)
FN:3929,(anonymous_167)
FN:3973,(anonymous_168)
FN:3977,(anonymous_169)
FN:3991,(anonymous_170)
FN:4011,(anonymous_171)
FN:4051,(anonymous_172)
FN:4064,(anonymous_173)
FN:4099,(anonymous_174)
FN:4119,(anonymous_175)
FN:4166,(anonymous_176)
FN:4167,NService
FN:4178,extend
FN:4181,X
FN:4216,(anonymous_180)
FN:4220,(anonymous_181)
FN:4221,(anonymous_182)
FN:4222,(anonymous_183)
FN:4228,(anonymous_184)
FN:4238,(anonymous_185)
FN:4246,(anonymous_186)
FN:4252,(anonymous_187)
FN:4253,(anonymous_188)
FN:4262,(anonymous_189)
FN:4269,(anonymous_190)
FN:4275,(anonymous_191)
FN:4276,(anonymous_192)
FN:4296,(anonymous_193)
FN:4301,Router_Parse
FN:4337,(anonymous_195)
FN:4353,(anonymous_196)
FN:4354,(anonymous_197)
FN:4355,(anonymous_198)
FN:4365,(anonymous_199)
FN:4401,(anonymous_200)
FN:4408,(anonymous_201)
FN:4433,(anonymous_202)
FN:4435,(anonymous_203)
FN:4436,(anonymous_204)
FN:4444,(anonymous_205)
FN:4462,(anonymous_206)
FN:4469,(anonymous_207)
FN:4482,(anonymous_208)
FN:4510,(anonymous_209)
FN:4541,(anonymous_210)
FN:4559,(anonymous_211)
FN:4565,(anonymous_212)
FN:4586,(anonymous_213)
FN:4606,(anonymous_214)
FN:4662,(anonymous_215)
FN:4669,(anonymous_216)
FN:4688,(anonymous_217)
FN:4699,(anonymous_218)
FN:4734,(anonymous_219)
FN:4736,(anonymous_220)
FN:4751,(anonymous_221)
FN:4769,(anonymous_222)
FN:4773,(anonymous_223)
FN:4788,(anonymous_224)
FN:4792,(anonymous_225)
FN:4796,(anonymous_226)
FN:4801,(anonymous_227)
FN:4829,(anonymous_228)
FN:4937,(anonymous_229)
FN:5052,(anonymous_230)
FN:5069,(anonymous_231)
FN:5081,(anonymous_232)
FN:5108,(anonymous_233)
FN:5111,(anonymous_234)
FN:5121,(anonymous_235)
FN:5125,(anonymous_236)
FN:5130,(anonymous_237)
FN:5134,(anonymous_238)
FN:5139,(anonymous_239)
FN:5143,(anonymous_240)
FN:5156,(anonymous_241)
FN:5164,(anonymous_242)
FN:5172,(anonymous_243)
FN:5175,(anonymous_244)
FN:5179,(anonymous_245)
FN:5212,(anonymous_246)
FN:5216,(anonymous_247)
FN:5220,(anonymous_248)
FN:5223,(anonymous_249)
FN:5231,(anonymous_250)
FN:5245,(anonymous_251)
FN:5262,(anonymous_252)
FN:5277,(anonymous_253)
FN:5287,(anonymous_254)
FN:5301,(anonymous_255)
FN:5323,(anonymous_256)
FN:5324,(anonymous_257)
FN:5325,(anonymous_258)
FN:5326,(anonymous_259)
FN:5327,(anonymous_260)
FN:5328,(anonymous_261)
FN:5329,(anonymous_262)
FN:5337,(anonymous_263)
FN:5378,(anonymous_264)
FN:5394,(anonymous_265)
FN:5395,(anonymous_266)
FN:5399,(anonymous_267)
FN:5421,(anonymous_268)
FN:5434,(anonymous_269)
FN:5444,(anonymous_270)
FN:5464,(anonymous_271)
FN:5467,(anonymous_272)
FN:5492,(anonymous_273)
FN:5561,(anonymous_274)
FN:5640,(anonymous_275)
FN:5649,(anonymous_276)
FN:5658,(anonymous_277)
FN:5668,(anonymous_278)
FN:5678,(anonymous_279)
FN:5688,(anonymous_280)
FN:5696,(anonymous_281)
FN:5725,(anonymous_282)
FN:5740,(anonymous_283)
FN:5755,(anonymous_284)
FN:5777,(anonymous_285)
FN:5815,(anonymous_286)
FN:5909,(anonymous_287)
FN:5945,(anonymous_288)
FN:5967,(anonymous_289)
FN:5990,(anonymous_290)
FN:5999,(anonymous_291)
FN:6008,(anonymous_292)
FN:6018,(anonymous_293)
FN:6028,(anonymous_294)
FN:6038,(anonymous_295)
FN:6046,(anonymous_296)
FN:6055,(anonymous_297)
FN:6077,(anonymous_298)
FN:6092,(anonymous_299)
FN:6100,(anonymous_300)
FN:6108,(anonymous_301)
FN:6116,(anonymous_302)
FN:6124,(anonymous_303)
FN:6132,(anonymous_304)
FN:6140,(anonymous_305)
FN:6189,(anonymous_306)
FN:6190,(anonymous_307)
FN:6191,(anonymous_308)
FN:6213,(anonymous_309)
FN:6226,(anonymous_310)
FN:6277,(anonymous_311)
FN:6307,(anonymous_312)
FN:6314,(anonymous_313)
FN:6322,(anonymous_314)
FN:6354,(anonymous_315)
FN:6362,(anonymous_316)
FN:6374,(anonymous_317)
FN:6406,(anonymous_318)
FN:6415,(anonymous_319)
FN:6440,(anonymous_320)
FN:6464,(anonymous_321)
FN:6491,(anonymous_322)
FN:6505,(anonymous_323)
FN:6536,(anonymous_324)
FN:6538,(anonymous_325)
FN:6544,(anonymous_326)
FN:6569,(anonymous_327)
FN:6572,(anonymous_328)
FN:6580,(anonymous_329)
FN:6592,(anonymous_330)
FN:6625,(anonymous_331)
FN:6636,(anonymous_332)
FN:6640,(anonymous_333)
FN:6654,(anonymous_334)
FN:6664,(anonymous_335)
FNF:335
FNH:132
FNDA:1,(anonymous_1)
FNDA:4,G_NOOP
FNDA:50,(anonymous_3)
FNDA:0,(anonymous_4)
FNDA:0,(anonymous_5)
FNDA:18,(anonymous_6)
FNDA:0,(anonymous_7)
FNDA:3,(anonymous_8)
FNDA:0,(anonymous_9)
FNDA:85,G_Assign
FNDA:11,(anonymous_11)
FNDA:0,(anonymous_12)
FNDA:51,(anonymous_13)
FNDA:55,(anonymous_14)
FNDA:359,(anonymous_15)
FNDA:0,(anonymous_16)
FNDA:0,(anonymous_17)
FNDA:6,G_Cache
FNDA:45,(anonymous_19)
FNDA:0,(anonymous_20)
FNDA:33,(anonymous_21)
FNDA:0,(anonymous_22)
FNDA:1,(anonymous_23)
FNDA:5,(anonymous_24)
FNDA:5,(anonymous_25)
FNDA:0,G_DOMGlobalProcessor
FNDA:0,(anonymous_27)
FNDA:0,(anonymous_28)
FNDA:0,(anonymous_29)
FNDA:0,(anonymous_30)
FNDA:0,(anonymous_31)
FNDA:0,(anonymous_32)
FNDA:25,(anonymous_33)
FNDA:27,(anonymous_34)
FNDA:3,(anonymous_35)
FNDA:3,(anonymous_36)
FNDA:1,(anonymous_37)
FNDA:0,(anonymous_38)
FNDA:1,(anonymous_39)
FNDA:1,(anonymous_40)
FNDA:1,(anonymous_41)
FNDA:47,(anonymous_42)
FNDA:17,(anonymous_43)
FNDA:7,(anonymous_44)
FNDA:0,(anonymous_45)
FNDA:0,(anonymous_46)
FNDA:0,(anonymous_47)
FNDA:1,(anonymous_48)
FNDA:4,(anonymous_49)
FNDA:4,(anonymous_50)
FNDA:0,(anonymous_51)
FNDA:0,(anonymous_52)
FNDA:0,(anonymous_53)
FNDA:0,(anonymous_54)
FNDA:0,(anonymous_55)
FNDA:0,(anonymous_56)
FNDA:0,(anonymous_57)
FNDA:0,(anonymous_58)
FNDA:0,(anonymous_59)
FNDA:0,(anonymous_60)
FNDA:0,(anonymous_61)
FNDA:0,(anonymous_62)
FNDA:1,GetParam
FNDA:6,(anonymous_64)
FNDA:3,(anonymous_65)
FNDA:1,(anonymous_66)
FNDA:3,(anonymous_67)
FNDA:3,(anonymous_68)
FNDA:0,(anonymous_69)
FNDA:0,(anonymous_70)
FNDA:0,(anonymous_71)
FNDA:5,(anonymous_72)
FNDA:4,(anonymous_73)
FNDA:19,(anonymous_74)
FNDA:0,(anonymous_75)
FNDA:4,(anonymous_76)
FNDA:3,(anonymous_77)
FNDA:0,(anonymous_78)
FNDA:4,(anonymous_79)
FNDA:6,(anonymous_80)
FNDA:7,(anonymous_81)
FNDA:3,(anonymous_82)
FNDA:5,(anonymous_83)
FNDA:3,(anonymous_84)
FNDA:0,(anonymous_85)
FNDA:2,(anonymous_86)
FNDA:3,Vframe
FNDA:3,(anonymous_88)
FNDA:1,(anonymous_89)
FNDA:5,(anonymous_90)
FNDA:0,(anonymous_91)
FNDA:0,(anonymous_92)
FNDA:0,(anonymous_93)
FNDA:6,(anonymous_94)
FNDA:2,(anonymous_95)
FNDA:0,(anonymous_96)
FNDA:2,(anonymous_97)
FNDA:51,(anonymous_98)
FNDA:0,(anonymous_99)
FNDA:7,(anonymous_100)
FNDA:7,(anonymous_101)
FNDA:0,(anonymous_102)
FNDA:0,(anonymous_103)
FNDA:0,(anonymous_104)
FNDA:4,(anonymous_105)
FNDA:47,(anonymous_106)
FNDA:3,(anonymous_107)
FNDA:0,(anonymous_108)
FNDA:1,(anonymous_109)
FNDA:54,(anonymous_110)
FNDA:3,(anonymous_111)
FNDA:1,(anonymous_112)
FNDA:3,(anonymous_113)
FNDA:3,(anonymous_114)
FNDA:3,Updater
FNDA:0,(anonymous_116)
FNDA:3,(anonymous_117)
FNDA:3,(anonymous_118)
FNDA:0,(anonymous_119)
FNDA:0,(anonymous_120)
FNDA:0,(anonymous_121)
FNDA:0,(anonymous_122)
FNDA:0,(anonymous_123)
FNDA:0,(anonymous_124)
FNDA:6,(anonymous_125)
FNDA:1,(anonymous_126)
FNDA:0,(anonymous_127)
FNDA:0,(anonymous_128)
FNDA:6,(anonymous_129)
FNDA:0,(anonymous_130)
FNDA:3,(anonymous_131)
FNDA:0,(anonymous_132)
FNDA:3,View
FNDA:0,(anonymous_134)
FNDA:5,(anonymous_135)
FNDA:5,NView
FNDA:0,(anonymous_137)
FNDA:0,(anonymous_138)
FNDA:0,(anonymous_139)
FNDA:3,(anonymous_140)
FNDA:3,(anonymous_141)
FNDA:0,(anonymous_142)
FNDA:0,(anonymous_143)
FNDA:1,(anonymous_144)
FNDA:1,(anonymous_145)
FNDA:0,(anonymous_146)
FNDA:0,(anonymous_147)
FNDA:0,(anonymous_148)
FNDA:0,(anonymous_149)
FNDA:0,(anonymous_150)
FNDA:0,(anonymous_151)
FNDA:0,Bag
FNDA:0,(anonymous_153)
FNDA:0,(anonymous_154)
FNDA:0,Service_CacheDone
FNDA:0,(anonymous_156)
FNDA:0,(anonymous_157)
FNDA:0,(anonymous_158)
FNDA:0,Service
FNDA:0,(anonymous_160)
FNDA:0,(anonymous_161)
FNDA:0,(anonymous_162)
FNDA:0,(anonymous_163)
FNDA:0,(anonymous_164)
FNDA:0,(anonymous_165)
FNDA:0,(anonymous_166)
FNDA:0,(anonymous_167)
FNDA:0,(anonymous_168)
FNDA:0,(anonymous_169)
FNDA:0,(anonymous_170)
FNDA:0,(anonymous_171)
FNDA:0,(anonymous_172)
FNDA:0,(anonymous_173)
FNDA:0,(anonymous_174)
FNDA:0,(anonymous_175)
FNDA:0,(anonymous_176)
FNDA:0,NService
FNDA:0,extend
FNDA:0,X
FNDA:0,(anonymous_180)
FNDA:6,(anonymous_181)
FNDA:3,(anonymous_182)
FNDA:11,(anonymous_183)
FNDA:4,(anonymous_184)
FNDA:1,(anonymous_185)
FNDA:0,(anonymous_186)
FNDA:3,(anonymous_187)
FNDA:1,(anonymous_188)
FNDA:3,(anonymous_189)
FNDA:5,(anonymous_190)
FNDA:8,(anonymous_191)
FNDA:0,(anonymous_192)
FNDA:0,(anonymous_193)
FNDA:13,Router_Parse
FNDA:4,(anonymous_195)
FNDA:0,(anonymous_196)
FNDA:0,(anonymous_197)
FNDA:0,(anonymous_198)
FNDA:9,(anonymous_199)
FNDA:0,(anonymous_200)
FNDA:0,(anonymous_201)
FNDA:3,(anonymous_202)
FNDA:3,(anonymous_203)
FNDA:3,(anonymous_204)
FNDA:1,(anonymous_205)
FNDA:0,(anonymous_206)
FNDA:0,(anonymous_207)
FNDA:3,(anonymous_208)
FNDA:3,(anonymous_209)
FNDA:0,(anonymous_210)
FNDA:3,(anonymous_211)
FNDA:3,(anonymous_212)
FNDA:6,(anonymous_213)
FNDA:4,(anonymous_214)
FNDA:0,(anonymous_215)
FNDA:0,(anonymous_216)
FNDA:5,(anonymous_217)
FNDA:3,(anonymous_218)
FNDA:3,(anonymous_219)
FNDA:3,(anonymous_220)
FNDA:3,(anonymous_221)
FNDA:3,(anonymous_222)
FNDA:3,(anonymous_223)
FNDA:0,(anonymous_224)
FNDA:0,(anonymous_225)
FNDA:0,(anonymous_226)
FNDA:4,(anonymous_227)
FNDA:0,(anonymous_228)
FNDA:1,(anonymous_229)
FNDA:4,(anonymous_230)
FNDA:0,(anonymous_231)
FNDA:7,(anonymous_232)
FNDA:1,(anonymous_233)
FNDA:0,(anonymous_234)
FNDA:2,(anonymous_235)
FNDA:0,(anonymous_236)
FNDA:1,(anonymous_237)
FNDA:1,(anonymous_238)
FNDA:1,(anonymous_239)
FNDA:0,(anonymous_240)
FNDA:0,(anonymous_241)
FNDA:1,(anonymous_242)
FNDA:1,(anonymous_243)
FNDA:0,(anonymous_244)
FNDA:1,(anonymous_245)
FNDA:1,(anonymous_246)
FNDA:1,(anonymous_247)
FNDA:0,(anonymous_248)
FNDA:3,(anonymous_249)
FNDA:1,(anonymous_250)
FNDA:4,(anonymous_251)
FNDA:0,(anonymous_252)
FNDA:1,(anonymous_253)
FNDA:1,(anonymous_254)
FNDA:1,(anonymous_255)
FNDA:0,(anonymous_256)
FNDA:0,(anonymous_257)
FNDA:0,(anonymous_258)
FNDA:0,(anonymous_259)
FNDA:0,(anonymous_260)
FNDA:0,(anonymous_261)
FNDA:0,(anonymous_262)
FNDA:0,(anonymous_263)
FNDA:0,(anonymous_264)
FNDA:0,(anonymous_265)
FNDA:0,(anonymous_266)
FNDA:0,(anonymous_267)
FNDA:0,(anonymous_268)
FNDA:0,(anonymous_269)
FNDA:0,(anonymous_270)
FNDA:0,(anonymous_271)
FNDA:0,(anonymous_272)
FNDA:0,(anonymous_273)
FNDA:0,(anonymous_274)
FNDA:0,(anonymous_275)
FNDA:0,(anonymous_276)
FNDA:0,(anonymous_277)
FNDA:0,(anonymous_278)
FNDA:0,(anonymous_279)
FNDA:0,(anonymous_280)
FNDA:0,(anonymous_281)
FNDA:0,(anonymous_282)
FNDA:0,(anonymous_283)
FNDA:0,(anonymous_284)
FNDA:0,(anonymous_285)
FNDA:0,(anonymous_286)
FNDA:0,(anonymous_287)
FNDA:0,(anonymous_288)
FNDA:0,(anonymous_289)
FNDA:0,(anonymous_290)
FNDA:0,(anonymous_291)
FNDA:0,(anonymous_292)
FNDA:0,(anonymous_293)
FNDA:0,(anonymous_294)
FNDA:0,(anonymous_295)
FNDA:0,(anonymous_296)
FNDA:0,(anonymous_297)
FNDA:0,(anonymous_298)
FNDA:0,(anonymous_299)
FNDA:0,(anonymous_300)
FNDA:0,(anonymous_301)
FNDA:0,(anonymous_302)
FNDA:0,(anonymous_303)
FNDA:0,(anonymous_304)
FNDA:0,(anonymous_305)
FNDA:0,(anonymous_306)
FNDA:0,(anonymous_307)
FNDA:0,(anonymous_308)
FNDA:0,(anonymous_309)
FNDA:0,(anonymous_310)
FNDA:0,(anonymous_311)
FNDA:0,(anonymous_312)
FNDA:0,(anonymous_313)
FNDA:0,(anonymous_314)
FNDA:0,(anonymous_315)
FNDA:0,(anonymous_316)
FNDA:0,(anonymous_317)
FNDA:0,(anonymous_318)
FNDA:0,(anonymous_319)
FNDA:0,(anonymous_320)
FNDA:0,(anonymous_321)
FNDA:0,(anonymous_322)
FNDA:0,(anonymous_323)
FNDA:0,(anonymous_324)
FNDA:0,(anonymous_325)
FNDA:0,(anonymous_326)
FNDA:0,(anonymous_327)
FNDA:0,(anonymous_328)
FNDA:0,(anonymous_329)
FNDA:0,(anonymous_330)
FNDA:0,(anonymous_331)
FNDA:0,(anonymous_332)
FNDA:0,(anonymous_333)
FNDA:1,(anonymous_334)
FNDA:0,(anonymous_335)
DA:12,1
DA:13,1
DA:14,1
DA:15,1
DA:16,1
DA:17,1
DA:18,1
DA:19,1
DA:20,1
DA:21,1
DA:22,1
DA:23,1
DA:24,1
DA:25,1
DA:26,1
DA:27,1
DA:28,1
DA:29,1
DA:30,1
DA:31,1
DA:32,1
DA:33,1
DA:34,1
DA:35,1
DA:36,1
DA:37,1
DA:38,1
DA:43,1
DA:44,1
DA:45,1
DA:46,1
DA:47,1
DA:48,1
DA:52,1
DA:53,1
DA:54,1
DA:55,50
DA:56,1
DA:57,1
DA:61,0
DA:62,0
DA:66,18
DA:67,1
DA:68,1
DA:69,3
DA:70,3
DA:71,0
DA:72,0
DA:73,0
DA:74,0
DA:75,0
DA:77,0
DA:79,3
DA:81,1
DA:82,0
DA:83,0
DA:84,0
DA:85,0
DA:86,0
DA:87,0
DA:88,0
DA:93,0
DA:95,1
DA:96,85
DA:97,108
DA:98,108
DA:99,271
DA:100,271
DA:102,85
DA:104,1
DA:105,11
DA:106,11
DA:107,13
DA:108,13
DA:111,11
DA:113,1
DA:114,1
DA:115,1
DA:116,0
DA:117,0
DA:118,0
DA:120,0
DA:122,0
DA:123,0
DA:124,0
DA:125,0
DA:128,0
DA:132,51
DA:133,1
DA:134,55
DA:135,55
DA:136,44
DA:137,55
DA:138,39
DA:139,55
DA:140,52
DA:141,52
DA:142,52
DA:145,0
DA:148,55
DA:150,359
DA:151,1
DA:152,0
DA:153,0
DA:154,0
DA:155,0
DA:156,0
DA:160,0
DA:161,0
DA:162,0
DA:163,0
DA:165,0
DA:166,0
DA:167,0
DA:169,0
DA:172,0
DA:174,1
DA:190,1
DA:191,6
DA:192,6
DA:193,6
DA:194,6
DA:195,6
DA:197,1
DA:207,45
DA:208,45
DA:209,45
DA:210,45
DA:211,13
DA:212,13
DA:214,13
DA:217,45
DA:227,0
DA:228,0
DA:229,0
DA:230,0
DA:231,0
DA:240,33
DA:241,33
DA:242,33
DA:243,33
DA:244,33
DA:245,33
DA:246,33
DA:247,0
DA:248,0
DA:249,0
DA:252,0
DA:253,0
DA:256,33
DA:259,33
DA:260,33
DA:262,33
DA:263,33
DA:264,33
DA:271,0
DA:272,0
DA:273,0
DA:274,0
DA:275,0
DA:276,0
DA:277,0
DA:278,0
DA:279,0
DA:289,1
DA:292,1
DA:293,5
DA:294,5
DA:295,5
DA:296,3
DA:298,5
DA:299,5
DA:303,1
DA:304,1
DA:305,1
DA:306,0
DA:307,0
DA:308,0
DA:310,1
DA:316,1
DA:317,0
DA:318,0
DA:319,0
DA:322,0
DA:325,1
DA:326,1
DA:327,1
DA:328,1
DA:329,1
DA:330,0
DA:331,0
DA:333,0
DA:334,0
DA:335,0
DA:336,0
DA:337,0
DA:339,0
DA:341,0
DA:342,0
DA:344,0
DA:345,0
DA:346,0
DA:348,0
DA:351,0
DA:352,0
DA:353,0
DA:355,0
DA:357,0
DA:359,0
DA:362,0
DA:366,0
DA:368,0
DA:372,0
DA:375,1
DA:376,1
DA:378,1
DA:379,1
DA:380,25
DA:381,25
DA:385,25
DA:433,1
DA:450,27
DA:451,27
DA:452,22
DA:453,22
DA:454,22
DA:455,4
DA:456,22
DA:457,22
DA:462,27
DA:488,1
DA:489,3
DA:490,3
DA:491,7
DA:492,7
DA:493,7
DA:494,7
DA:497,3
DA:498,3
DA:500,3
DA:502,1
DA:503,3
DA:504,3
DA:505,3
DA:506,16
DA:507,16
DA:510,3
DA:512,1
DA:513,1
DA:514,1
DA:515,0
DA:519,1
DA:520,1
DA:521,0
DA:524,1
DA:527,1
DA:528,1
DA:530,1
DA:537,1
DA:574,0
DA:575,0
DA:576,0
DA:577,0
DA:580,0
DA:583,0
DA:597,1
DA:598,1
DA:599,1
DA:600,1
DA:601,1
DA:602,1
DA:603,1
DA:604,1
DA:850,1
DA:862,47
DA:863,47
DA:864,21
DA:865,47
DA:866,39
DA:867,47
DA:868,18
DA:869,18
DA:870,18
DA:871,26
DA:872,26
DA:873,26
DA:874,26
DA:875,26
DA:876,26
DA:878,0
DA:879,0
DA:880,0
DA:884,47
DA:885,47
DA:886,0
DA:887,47
DA:888,3
DA:908,17
DA:909,17
DA:910,17
DA:911,17
DA:921,7
DA:922,7
DA:923,0
DA:924,0
DA:925,0
DA:926,0
DA:927,0
DA:928,0
DA:934,7
DA:935,7
DA:939,1
DA:940,1
DA:941,1
DA:942,1
DA:943,1
DA:944,1
DA:945,1
DA:946,0
DA:947,0
DA:948,0
DA:949,0
DA:950,0
DA:951,0
DA:952,0
DA:955,0
DA:957,1
DA:958,0
DA:959,0
DA:960,0
DA:961,0
DA:962,0
DA:965,0
DA:968,0
DA:970,1
DA:971,0
DA:972,0
DA:973,0
DA:974,0
DA:975,0
DA:976,0
DA:977,0
DA:978,0
DA:979,0
DA:980,0
DA:986,1
DA:987,1
DA:988,1
DA:989,4
DA:990,4
DA:991,4
DA:992,4
DA:993,0
DA:994,0
DA:995,0
DA:998,4
DA:999,0
DA:1015,1
DA:1025,0
DA:1026,0
DA:1027,0
DA:1028,0
DA:1029,0
DA:1030,0
DA:1033,0
DA:1034,0
DA:1035,0
DA:1036,0
DA:1037,0
DA:1041,0
DA:1042,0
DA:1043,0
DA:1044,0
DA:1048,0
DA:1055,0
DA:1056,0
DA:1057,0
DA:1058,0
DA:1059,0
DA:1062,0
DA:1069,0
DA:1070,0
DA:1072,0
DA:1073,0
DA:1074,0
DA:1077,0
DA:1085,0
DA:1092,0
DA:1093,0
DA:1094,0
DA:1095,0
DA:1096,0
DA:1099,0
DA:1102,0
DA:1103,0
DA:1104,0
DA:1105,0
DA:1106,0
DA:1111,0
DA:1113,0
DA:1114,0
DA:1126,1
DA:1128,1
DA:1129,1
DA:1130,1
DA:1131,1
DA:1132,1
DA:1133,1
DA:1134,1
DA:1139,1
DA:1140,1
DA:1141,1
DA:1142,1
DA:1144,1
DA:1145,1
DA:1146,1
DA:1147,6
DA:1148,6
DA:1149,0
DA:1152,6
DA:1155,1
DA:1156,3
DA:1157,3
DA:1158,3
DA:1159,3
DA:1162,1
DA:1163,1
DA:1164,1
DA:1165,1
DA:1166,3
DA:1167,0
DA:1169,3
DA:1170,3
DA:1171,3
DA:1172,3
DA:1173,3
DA:1174,3
DA:1175,3
DA:1176,3
DA:1177,3
DA:1179,3
DA:1181,0
DA:1182,0
DA:1183,0
DA:1187,0
DA:1190,3
DA:1191,3
DA:1192,3
DA:1196,1
DA:1197,0
DA:1198,0
DA:1199,0
DA:1200,0
DA:1202,0
DA:1203,0
DA:1204,0
DA:1207,1
DA:1209,1
DA:1210,1
DA:1211,1
DA:1212,1
DA:1213,5
DA:1214,1
DA:1215,1
DA:1216,1
DA:1217,1
DA:1222,1
DA:1227,5
DA:1228,5
DA:1229,5
DA:1230,0
DA:1235,5
DA:1237,5
DA:1238,5
DA:1239,5
DA:1240,0
DA:1241,0
DA:1242,0
DA:1245,0
DA:1249,1
DA:1250,4
DA:1251,4
DA:1252,4
DA:1253,4
DA:1254,4
DA:1255,4
DA:1256,4
DA:1262,4
DA:1263,4
DA:1264,19
DA:1265,19
DA:1266,12
DA:1270,12
DA:1273,4
DA:1274,11
DA:1275,11
DA:1277,4
DA:1278,4
DA:1279,4
DA:1280,4
DA:1281,4
DA:1282,4
DA:1287,4
DA:1289,1
DA:1290,0
DA:1291,0
DA:1292,0
DA:1293,0
DA:1294,0
DA:1295,0
DA:1296,0
DA:1297,0
DA:1298,0
DA:1299,0
DA:1301,0
DA:1310,0
DA:1311,0
DA:1312,0
DA:1315,0
DA:1316,0
DA:1318,0
DA:1320,1
DA:1321,4
DA:1322,4
DA:1323,4
DA:1324,4
DA:1325,4
DA:1326,2
DA:1328,4
DA:1330,4
DA:1331,4
DA:1332,4
DA:1334,4
DA:1348,1
DA:1388,3
DA:1389,1
DA:1390,1
DA:1392,3
DA:1393,3
DA:1394,3
DA:1395,3
DA:1396,3
DA:1397,3
DA:1398,3
DA:1399,3
DA:1401,1
DA:1402,1
DA:1403,0
DA:1404,0
DA:1408,2
DA:1409,2
DA:1410,2
DA:1412,3
DA:1425,1
DA:1426,1
DA:1432,1
DA:1433,0
DA:1436,0
DA:1462,0
DA:1463,0
DA:1465,0
DA:1466,0
DA:1467,0
DA:1468,0
DA:1478,1
DA:1479,4
DA:1480,4
DA:1481,1
DA:1484,3
DA:1485,3
DA:1488,1
DA:1489,1
DA:1490,1
DA:1491,1
DA:1492,6
DA:1493,4
DA:1494,3
DA:1495,3
DA:1496,3
DA:1498,4
DA:1499,4
DA:1500,2
DA:1501,2
DA:1502,2
DA:1506,1
DA:1507,7
DA:1508,3
DA:1509,3
DA:1510,3
DA:1511,3
DA:1513,3
DA:1514,2
DA:1515,2
DA:1516,2
DA:1520,1
DA:1521,3
DA:1522,3
DA:1523,3
DA:1524,3
DA:1525,0
DA:1527,3
DA:1534,1
DA:1535,5
DA:1539,1
DA:1540,1
DA:1541,1
DA:1542,1
DA:1543,1
DA:1545,1
DA:1547,5
DA:1549,1
DA:1550,3
DA:1551,3
DA:1552,3
DA:1555,3
DA:1556,3
DA:1557,3
DA:1560,1
DA:1561,0
DA:1562,0
DA:1563,0
DA:1564,0
DA:1565,0
DA:1567,0
DA:1570,1
DA:1571,1
DA:1572,2
DA:1573,2
DA:1574,2
DA:1575,2
DA:1579,2
DA:1580,2
DA:1581,2
DA:1582,2
DA:1583,2
DA:1603,1
DA:1604,3
DA:1605,3
DA:1606,3
DA:1607,3
DA:1608,3
DA:1609,2
DA:1610,2
DA:1611,0
DA:1617,3
DA:1618,3
DA:1619,3
DA:1620,3
DA:1621,3
DA:1622,3
DA:1623,3
DA:1624,3
DA:1626,1
DA:1635,1
DA:1643,5
DA:1661,1
DA:1671,0
DA:1672,0
DA:1673,0
DA:1674,0
DA:1675,0
DA:1676,0
DA:1678,0
DA:1679,0
DA:1680,0
DA:1681,0
DA:1682,0
DA:1683,0
DA:1684,0
DA:1685,0
DA:1686,0
DA:1687,0
DA:1688,0
DA:1689,0
DA:1690,0
DA:1691,0
DA:1692,0
DA:1694,0
DA:1695,0
DA:1696,0
DA:1697,0
DA:1698,0
DA:1707,0
DA:1708,0
DA:1709,0
DA:1712,0
DA:1713,0
DA:1717,0
DA:1721,0
DA:1722,0
DA:1723,0
DA:1724,0
DA:1725,0
DA:1726,0
DA:1727,0
DA:1728,0
DA:1729,0
DA:1740,6
DA:1741,6
DA:1742,6
DA:1743,6
DA:1744,3
DA:1745,1
DA:1746,1
DA:1750,3
DA:1751,3
DA:1752,3
DA:1753,3
DA:1754,3
DA:1755,3
DA:1756,3
DA:1757,3
DA:1758,3
DA:1759,3
DA:1760,3
DA:1761,3
DA:1763,3
DA:1764,3
DA:1765,3
DA:1766,3
DA:1768,3
DA:1769,1
DA:1771,6
DA:1789,2
DA:1790,2
DA:1794,2
DA:1795,2
DA:1796,2
DA:1797,2
DA:1798,2
DA:1800,2
DA:1802,2
DA:1803,2
DA:1804,0
DA:1807,2
DA:1811,2
DA:1812,2
DA:1826,0
DA:1827,0
DA:1828,0
DA:1829,0
DA:1830,0
DA:1845,0
DA:1847,0
DA:1848,0
DA:1849,0
DA:1850,0
DA:1851,0
DA:1852,0
DA:1855,0
DA:1856,0
DA:1857,0
DA:1858,0
DA:1860,0
DA:1861,0
DA:1862,0
DA:1865,0
DA:1869,0
DA:1872,0
DA:1873,0
DA:1874,0
DA:1882,2
DA:1883,2
DA:1885,2
DA:1886,2
DA:1887,2
DA:1888,2
DA:1889,2
DA:1890,2
DA:1891,2
DA:1892,2
DA:1893,2
DA:1895,2
DA:1897,2
DA:1898,2
DA:1899,2
DA:1900,2
DA:1901,2
DA:1902,2
DA:1903,0
DA:1912,51
DA:1913,51
DA:1914,51
DA:1915,2
DA:1916,2
DA:1919,51
DA:1920,0
DA:1930,0
DA:1931,0
DA:1932,0
DA:1933,0
DA:1935,0
DA:1947,7
DA:1948,7
DA:1964,7
DA:1965,7
DA:1966,7
DA:1967,7
DA:1970,0
DA:1971,0
DA:1972,0
DA:1974,0
DA:1979,0
DA:1980,0
DA:1982,7
DA:1997,1
DA:2010,1
DA:2011,0
DA:2012,0
DA:2013,0
DA:2014,0
DA:2015,0
DA:2017,0
DA:2064,1
DA:2065,1
DA:2066,1
DA:2067,1
DA:2068,1
DA:2069,1
DA:2070,1
DA:2071,1
DA:2072,0
DA:2073,0
DA:2074,0
DA:2075,0
DA:2076,0
DA:2077,0
DA:2082,0
DA:2084,0
DA:2087,0
DA:2088,0
DA:2090,0
DA:2091,0
DA:2093,0
DA:2094,0
DA:2095,0
DA:2096,0
DA:2099,0
DA:2100,0
DA:2102,0
DA:2104,0
DA:2105,0
DA:2106,0
DA:2107,0
DA:2109,0
DA:2110,0
DA:2111,0
DA:2114,0
DA:2115,0
DA:2116,0
DA:2130,0
DA:2132,0
DA:2133,0
DA:2134,0
DA:2135,0
DA:2136,0
DA:2137,0
DA:2138,0
DA:2143,0
DA:2147,0
DA:2149,0
DA:2152,0
DA:2153,0
DA:2157,0
DA:2158,0
DA:2159,0
DA:2160,0
DA:2162,0
DA:2167,0
DA:2168,0
DA:2170,0
DA:2172,1
DA:2173,0
DA:2174,0
DA:2175,0
DA:2176,0
DA:2177,0
DA:2178,0
DA:2179,0
DA:2180,0
DA:2181,0
DA:2182,0
DA:2183,0
DA:2184,0
DA:2185,0
DA:2186,0
DA:2188,0
DA:2189,0
DA:2190,0
DA:2192,0
DA:2194,0
DA:2195,0
DA:2196,0
DA:2197,0
DA:2198,0
DA:2199,0
DA:2200,0
DA:2201,0
DA:2202,0
DA:2203,0
DA:2209,0
DA:2210,0
DA:2211,0
DA:2212,0
DA:2215,0
DA:2221,0
DA:2223,0
DA:2224,0
DA:2225,0
DA:2231,0
DA:2235,0
DA:2236,0
DA:2238,0
DA:2241,0
DA:2242,0
DA:2243,0
DA:2244,0
DA:2247,0
DA:2249,0
DA:2250,0
DA:2251,0
DA:2252,0
DA:2253,0
DA:2254,0
DA:2255,0
DA:2257,0
DA:2258,0
DA:2259,0
DA:2260,0
DA:2262,0
DA:2265,0
DA:2270,1
DA:2271,4
DA:2272,4
DA:2273,4
DA:2274,2
DA:2276,4
DA:2277,4
DA:2278,0
DA:2308,1
DA:2309,1
DA:2324,1
DA:2326,1
DA:2327,1
DA:2328,1
DA:2329,1
DA:2330,1
DA:2331,1
DA:2332,1
DA:2333,1
DA:2334,47
DA:2335,47
DA:2336,0
DA:2339,47
DA:2342,1
DA:2343,3
DA:2345,3
DA:2346,3
DA:2347,3
DA:2349,3
DA:2350,3
DA:2351,0
DA:2353,3
DA:2356,1
DA:2361,1
DA:2362,0
DA:2363,0
DA:2364,0
DA:2365,0
DA:2366,0
DA:2367,0
DA:2368,0
DA:2369,0
DA:2370,0
DA:2374,0
DA:2375,0
DA:2380,0
DA:2381,0
DA:2382,0
DA:2383,0
DA:2384,0
DA:2385,0
DA:2386,0
DA:2389,0
DA:2390,0
DA:2395,1
DA:2396,1
DA:2397,1
DA:2398,1
DA:2399,1
DA:2400,0
DA:2401,0
DA:2402,0
DA:2403,0
DA:2404,0
DA:2408,1
DA:2410,1
DA:2411,54
DA:2412,27
DA:2413,3
DA:2416,24
DA:2417,24
DA:2418,24
DA:2420,24
DA:2421,22
DA:2422,22
DA:2423,0
DA:2426,24
DA:2427,24
DA:2430,54
DA:2432,1
DA:2433,3
DA:2434,3
DA:2435,3
DA:2437,3
DA:2438,47
DA:2439,47
DA:2440,47
DA:2441,0
DA:2442,0
DA:2444,47
DA:2445,47
DA:2446,1
DA:2447,1
DA:2448,1
DA:2450,1
DA:2453,3
DA:2454,2
DA:2455,2
DA:2456,1
DA:2458,2
DA:2460,3
DA:2461,3
DA:2462,3
DA:2463,3
DA:2464,3
DA:2465,3
DA:2466,3
DA:2467,3
DA:2468,3
DA:2469,3
DA:2470,0
DA:2471,0
DA:2472,0
DA:2473,0
DA:2476,0
DA:2480,0
DA:2482,0
DA:2484,3
DA:2485,1
DA:2486,1
DA:2487,1
DA:2488,0
DA:2489,0
DA:2491,0
DA:2494,1
DA:2496,1
DA:2501,2
DA:2502,2
DA:2506,3
DA:2507,46
DA:2508,46
DA:2509,46
DA:2510,46
DA:2513,1
DA:2527,1
DA:2530,1
DA:2532,0
DA:2533,0
DA:2534,0
DA:2536,0
DA:2539,0
DA:2540,0
DA:2541,0
DA:2543,0
DA:2547,0
DA:2548,0
DA:2549,0
DA:2550,0
DA:2551,0
DA:2552,0
DA:2553,0
DA:2554,0
DA:2555,0
DA:2556,0
DA:2557,0
DA:2561,0
DA:2562,0
DA:2563,0
DA:2564,0
DA:2566,0
DA:2567,0
DA:2569,0
DA:2570,0
DA:2579,0
DA:2584,0
DA:2585,0
DA:2589,0
DA:2592,0
DA:2593,0
DA:2597,0
DA:2601,0
DA:2602,0
DA:2604,0
DA:2605,0
DA:2606,0
DA:2608,0
DA:2610,0
DA:2613,0
DA:2615,0
DA:2618,0
DA:2619,0
DA:2620,0
DA:2625,1
DA:2626,1
DA:2627,1
DA:2631,1
DA:2632,3
DA:2633,3
DA:2634,0
DA:2637,3
DA:2638,3
DA:2639,3
DA:2640,3
DA:2642,3
DA:2645,3
DA:2646,3
DA:2647,3
DA:2648,3
DA:2652,3
DA:2653,3
DA:2654,3
DA:2655,3
DA:2656,3
DA:2657,3
DA:2658,0
DA:2659,0
DA:2661,3
DA:2662,0
DA:2663,0
DA:2665,3
DA:2666,3
DA:2668,3
DA:2669,3
DA:2673,3
DA:2674,3
DA:2677,0
DA:2689,1
DA:2690,3
DA:2691,3
DA:2692,3
DA:2693,3
DA:2694,3
DA:2699,3
DA:2700,3
DA:2702,1
DA:2722,0
DA:2723,0
DA:2724,0
DA:2726,0
DA:2759,3
DA:2760,3
DA:2761,3
DA:2774,3
DA:2790,3
DA:2791,3
DA:2792,3
DA:2794,0
DA:2795,0
DA:2821,0
DA:2822,0
DA:2823,0
DA:2848,0
DA:2849,0
DA:2850,0
DA:2858,0
DA:2865,0
DA:2868,1
DA:2869,1
DA:2870,0
DA:2871,0
DA:2874,0
DA:2875,0
DA:2877,0
DA:2878,0
DA:2880,0
DA:2881,0
DA:2884,1
DA:2885,6
DA:2887,6
DA:2888,0
DA:2889,0
DA:2890,0
DA:2894,1
DA:2895,1
DA:2896,1
DA:2898,1
DA:2899,1
DA:2900,1
DA:2901,0
DA:2903,1
DA:2905,1
DA:2907,1
DA:2908,0
DA:2909,0
DA:2910,0
DA:2911,0
DA:2912,0
DA:2914,0
DA:2915,0
DA:2916,0
DA:2917,0
DA:2918,0
DA:2919,0
DA:2923,1
DA:2924,6
DA:2925,6
DA:2926,4
DA:2928,6
DA:2929,0
DA:2930,0
DA:2938,1
DA:2939,1
DA:2943,1
DA:2944,0
DA:2945,0
DA:2946,0
DA:2947,0
DA:2948,0
DA:2949,0
DA:2950,0
DA:2951,0
DA:2952,0
DA:2954,0
DA:2955,0
DA:2956,0
DA:2959,0
DA:2962,0
DA:2963,0
DA:2965,0
DA:2968,0
DA:2969,0
DA:2970,0
DA:2979,1
DA:2980,3
DA:2981,3
DA:2982,3
DA:2983,3
DA:2984,3
DA:2985,0
DA:2987,3
DA:2988,103
DA:2989,103
DA:2990,103
DA:2991,6
DA:2992,6
DA:2993,6
DA:2994,6
DA:2995,6
DA:2996,6
DA:2997,6
DA:2998,0
DA:2999,0
DA:3004,0
DA:3006,0
DA:3007,0
DA:3008,0
DA:3009,0
DA:3011,0
DA:3013,6
DA:3014,6
DA:3015,6
DA:3017,6
DA:3018,6
DA:3020,0
DA:3021,0
DA:3022,0
DA:3024,0
DA:3025,0
DA:3032,3
DA:3033,3
DA:3034,3
DA:3035,3
DA:3036,3
DA:3037,3
DA:3039,3
DA:3041,1
DA:3042,0
DA:3043,0
DA:3044,0
DA:3045,0
DA:3046,0
DA:3048,0
DA:3049,0
DA:3050,0
DA:3051,0
DA:3052,0
DA:3053,0
DA:3054,0
DA:3061,0
DA:3099,1
DA:3100,3
DA:3101,3
DA:3102,3
DA:3103,3
DA:3106,3
DA:3107,3
DA:3108,3
DA:3109,3
DA:3111,1
DA:3112,1
DA:3146,0
DA:3147,0
DA:3148,0
DA:3150,0
DA:3183,5
DA:3184,5
DA:3185,5
DA:3186,5
DA:3187,5
DA:3188,0
DA:3189,1
DA:3190,5
DA:3191,5
DA:3193,5
DA:3194,5
DA:3197,1
DA:3232,0
DA:3233,0
DA:3234,0
DA:3245,0
DA:3246,0
DA:3247,0
DA:3251,0
DA:3252,0
DA:3255,0
DA:3256,0
DA:3258,0
DA:3259,0
DA:3260,0
DA:3261,0
DA:3262,0
DA:3285,3
DA:3286,3
DA:3287,3
DA:3288,3
DA:3289,3
DA:3290,0
DA:3292,3
DA:3293,0
DA:3325,0
DA:3326,0
DA:3327,0
DA:3328,0
DA:3329,0
DA:3330,0
DA:3333,0
DA:3335,0
DA:3336,0
DA:3344,0
DA:3369,1
DA:3370,1
DA:3371,0
DA:3372,0
DA:3377,0
DA:3378,0
DA:3379,0
DA:3380,0
DA:3385,1
DA:3386,1
DA:3388,1
DA:3399,1
DA:3418,0
DA:3419,0
DA:3420,0
DA:3422,0
DA:3423,0
DA:3424,0
DA:3426,0
DA:3427,0
DA:3428,0
DA:3430,0
DA:3431,0
DA:3432,0
DA:3433,0
DA:3434,0
DA:3435,0
DA:3437,0
DA:3438,0
DA:3442,0
DA:3443,0
DA:3444,0
DA:3447,0
DA:3448,0
DA:3449,0
DA:3450,0
DA:3451,0
DA:3452,0
DA:3506,1
DA:3507,1
DA:3508,1
DA:3558,1
DA:3559,0
DA:3560,0
DA:3562,1
DA:3584,0
DA:3601,0
DA:3602,0
DA:3603,0
DA:3604,0
DA:3605,0
DA:3607,0
DA:3608,0
DA:3611,0
DA:3612,0
DA:3613,0
DA:3614,0
DA:3616,0
DA:3618,0
DA:3619,0
DA:3621,0
DA:3629,0
DA:3630,0
DA:3631,0
DA:3633,0
DA:3636,1
DA:3637,1
DA:3638,1
DA:3639,0
DA:3640,0
DA:3641,0
DA:3642,0
DA:3645,1
DA:3646,0
DA:3647,0
DA:3648,0
DA:3649,0
DA:3650,0
DA:3651,0
DA:3652,0
DA:3653,0
DA:3654,0
DA:3655,0
DA:3656,0
DA:3660,0
DA:3661,0
DA:3664,0
DA:3665,0
DA:3667,0
DA:3668,0
DA:3669,0
DA:3672,0
DA:3673,0
DA:3674,0
DA:3675,0
DA:3677,0
DA:3678,0
DA:3679,0
DA:3681,0
DA:3682,0
DA:3684,0
DA:3685,0
DA:3686,0
DA:3687,0
DA:3688,0
DA:3689,0
DA:3690,0
DA:3693,0
DA:3694,0
DA:3697,0
DA:3698,0
DA:3711,1
DA:3712,0
DA:3713,0
DA:3714,0
DA:3715,0
DA:3717,0
DA:3718,0
DA:3719,0
DA:3721,0
DA:3723,0
DA:3724,0
DA:3725,0
DA:3726,0
DA:3727,0
DA:3728,0
DA:3729,0
DA:3730,0
DA:3731,0
DA:3732,0
DA:3733,0
DA:3734,0
DA:3736,0
DA:3737,0
DA:3738,0
DA:3739,0
DA:3740,0
DA:3741,0
DA:3743,0
DA:3746,0
DA:3750,0
DA:3786,1
DA:3787,0
DA:3788,0
DA:3789,0
DA:3790,0
DA:3791,0
DA:3792,0
DA:3793,0
DA:3797,0
DA:3799,1
DA:3819,0
DA:3831,0
DA:3855,0
DA:3874,0
DA:3875,0
DA:3876,0
DA:3877,0
DA:3879,0
DA:3908,0
DA:3909,0
DA:3910,0
DA:3912,0
DA:3913,0
DA:3914,0
DA:3915,0
DA:3916,0
DA:3917,0
DA:3918,0
DA:3919,0
DA:3920,0
DA:3930,0
DA:3931,0
DA:3932,0
DA:3973,1
DA:3974,0
DA:3975,0
DA:3977,1
DA:3978,0
DA:3979,0
DA:3980,0
DA:3983,1
DA:3992,0
DA:3993,0
DA:3994,0
DA:3995,0
DA:3997,0
DA:3998,0
DA:3999,0
DA:4000,0
DA:4001,0
DA:4002,0
DA:4012,0
DA:4013,0
DA:4014,0
DA:4015,0
DA:4016,0
DA:4017,0
DA:4023,0
DA:4024,0
DA:4026,0
DA:4027,0
DA:4028,0
DA:4030,0
DA:4033,0
DA:4052,0
DA:4053,0
DA:4054,0
DA:4055,0
DA:4056,0
DA:4065,0
DA:4066,0
DA:4067,0
DA:4068,0
DA:4070,0
DA:4071,0
DA:4072,0
DA:4074,0
DA:4100,0
DA:4120,0
DA:4121,0
DA:4122,0
DA:4123,0
DA:4124,0
DA:4125,0
DA:4126,0
DA:4127,0
DA:4129,0
DA:4130,0
DA:4131,0
DA:4132,0
DA:4133,0
DA:4136,0
DA:4137,0
DA:4138,0
DA:4139,0
DA:4143,0
DA:4166,1
DA:4167,1
DA:4168,0
DA:4170,0
DA:4171,0
DA:4172,0
DA:4173,0
DA:4174,0
DA:4176,1
DA:4177,1
DA:4178,1
DA:4179,0
DA:4180,0
DA:4181,1
DA:4182,0
DA:4183,0
DA:4184,0
DA:4186,0
DA:4187,0
DA:4188,0
DA:4189,0
DA:4191,0
DA:4192,0
DA:4215,1
DA:4216,1
DA:4219,1
DA:4220,6
DA:4221,3
DA:4222,1
DA:4223,11
DA:4224,11
DA:4226,1
DA:4227,1
DA:4228,1
DA:4229,4
DA:4230,4
DA:4232,1
DA:4233,0
DA:4235,2
DA:4236,1
DA:4238,1
DA:4239,1
DA:4241,1
DA:4242,0
DA:4245,1
DA:4246,1
DA:4247,0
DA:4248,0
DA:4250,0
DA:4252,3
DA:4253,1
DA:4254,1
DA:4255,1
DA:4256,0
DA:4258,1
DA:4259,1
DA:4261,1
DA:4262,1
DA:4263,3
DA:4264,1
DA:4266,3
DA:4268,1
DA:4269,1
DA:4270,5
DA:4271,5
DA:4272,5
DA:4275,8
DA:4276,1
DA:4277,0
DA:4278,0
DA:4279,0
DA:4281,0
DA:4282,0
DA:4283,0
DA:4285,0
DA:4286,0
DA:4287,0
DA:4289,0
DA:4292,1
DA:4294,1
DA:4295,1
DA:4297,0
DA:4298,0
DA:4301,1
DA:4302,13
DA:4303,13
DA:4304,13
DA:4305,13
DA:4306,5
DA:4307,5
DA:4308,5
DA:4309,5
DA:4310,5
DA:4313,5
DA:4316,5
DA:4317,5
DA:4326,5
DA:4327,5
DA:4328,5
DA:4329,5
DA:4332,13
DA:4334,1
DA:4335,1
DA:4336,1
DA:4337,1
DA:4338,4
DA:4339,4
DA:4340,4
DA:4341,4
DA:4342,40
DA:4343,36
DA:4346,4
DA:4347,4
DA:4348,4
DA:4353,0
DA:4354,0
DA:4355,0
DA:4357,4
DA:4365,1
DA:4366,9
DA:4369,7
DA:4395,7
DA:4402,0
DA:4409,0
DA:4410,0
DA:4411,0
DA:4413,0
DA:4416,7
DA:4417,0
DA:4418,0
DA:4419,0
DA:4425,7
DA:4426,7
DA:4427,6
DA:4428,6
DA:4432,1
DA:4433,1
DA:4434,3
DA:4435,3
DA:4436,3
DA:4438,1
DA:4439,1
DA:4440,1
DA:4441,1
DA:4442,1
DA:4443,1
DA:4444,1
DA:4445,1
DA:4446,1
DA:4447,1
DA:4448,12
DA:4449,12
DA:4450,12
DA:4453,0
DA:4457,1
DA:4459,1
DA:4460,1
DA:4463,0
DA:4464,0
DA:4465,0
DA:4467,0
DA:4470,0
DA:4471,0
DA:4472,0
DA:4474,0
DA:4483,3
DA:4484,3
DA:4485,3
DA:4486,3
DA:4487,3
DA:4488,3
DA:4489,3
DA:4491,3
DA:4492,3
DA:4494,3
DA:4495,0
DA:4497,3
DA:4498,3
DA:4499,3
DA:4500,3
DA:4501,3
DA:4502,3
DA:4503,3
DA:4504,3
DA:4507,3
DA:4510,3
DA:4511,3
DA:4512,3
DA:4513,0
DA:4515,3
DA:4517,3
DA:4518,0
DA:4519,0
DA:4521,0
DA:4523,3
DA:4524,3
DA:4525,3
DA:4526,3
DA:4527,3
DA:4541,3
DA:4542,0
DA:4546,0
DA:4550,3
DA:4552,3
DA:4553,0
DA:4556,3
DA:4557,3
DA:4558,3
DA:4559,3
DA:4560,3
DA:4561,3
DA:4562,3
DA:4564,0
DA:4566,3
DA:4567,3
DA:4568,3
DA:4569,3
DA:4570,3
DA:4571,3
DA:4572,0
DA:4573,0
DA:4574,0
DA:4587,6
DA:4588,6
DA:4589,6
DA:4590,3
DA:4607,4
DA:4608,4
DA:4609,4
DA:4610,4
DA:4611,4
DA:4612,4
DA:4613,0
DA:4615,4
DA:4630,4
DA:4632,4
DA:4633,2
DA:4634,2
DA:4635,2
DA:4636,2
DA:4637,2
DA:4640,4
DA:4641,2
DA:4642,2
DA:4643,0
DA:4645,2
DA:4646,2
DA:4647,0
DA:4650,2
DA:4654,0
DA:4657,4
DA:4658,4
DA:4659,4
DA:4663,0
DA:4664,0
DA:4665,0
DA:4667,0
DA:4670,0
DA:4671,0
DA:4672,0
DA:4674,0
DA:4678,1
DA:4686,1
DA:4688,1
DA:4689,5
DA:4690,2
DA:4691,0
DA:4693,2
DA:4699,1
DA:4700,3
DA:4701,3
DA:4702,1
DA:4703,1
DA:4704,1
DA:4705,4
DA:4706,4
DA:4707,4
DA:4709,4
DA:4710,0
DA:4713,0
DA:4714,0
DA:4716,0
DA:4717,0
DA:4719,0
DA:4720,0
DA:4721,0
DA:4724,0
DA:4734,1
DA:4735,3
DA:4736,3
DA:4737,3
DA:4738,3
DA:4739,0
DA:4741,3
DA:4742,3
DA:4743,3
DA:4744,3
DA:4745,3
DA:4746,3
DA:4750,1
DA:4751,1
DA:4752,3
DA:4753,3
DA:4754,3
DA:4755,3
DA:4757,3
DA:4758,3
DA:4759,5
DA:4760,5
DA:4761,5
DA:4763,3
DA:4764,3
DA:4766,3
DA:4768,1
DA:4771,3
DA:4772,3
DA:4774,3
DA:4780,1
DA:4781,1
DA:4782,1
DA:4783,1
DA:4784,1
DA:4785,1
DA:4786,1
DA:4787,1
DA:4789,0
DA:4790,0
DA:4793,0
DA:4794,0
DA:4797,0
DA:4798,0
DA:4801,1
DA:4802,4
DA:4803,4
DA:4804,1
DA:4805,1
DA:4806,1
DA:4807,1
DA:4821,1
DA:4822,0
DA:4823,0
DA:4824,0
DA:4825,0
DA:4826,0
DA:4827,0
DA:4828,0
DA:4829,0
DA:4830,0
DA:4834,1
DA:4843,1
DA:4844,1
DA:4847,1
DA:4849,1
DA:4852,4
DA:4853,0
DA:4855,0
DA:4856,0
DA:4858,0
DA:4859,0
DA:4860,0
DA:4861,0
DA:4864,0
DA:4865,0
DA:4867,0
DA:4869,0
DA:4870,0
DA:4871,0
DA:4872,0
DA:4874,0
DA:4875,0
DA:4876,0
DA:4879,0
DA:4880,0
DA:4881,0
DA:4895,0
DA:4897,0
DA:4898,0
DA:4899,0
DA:4900,0
DA:4901,0
DA:4902,0
DA:4903,0
DA:4908,0
DA:4912,0
DA:4914,0
DA:4917,0
DA:4918,0
DA:4922,0
DA:4923,0
DA:4924,0
DA:4925,0
DA:4927,0
DA:4932,4
DA:4933,1
DA:4935,4
DA:4937,1
DA:4938,1
DA:4939,1
DA:4940,1
DA:4941,1
DA:4942,1
DA:4943,1
DA:4945,1
DA:4946,1
DA:4947,4
DA:4948,4
DA:4949,1
DA:4950,1
DA:4951,1
DA:4952,1
DA:4953,0
DA:4956,1
DA:4957,0
DA:4959,1
DA:4960,1
DA:4961,0
DA:4963,1
DA:4965,1
DA:4966,1
DA:4967,1
DA:4968,1
DA:4969,1
DA:4970,1
DA:4971,1
DA:4981,1
DA:4984,1
DA:4985,1
DA:4991,1
DA:4992,1
DA:4993,0
DA:4994,0
DA:4997,0
DA:5003,0
DA:5005,1
DA:5006,1
DA:5007,0
DA:5013,4
DA:5017,0
DA:5018,0
DA:5020,0
DA:5023,4
DA:5024,4
DA:5025,4
DA:5026,1
DA:5029,4
DA:5031,1
DA:5032,1
DA:5033,1
DA:5034,5
DA:5035,5
DA:5036,4
DA:5037,2
DA:5039,4
DA:5040,4
DA:5041,4
DA:5042,4
DA:5044,4
DA:5047,1
DA:5052,1
DA:5053,4
DA:5054,0
DA:5055,0
DA:5056,0
DA:5060,4
DA:5062,4
DA:5063,0
DA:5066,4
DA:5069,1
DA:5070,0
DA:5071,0
DA:5072,0
DA:5073,0
DA:5074,0
DA:5075,0
DA:5077,0
DA:5079,0
DA:5081,1
DA:5082,7
DA:5084,7
DA:5085,7
DA:5087,7
DA:5088,0
DA:5089,0
DA:5091,0
DA:5092,0
DA:5093,0
DA:5094,0
DA:5095,0
DA:5096,0
DA:5097,0
DA:5104,7
DA:5107,1
DA:5108,1
DA:5109,1
DA:5110,1
DA:5111,1
DA:5112,0
DA:5113,0
DA:5114,0
DA:5115,0
DA:5116,0
DA:5118,0
DA:5121,1
DA:5122,2
DA:5124,1
DA:5125,1
DA:5126,0
DA:5130,1
DA:5131,1
DA:5133,1
DA:5134,1
DA:5135,1
DA:5136,1
DA:5140,1
DA:5141,1
DA:5144,0
DA:5145,0
DA:5146,0
DA:5147,0
DA:5150,0
DA:5152,0
DA:5154,0
DA:5157,0
DA:5158,0
DA:5165,1
DA:5166,1
DA:5167,1
DA:5169,1
DA:5173,1
DA:5176,0
DA:5177,0
DA:5180,1
DA:5181,1
DA:5182,1
DA:5183,1
DA:5184,1
DA:5185,1
DA:5187,1
DA:5188,0
DA:5189,0
DA:5191,1
DA:5193,1
DA:5197,1
DA:5199,1
DA:5200,0
DA:5201,0
DA:5202,0
DA:5207,0
DA:5208,0
DA:5210,1
DA:5213,1
DA:5214,1
DA:5217,1
DA:5218,1
DA:5221,0
DA:5224,3
DA:5232,1
DA:5233,1
DA:5234,1
DA:5235,1
DA:5246,4
DA:5247,4
DA:5248,4
DA:5249,4
DA:5252,4
DA:5253,0
DA:5256,4
DA:5257,4
DA:5259,4
DA:5260,4
DA:5261,4
DA:5262,3
DA:5263,0
DA:5278,1
DA:5279,1
DA:5280,1
DA:5281,1
DA:5282,1
DA:5285,1
DA:5288,1
DA:5302,1
DA:5303,1
DA:5304,1
DA:5306,1
DA:5307,0
DA:5308,1
DA:5309,1
DA:5310,1
DA:5311,1
DA:5312,1
DA:5315,0
DA:5316,0
DA:5318,0
DA:5323,1
DA:5324,1
DA:5325,1
DA:5326,1
DA:5327,1
DA:5328,1
DA:5329,1
DA:5337,1
DA:5368,0
DA:5369,0
DA:5370,0
DA:5378,0
DA:5379,0
DA:5380,0
DA:5381,0
DA:5382,0
DA:5383,0
DA:5385,0
DA:5386,0
DA:5394,0
DA:5395,0
DA:5396,0
DA:5399,0
DA:5400,0
DA:5401,0
DA:5402,0
DA:5406,0
DA:5407,0
DA:5408,0
DA:5410,0
DA:5413,0
DA:5422,0
DA:5423,0
DA:5424,0
DA:5426,0
DA:5429,0
DA:5434,0
DA:5435,0
DA:5444,0
DA:5445,0
DA:5446,0
DA:5447,0
DA:5449,0
DA:5450,0
DA:5451,0
DA:5465,0
DA:5466,0
DA:5467,0
DA:5468,0
DA:5470,0
DA:5472,0
DA:5473,0
DA:5474,0
DA:5475,0
DA:5476,0
DA:5477,0
DA:5478,0
DA:5480,0
DA:5481,0
DA:5482,0
DA:5483,0
DA:5484,0
DA:5485,0
DA:5486,0
DA:5487,0
DA:5488,0
DA:5489,0
DA:5490,0
DA:5492,0
DA:5493,0
DA:5494,0
DA:5495,0
DA:5496,0
DA:5497,0
DA:5498,0
DA:5499,0
DA:5500,0
DA:5501,0
DA:5502,0
DA:5503,0
DA:5506,0
DA:5507,0
DA:5508,0
DA:5510,0
DA:5511,0
DA:5512,0
DA:5513,0
DA:5514,0
DA:5516,0
DA:5519,0
DA:5520,0
DA:5521,0
DA:5522,0
DA:5523,0
DA:5528,0
DA:5530,0
DA:5536,0
DA:5537,0
DA:5538,0
DA:5539,0
DA:5542,0
DA:5543,0
DA:5544,0
DA:5547,0
DA:5549,0
DA:5550,0
DA:5551,0
DA:5552,0
DA:5553,0
DA:5554,0
DA:5555,0
DA:5556,0
DA:5559,0
DA:5561,0
DA:5562,0
DA:5565,0
DA:5566,0
DA:5567,0
DA:5568,0
DA:5572,0
DA:5573,0
DA:5574,0
DA:5575,0
DA:5576,0
DA:5577,0
DA:5578,0
DA:5579,0
DA:5580,0
DA:5581,0
DA:5584,0
DA:5585,0
DA:5586,0
DA:5587,0
DA:5592,0
DA:5595,0
DA:5600,0
DA:5603,0
DA:5641,0
DA:5650,0
DA:5659,0
DA:5660,0
DA:5669,0
DA:5670,0
DA:5679,0
DA:5680,0
DA:5689,0
DA:5690,0
DA:5697,0
DA:5698,0
DA:5699,0
DA:5700,0
DA:5701,0
DA:5702,0
DA:5703,0
DA:5704,0
DA:5705,0
DA:5706,0
DA:5707,0
DA:5708,0
DA:5709,0
DA:5710,0
DA:5713,0
DA:5716,0
DA:5717,0
DA:5718,0
DA:5726,0
DA:5727,0
DA:5728,0
DA:5729,0
DA:5730,0
DA:5731,0
DA:5732,0
DA:5734,0
DA:5741,0
DA:5742,0
DA:5743,0
DA:5744,0
DA:5745,0
DA:5746,0
DA:5747,0
DA:5750,0
DA:5756,0
DA:5757,0
DA:5758,0
DA:5761,0
DA:5794,0
DA:5795,0
DA:5796,0
DA:5797,0
DA:5799,0
DA:5800,0
DA:5801,0
DA:5802,0
DA:5803,0
DA:5805,0
DA:5806,0
DA:5808,0
DA:5816,0
DA:5817,0
DA:5910,0
DA:5911,0
DA:5912,0
DA:5913,0
DA:5914,0
DA:5917,0
DA:5918,0
DA:5919,0
DA:5920,0
DA:5922,0
DA:5923,0
DA:5924,0
DA:5925,0
DA:5926,0
DA:5928,0
DA:5929,0
DA:5930,0
DA:5932,0
DA:5933,0
DA:5935,0
DA:5936,0
DA:5937,0
DA:5946,0
DA:5947,0
DA:5948,0
DA:5949,0
DA:5950,0
DA:5953,0
DA:5955,0
DA:5956,0
DA:5957,0
DA:5959,0
DA:5968,0
DA:5969,0
DA:5970,0
DA:5971,0
DA:5972,0
DA:5974,0
DA:5975,0
DA:5976,0
DA:5978,0
DA:5991,0
DA:6000,0
DA:6009,0
DA:6010,0
DA:6019,0
DA:6020,0
DA:6029,0
DA:6030,0
DA:6039,0
DA:6040,0
DA:6047,0
DA:6048,0
DA:6049,0
DA:6056,0
DA:6057,0
DA:6058,0
DA:6059,0
DA:6060,0
DA:6061,0
DA:6062,0
DA:6063,0
DA:6064,0
DA:6065,0
DA:6066,0
DA:6067,0
DA:6078,0
DA:6079,0
DA:6080,0
DA:6081,0
DA:6084,0
DA:6093,0
DA:6101,0
DA:6109,0
DA:6117,0
DA:6125,0
DA:6133,0
DA:6141,0
DA:6142,0
DA:6143,0
DA:6144,0
DA:6145,0
DA:6146,0
DA:6147,0
DA:6150,0
DA:6151,0
DA:6152,0
DA:6153,0
DA:6156,0
DA:6157,0
DA:6158,0
DA:6159,0
DA:6160,0
DA:6162,0
DA:6163,0
DA:6164,0
DA:6165,0
DA:6166,0
DA:6167,0
DA:6169,0
DA:6170,0
DA:6171,0
DA:6172,0
DA:6177,0
DA:6180,0
DA:6189,1
DA:6190,0
DA:6191,0
DA:6192,0
DA:6193,0
DA:6194,0
DA:6197,0
DA:6200,0
DA:6201,0
DA:6213,0
DA:6214,0
DA:6215,0
DA:6216,0
DA:6217,0
DA:6218,0
DA:6220,0
DA:6221,0
DA:6225,0
DA:6226,0
DA:6227,0
DA:6228,0
DA:6230,0
DA:6232,0
DA:6233,0
DA:6255,0
DA:6278,0
DA:6308,0
DA:6315,0
DA:6323,0
DA:6324,0
DA:6325,0
DA:6328,0
DA:6330,0
DA:6331,0
DA:6332,0
DA:6333,0
DA:6334,0
DA:6335,0
DA:6336,0
DA:6337,0
DA:6338,0
DA:6339,0
DA:6343,0
DA:6347,0
DA:6355,0
DA:6363,0
DA:6364,0
DA:6375,0
DA:6376,0
DA:6379,0
DA:6381,0
DA:6382,0
DA:6383,0
DA:6384,0
DA:6385,0
DA:6386,0
DA:6387,0
DA:6388,0
DA:6389,0
DA:6390,0
DA:6391,0
DA:6395,0
DA:6396,0
DA:6397,0
DA:6407,0
DA:6408,0
DA:6416,0
DA:6441,0
DA:6442,0
DA:6443,0
DA:6444,0
DA:6445,0
DA:6446,0
DA:6449,0
DA:6451,0
DA:6452,0
DA:6453,0
DA:6454,0
DA:6455,0
DA:6457,0
DA:6465,0
DA:6466,0
DA:6467,0
DA:6468,0
DA:6469,0
DA:6470,0
DA:6471,0
DA:6472,0
DA:6473,0
DA:6474,0
DA:6477,0
DA:6479,0
DA:6481,0
DA:6482,0
DA:6484,0
DA:6492,0
DA:6493,0
DA:6494,0
DA:6495,0
DA:6496,0
DA:6498,0
DA:6506,0
DA:6507,0
DA:6508,0
DA:6509,0
DA:6510,0
DA:6512,0
DA:6513,0
DA:6514,0
DA:6516,0
DA:6517,0
DA:6518,0
DA:6520,0
DA:6521,0
DA:6525,0
DA:6526,0
DA:6527,0
DA:6529,0
DA:6537,0
DA:6538,0
DA:6539,0
DA:6540,0
DA:6541,0
DA:6542,0
DA:6543,0
DA:6544,0
DA:6545,0
DA:6546,0
DA:6547,0
DA:6548,0
DA:6549,0
DA:6553,0
DA:6554,0
DA:6555,0
DA:6556,0
DA:6560,0
DA:6562,0
DA:6563,0
DA:6564,0
DA:6569,0
DA:6570,0
DA:6572,0
DA:6573,0
DA:6575,0
DA:6581,0
DA:6582,0
DA:6583,0
DA:6585,0
DA:6586,0
DA:6593,0
DA:6626,0
DA:6627,0
DA:6628,0
DA:6629,0
DA:6630,0
DA:6637,0
DA:6640,0
DA:6641,0
DA:6642,0
DA:6644,0
DA:6649,1
DA:6650,1
DA:6654,1
DA:6655,1
DA:6656,1
DA:6657,0
DA:6664,1
LF:2661
LH:1145
BRDA:13,1,0,1
BRDA:13,1,1,0
BRDA:55,2,0,50
BRDA:55,2,1,50
BRDA:66,3,0,0
BRDA:66,3,1,18
BRDA:67,4,0,0
BRDA:67,4,1,0
BRDA:73,5,0,0
BRDA:73,5,1,0
BRDA:73,6,0,0
BRDA:73,6,1,0
BRDA:84,7,0,0
BRDA:84,7,1,0
BRDA:84,8,0,0
BRDA:84,8,1,0
BRDA:86,9,0,0
BRDA:86,9,1,0
BRDA:99,10,0,271
BRDA:99,10,1,0
BRDA:107,11,0,13
BRDA:107,11,1,0
BRDA:116,12,0,0
BRDA:116,12,1,0
BRDA:116,13,0,0
BRDA:116,13,1,0
BRDA:122,14,0,0
BRDA:122,14,1,0
BRDA:122,15,0,0
BRDA:122,15,1,0
BRDA:124,16,0,0
BRDA:124,16,1,0
BRDA:132,17,0,51
BRDA:132,17,1,48
BRDA:134,18,0,55
BRDA:134,18,1,7
BRDA:135,19,0,44
BRDA:135,19,1,11
BRDA:137,20,0,39
BRDA:137,20,1,16
BRDA:142,21,0,52
BRDA:142,21,1,44
BRDA:150,22,0,359
BRDA:150,22,1,359
BRDA:153,23,0,0
BRDA:153,23,1,0
BRDA:153,24,0,0
BRDA:153,24,1,0
BRDA:155,25,0,0
BRDA:155,25,1,0
BRDA:162,26,0,0
BRDA:162,26,1,0
BRDA:162,27,0,0
BRDA:162,27,1,0
BRDA:165,28,0,0
BRDA:165,28,1,0
BRDA:169,29,0,0
BRDA:169,29,1,0
BRDA:174,30,0,0
BRDA:174,30,1,0
BRDA:193,31,0,6
BRDA:193,31,1,5
BRDA:194,32,0,6
BRDA:194,32,1,5
BRDA:210,33,0,13
BRDA:210,33,1,32
BRDA:245,34,0,33
BRDA:245,34,1,0
BRDA:246,35,0,0
BRDA:246,35,1,33
BRDA:252,36,0,0
BRDA:252,36,1,0
BRDA:274,37,0,0
BRDA:274,37,1,0
BRDA:278,38,0,0
BRDA:278,38,1,0
BRDA:293,39,0,5
BRDA:293,39,1,3
BRDA:298,40,0,5
BRDA:298,40,1,0
BRDA:317,41,0,0
BRDA:317,41,1,0
BRDA:318,42,0,0
BRDA:318,42,1,0
BRDA:318,43,0,0
BRDA:318,43,1,0
BRDA:319,44,0,0
BRDA:319,44,1,0
BRDA:322,45,0,0
BRDA:322,45,1,0
BRDA:325,46,0,1
BRDA:325,46,1,0
BRDA:327,47,0,1
BRDA:327,47,1,0
BRDA:330,48,0,0
BRDA:330,48,1,0
BRDA:336,49,0,0
BRDA:336,49,1,0
BRDA:336,50,0,0
BRDA:336,50,1,0
BRDA:341,51,0,0
BRDA:341,51,1,0
BRDA:341,52,0,0
BRDA:341,52,1,0
BRDA:345,53,0,0
BRDA:345,53,1,0
BRDA:352,54,0,0
BRDA:352,54,1,0
BRDA:352,55,0,0
BRDA:352,55,1,0
BRDA:355,56,0,0
BRDA:355,56,1,0
BRDA:355,57,0,0
BRDA:355,57,1,0
BRDA:355,57,2,0
BRDA:451,58,0,22
BRDA:451,58,1,5
BRDA:454,59,0,4
BRDA:454,59,1,18
BRDA:454,60,0,22
BRDA:454,60,1,10
BRDA:492,61,0,7
BRDA:492,61,1,0
BRDA:492,62,0,7
BRDA:492,62,1,7
BRDA:492,62,2,0
BRDA:497,63,0,3
BRDA:497,63,1,0
BRDA:498,64,0,3
BRDA:498,64,1,3
BRDA:498,65,0,0
BRDA:498,65,1,3
BRDA:504,66,0,3
BRDA:504,66,1,0
BRDA:507,67,0,3
BRDA:507,67,1,13
BRDA:507,68,0,16
BRDA:507,68,1,3
BRDA:507,69,0,3
BRDA:507,69,1,13
BRDA:514,70,0,0
BRDA:514,70,1,1
BRDA:520,71,0,0
BRDA:520,71,1,1
BRDA:527,72,0,1
BRDA:527,72,1,0
BRDA:575,73,0,0
BRDA:575,73,1,0
BRDA:576,74,0,0
BRDA:576,74,1,0
BRDA:863,75,0,21
BRDA:863,75,1,26
BRDA:865,76,0,39
BRDA:865,76,1,8
BRDA:867,77,0,18
BRDA:867,77,1,29
BRDA:871,78,0,0
BRDA:871,78,1,26
BRDA:873,79,0,26
BRDA:873,79,1,0
BRDA:878,80,0,0
BRDA:878,80,1,0
BRDA:885,81,0,0
BRDA:885,81,1,47
BRDA:887,82,0,3
BRDA:887,82,1,44
BRDA:910,83,0,17
BRDA:910,83,1,13
BRDA:922,84,0,0
BRDA:922,84,1,7
BRDA:923,85,0,0
BRDA:923,85,1,0
BRDA:926,86,0,0
BRDA:926,86,1,0
BRDA:947,87,0,0
BRDA:947,87,1,0
BRDA:951,88,0,0
BRDA:951,88,1,0
BRDA:961,89,0,0
BRDA:961,89,1,0
BRDA:974,90,0,0
BRDA:974,90,1,0
BRDA:976,91,0,0
BRDA:976,91,1,0
BRDA:979,92,0,0
BRDA:979,92,1,0
BRDA:986,93,0,1
BRDA:986,93,1,0
BRDA:993,94,0,0
BRDA:993,94,1,0
BRDA:998,95,0,0
BRDA:998,95,1,4
BRDA:1025,96,0,0
BRDA:1025,96,1,0
BRDA:1026,97,0,0
BRDA:1026,97,1,0
BRDA:1027,98,0,0
BRDA:1027,98,1,0
BRDA:1027,99,0,0
BRDA:1027,99,1,0
BRDA:1029,100,0,0
BRDA:1029,100,1,0
BRDA:1029,101,0,0
BRDA:1029,101,1,0
BRDA:1034,102,0,0
BRDA:1034,102,1,0
BRDA:1036,103,0,0
BRDA:1036,103,1,0
BRDA:1036,104,0,0
BRDA:1036,104,1,0
BRDA:1041,105,0,0
BRDA:1041,105,1,0
BRDA:1043,106,0,0
BRDA:1043,106,1,0
BRDA:1043,107,0,0
BRDA:1043,107,1,0
BRDA:1055,108,0,0
BRDA:1055,108,1,0
BRDA:1056,109,0,0
BRDA:1056,109,1,0
BRDA:1056,110,0,0
BRDA:1056,110,1,0
BRDA:1069,111,0,0
BRDA:1069,111,1,0
BRDA:1072,112,0,0
BRDA:1072,112,1,0
BRDA:1092,113,0,0
BRDA:1092,113,1,0
BRDA:1095,114,0,0
BRDA:1095,114,1,0
BRDA:1142,115,0,1
BRDA:1142,115,1,0
BRDA:1142,115,2,0
BRDA:1142,115,3,0
BRDA:1148,116,0,0
BRDA:1148,116,1,6
BRDA:1157,117,0,3
BRDA:1157,117,1,0
BRDA:1166,118,0,0
BRDA:1166,118,1,3
BRDA:1171,119,0,3
BRDA:1171,119,1,0
BRDA:1191,120,0,3
BRDA:1191,120,1,0
BRDA:1191,121,0,3
BRDA:1191,121,1,3
BRDA:1197,122,0,0
BRDA:1197,122,1,0
BRDA:1200,123,0,0
BRDA:1200,123,1,0
BRDA:1202,124,0,0
BRDA:1202,124,1,0
BRDA:1213,125,0,1
BRDA:1213,125,1,4
BRDA:1214,126,0,1
BRDA:1214,126,1,0
BRDA:1217,127,0,1
BRDA:1217,127,1,0
BRDA:1227,128,0,5
BRDA:1227,128,1,0
BRDA:1228,129,0,5
BRDA:1228,129,1,1
BRDA:1228,129,2,0
BRDA:1228,129,3,1
BRDA:1229,130,0,0
BRDA:1229,130,1,5
BRDA:1235,131,0,5
BRDA:1235,131,1,4
BRDA:1235,131,2,4
BRDA:1239,132,0,0
BRDA:1239,132,1,5
BRDA:1240,133,0,0
BRDA:1240,133,1,0
BRDA:1241,134,0,0
BRDA:1241,134,1,0
BRDA:1254,135,0,4
BRDA:1254,135,1,0
BRDA:1265,136,0,12
BRDA:1265,136,1,7
BRDA:1290,137,0,0
BRDA:1290,137,1,0
BRDA:1292,138,0,0
BRDA:1292,138,1,0
BRDA:1298,139,0,0
BRDA:1298,139,1,0
BRDA:1310,140,0,0
BRDA:1310,140,1,0
BRDA:1315,141,0,0
BRDA:1315,141,1,0
BRDA:1323,142,0,4
BRDA:1323,142,1,0
BRDA:1323,143,0,4
BRDA:1323,143,1,4
BRDA:1325,144,0,2
BRDA:1325,144,1,2
BRDA:1326,145,0,2
BRDA:1326,145,1,2
BRDA:1331,146,0,4
BRDA:1331,146,1,0
BRDA:1388,147,0,1
BRDA:1388,147,1,2
BRDA:1388,148,0,3
BRDA:1388,148,1,3
BRDA:1399,149,0,1
BRDA:1399,149,1,2
BRDA:1401,150,0,1
BRDA:1401,150,1,0
BRDA:1403,151,0,0
BRDA:1403,151,1,0
BRDA:1408,152,0,2
BRDA:1408,152,1,0
BRDA:1433,153,0,0
BRDA:1433,153,1,0
BRDA:1433,154,0,0
BRDA:1433,154,1,0
BRDA:1433,154,2,0
BRDA:1433,154,3,0
BRDA:1436,155,0,0
BRDA:1436,155,1,0
BRDA:1462,156,0,0
BRDA:1462,156,1,0
BRDA:1480,157,0,1
BRDA:1480,157,1,3
BRDA:1492,158,0,4
BRDA:1492,158,1,2
BRDA:1492,159,0,6
BRDA:1492,159,1,6
BRDA:1492,159,2,6
BRDA:1493,160,0,3
BRDA:1493,160,1,1
BRDA:1499,161,0,2
BRDA:1499,161,1,2
BRDA:1499,162,0,4
BRDA:1499,162,1,3
BRDA:1507,163,0,3
BRDA:1507,163,1,4
BRDA:1507,164,0,7
BRDA:1507,164,1,5
BRDA:1513,165,0,2
BRDA:1513,165,1,1
BRDA:1513,166,0,3
BRDA:1513,166,1,2
BRDA:1522,167,0,3
BRDA:1522,167,1,2
BRDA:1523,168,0,2
BRDA:1523,168,1,1
BRDA:1524,169,0,0
BRDA:1524,169,1,3
BRDA:1535,170,0,1
BRDA:1535,170,1,4
BRDA:1542,171,0,1
BRDA:1542,171,1,0
BRDA:1550,172,0,3
BRDA:1550,172,1,0
BRDA:1556,173,0,3
BRDA:1556,173,1,0
BRDA:1564,174,0,0
BRDA:1564,174,1,0
BRDA:1573,175,0,2
BRDA:1573,175,1,0
BRDA:1580,176,0,2
BRDA:1580,176,1,0
BRDA:1606,177,0,3
BRDA:1606,177,1,0
BRDA:1608,178,0,2
BRDA:1608,178,1,1
BRDA:1608,179,0,3
BRDA:1608,179,1,3
BRDA:1610,180,0,0
BRDA:1610,180,1,2
BRDA:1610,181,0,2
BRDA:1610,181,1,2
BRDA:1610,181,2,2
BRDA:1620,182,0,3
BRDA:1620,182,1,3
BRDA:1674,183,0,0
BRDA:1674,183,1,0
BRDA:1674,184,0,0
BRDA:1674,184,1,0
BRDA:1682,185,0,0
BRDA:1682,185,1,0
BRDA:1682,186,0,0
BRDA:1682,186,1,0
BRDA:1690,187,0,0
BRDA:1690,187,1,0
BRDA:1691,188,0,0
BRDA:1691,188,1,0
BRDA:1696,189,0,0
BRDA:1696,189,1,0
BRDA:1708,190,0,0
BRDA:1708,190,1,0
BRDA:1708,191,0,0
BRDA:1708,191,1,0
BRDA:1713,192,0,0
BRDA:1713,192,1,0
BRDA:1713,193,0,0
BRDA:1713,193,1,0
BRDA:1713,193,2,0
BRDA:1713,193,3,0
BRDA:1713,193,4,0
BRDA:1713,193,5,0
BRDA:1726,194,0,0
BRDA:1726,194,1,0
BRDA:1728,195,0,0
BRDA:1728,195,1,0
BRDA:1743,196,0,3
BRDA:1743,196,1,3
BRDA:1744,197,0,1
BRDA:1744,197,1,2
BRDA:1754,198,0,3
BRDA:1754,198,1,0
BRDA:1765,199,0,3
BRDA:1765,199,1,0
BRDA:1765,200,0,3
BRDA:1765,200,1,3
BRDA:1768,201,0,1
BRDA:1768,201,1,2
BRDA:1795,202,0,2
BRDA:1795,202,1,0
BRDA:1796,203,0,2
BRDA:1796,203,1,0
BRDA:1803,204,0,0
BRDA:1803,204,1,2
BRDA:1829,205,0,0
BRDA:1829,205,1,0
BRDA:1849,206,0,0
BRDA:1849,206,1,0
BRDA:1857,207,0,0
BRDA:1857,207,1,0
BRDA:1857,208,0,0
BRDA:1857,208,1,0
BRDA:1860,209,0,0
BRDA:1860,209,1,0
BRDA:1861,210,0,0
BRDA:1861,210,1,0
BRDA:1873,211,0,0
BRDA:1873,211,1,0
BRDA:1883,212,0,2
BRDA:1883,212,1,0
BRDA:1886,213,0,2
BRDA:1886,213,1,0
BRDA:1898,214,0,2
BRDA:1898,214,1,0
BRDA:1898,215,0,2
BRDA:1898,215,1,2
BRDA:1902,216,0,0
BRDA:1902,216,1,2
BRDA:1915,217,0,2
BRDA:1915,217,1,0
BRDA:1915,218,0,2
BRDA:1915,218,1,0
BRDA:1915,218,2,0
BRDA:1919,219,0,0
BRDA:1919,219,1,51
BRDA:1931,220,0,0
BRDA:1931,220,1,0
BRDA:1932,221,0,0
BRDA:1932,221,1,0
BRDA:1948,222,0,7
BRDA:1948,222,1,3
BRDA:1966,223,0,7
BRDA:1966,223,1,0
BRDA:1966,224,0,7
BRDA:1966,224,1,7
BRDA:1967,225,0,7
BRDA:1967,225,1,7
BRDA:1971,226,0,0
BRDA:1971,226,1,0
BRDA:2015,227,0,0
BRDA:2015,227,1,0
BRDA:2073,228,0,0
BRDA:2073,228,1,0
BRDA:2075,229,0,0
BRDA:2075,229,1,0
BRDA:2076,230,0,0
BRDA:2076,230,1,0
BRDA:2087,231,0,0
BRDA:2087,231,1,0
BRDA:2087,232,0,0
BRDA:2087,232,1,0
BRDA:2087,232,2,0
BRDA:2088,233,0,0
BRDA:2088,233,1,0
BRDA:2088,234,0,0
BRDA:2088,234,1,0
BRDA:2093,235,0,0
BRDA:2093,235,1,0
BRDA:2095,236,0,0
BRDA:2095,236,1,0
BRDA:2096,237,0,0
BRDA:2096,237,1,0
BRDA:2096,238,0,0
BRDA:2096,238,1,0
BRDA:2096,238,2,0
BRDA:2106,239,0,0
BRDA:2106,239,1,0
BRDA:2109,240,0,0
BRDA:2109,240,1,0
BRDA:2114,241,0,0
BRDA:2114,241,1,0
BRDA:2116,242,0,0
BRDA:2116,242,1,0
BRDA:2134,243,0,0
BRDA:2134,243,1,0
BRDA:2134,244,0,0
BRDA:2134,244,1,0
BRDA:2143,245,0,0
BRDA:2143,245,1,0
BRDA:2147,246,0,0
BRDA:2147,246,1,0
BRDA:2147,247,0,0
BRDA:2147,247,1,0
BRDA:2152,248,0,0
BRDA:2152,248,1,0
BRDA:2157,249,0,0
BRDA:2157,249,1,0
BRDA:2157,250,0,0
BRDA:2157,250,1,0
BRDA:2158,251,0,0
BRDA:2158,251,1,0
BRDA:2158,252,0,0
BRDA:2158,252,1,0
BRDA:2164,253,0,0
BRDA:2164,253,1,0
BRDA:2167,254,0,0
BRDA:2167,254,1,0
BRDA:2181,255,0,0
BRDA:2181,255,1,0
BRDA:2185,256,0,0
BRDA:2185,256,1,0
BRDA:2185,257,0,0
BRDA:2185,257,1,0
BRDA:2188,258,0,0
BRDA:2188,258,1,0
BRDA:2189,259,0,0
BRDA:2189,259,1,0
BRDA:2189,260,0,0
BRDA:2189,260,1,0
BRDA:2195,261,0,0
BRDA:2195,261,1,0
BRDA:2196,262,0,0
BRDA:2196,262,1,0
BRDA:2199,263,0,0
BRDA:2199,263,1,0
BRDA:2201,264,0,0
BRDA:2201,264,1,0
BRDA:2209,265,0,0
BRDA:2209,265,1,0
BRDA:2210,266,0,0
BRDA:2210,266,1,0
BRDA:2211,267,0,0
BRDA:2211,267,1,0
BRDA:2223,268,0,0
BRDA:2223,268,1,0
BRDA:2224,269,0,0
BRDA:2224,269,1,0
BRDA:2224,270,0,0
BRDA:2224,270,1,0
BRDA:2231,271,0,0
BRDA:2231,271,1,0
BRDA:2231,272,0,0
BRDA:2231,272,1,0
BRDA:2231,272,2,0
BRDA:2231,272,3,0
BRDA:2235,273,0,0
BRDA:2235,273,1,0
BRDA:2243,274,0,0
BRDA:2243,274,1,0
BRDA:2247,275,0,0
BRDA:2247,275,1,0
BRDA:2249,276,0,0
BRDA:2249,276,1,0
BRDA:2253,277,0,0
BRDA:2253,277,1,0
BRDA:2254,278,0,0
BRDA:2254,278,1,0
BRDA:2257,279,0,0
BRDA:2257,279,1,0
BRDA:2258,280,0,0
BRDA:2258,280,1,0
BRDA:2272,281,0,2
BRDA:2272,281,1,2
BRDA:2273,282,0,2
BRDA:2273,282,1,2
BRDA:2273,283,0,4
BRDA:2273,283,1,3
BRDA:2277,284,0,0
BRDA:2277,284,1,4
BRDA:2335,285,0,0
BRDA:2335,285,1,47
BRDA:2345,286,0,0
BRDA:2345,286,1,3
BRDA:2345,287,0,3
BRDA:2345,287,1,0
BRDA:2346,288,0,3
BRDA:2346,288,1,3
BRDA:2367,289,0,0
BRDA:2367,289,1,0
BRDA:2368,290,0,0
BRDA:2368,290,1,0
BRDA:2369,291,0,0
BRDA:2369,291,1,0
BRDA:2384,292,0,0
BRDA:2384,292,1,0
BRDA:2385,293,0,0
BRDA:2385,293,1,0
BRDA:2399,294,0,0
BRDA:2399,294,1,1
BRDA:2402,295,0,0
BRDA:2402,295,1,0
BRDA:2411,296,0,27
BRDA:2411,296,1,27
BRDA:2412,297,0,3
BRDA:2412,297,1,24
BRDA:2416,298,0,0
BRDA:2416,298,1,24
BRDA:2417,299,0,24
BRDA:2417,299,1,0
BRDA:2420,300,0,22
BRDA:2420,300,1,2
BRDA:2422,301,0,0
BRDA:2422,301,1,22
BRDA:2440,302,0,0
BRDA:2440,302,1,47
BRDA:2441,303,0,0
BRDA:2441,303,1,0
BRDA:2445,304,0,1
BRDA:2445,304,1,46
BRDA:2447,305,0,1
BRDA:2447,305,1,0
BRDA:2455,306,0,1
BRDA:2455,306,1,1
BRDA:2469,307,0,0
BRDA:2469,307,1,3
BRDA:2469,308,0,3
BRDA:2469,308,1,0
BRDA:2470,309,0,0
BRDA:2470,309,1,0
BRDA:2471,310,0,0
BRDA:2471,310,1,0
BRDA:2471,311,0,0
BRDA:2471,311,1,0
BRDA:2484,312,0,1
BRDA:2484,312,1,2
BRDA:2487,313,0,0
BRDA:2487,313,1,1
BRDA:2487,314,0,1
BRDA:2487,314,1,0
BRDA:2487,314,2,0
BRDA:2527,315,0,1
BRDA:2527,315,1,0
BRDA:2527,316,0,1
BRDA:2527,316,1,1
BRDA:2527,316,2,0
BRDA:2527,316,3,1
BRDA:2529,317,0,1
BRDA:2529,317,1,1
BRDA:2530,318,0,0
BRDA:2530,318,1,1
BRDA:2532,319,0,0
BRDA:2532,319,1,0
BRDA:2534,320,0,0
BRDA:2534,320,1,0
BRDA:2534,321,0,0
BRDA:2534,321,1,0
BRDA:2541,322,0,0
BRDA:2541,322,1,0
BRDA:2542,323,0,0
BRDA:2542,323,1,0
BRDA:2543,324,0,0
BRDA:2543,324,1,0
BRDA:2543,325,0,0
BRDA:2543,325,1,0
BRDA:2543,325,2,0
BRDA:2543,325,3,0
BRDA:2543,325,4,0
BRDA:2543,325,5,0
BRDA:2551,326,0,0
BRDA:2551,326,1,0
BRDA:2551,327,0,0
BRDA:2551,327,1,0
BRDA:2551,327,2,0
BRDA:2555,328,0,0
BRDA:2555,328,1,0
BRDA:2561,329,0,0
BRDA:2561,329,1,0
BRDA:2561,330,0,0
BRDA:2561,330,1,0
BRDA:2561,330,2,0
BRDA:2563,331,0,0
BRDA:2563,331,1,0
BRDA:2584,332,0,0
BRDA:2584,332,1,0
BRDA:2604,333,0,0
BRDA:2604,333,1,0
BRDA:2608,334,0,0
BRDA:2608,334,1,0
BRDA:2610,335,0,0
BRDA:2610,335,1,0
BRDA:2613,336,0,0
BRDA:2613,336,1,0
BRDA:2618,337,0,0
BRDA:2618,337,1,0
BRDA:2632,338,0,3
BRDA:2632,338,1,3
BRDA:2633,339,0,0
BRDA:2633,339,1,3
BRDA:2639,340,0,3
BRDA:2639,340,1,0
BRDA:2648,341,0,3
BRDA:2648,341,1,0
BRDA:2648,342,0,3
BRDA:2648,342,1,3
BRDA:2648,342,2,3
BRDA:2648,342,3,3
BRDA:2665,343,0,3
BRDA:2665,343,1,0
BRDA:2665,344,0,3
BRDA:2665,344,1,0
BRDA:2668,345,0,3
BRDA:2668,345,1,0
BRDA:2723,346,0,0
BRDA:2723,346,1,0
BRDA:2760,347,0,3
BRDA:2760,347,1,3
BRDA:2791,348,0,3
BRDA:2791,348,1,0
BRDA:2794,349,0,0
BRDA:2794,349,1,0
BRDA:2849,350,0,0
BRDA:2849,350,1,0
BRDA:2870,351,0,0
BRDA:2870,351,1,0
BRDA:2880,352,0,0
BRDA:2880,352,1,0
BRDA:2889,353,0,0
BRDA:2889,353,1,0
BRDA:2889,354,0,0
BRDA:2889,354,1,0
BRDA:2896,355,0,1
BRDA:2896,355,1,0
BRDA:2896,356,0,1
BRDA:2896,356,1,1
BRDA:2900,357,0,0
BRDA:2900,357,1,1
BRDA:2900,358,0,1
BRDA:2900,358,1,0
BRDA:2915,359,0,0
BRDA:2915,359,1,0
BRDA:2950,360,0,0
BRDA:2950,360,1,0
BRDA:2954,361,0,0
BRDA:2954,361,1,0
BRDA:2955,362,0,0
BRDA:2955,362,1,0
BRDA:2962,363,0,0
BRDA:2962,363,1,0
BRDA:2962,364,0,0
BRDA:2962,364,1,0
BRDA:2962,364,2,0
BRDA:2962,364,3,0
BRDA:2969,365,0,0
BRDA:2969,365,1,0
BRDA:2980,366,0,3
BRDA:2980,366,1,0
BRDA:2984,367,0,0
BRDA:2984,367,1,3
BRDA:2990,368,0,6
BRDA:2990,368,1,97
BRDA:2997,369,0,0
BRDA:2997,369,1,6
BRDA:2998,370,0,0
BRDA:2998,370,1,0
BRDA:3008,371,0,0
BRDA:3008,371,1,0
BRDA:3017,372,0,6
BRDA:3017,372,1,0
BRDA:3020,373,0,0
BRDA:3020,373,1,0
BRDA:3021,374,0,0
BRDA:3021,374,1,0
BRDA:3024,375,0,0
BRDA:3024,375,1,0
BRDA:3044,376,0,0
BRDA:3044,376,1,0
BRDA:3045,377,0,0
BRDA:3045,377,1,0
BRDA:3048,378,0,0
BRDA:3048,378,1,0
BRDA:3048,379,0,0
BRDA:3048,379,1,0
BRDA:3053,380,0,0
BRDA:3053,380,1,0
BRDA:3184,381,0,5
BRDA:3184,381,1,0
BRDA:3187,382,0,0
BRDA:3187,382,1,5
BRDA:3233,383,0,0
BRDA:3233,383,1,0
BRDA:3233,384,0,0
BRDA:3233,384,1,0
BRDA:3246,385,0,0
BRDA:3246,385,1,0
BRDA:3247,386,0,0
BRDA:3247,386,1,0
BRDA:3251,387,0,0
BRDA:3251,387,1,0
BRDA:3260,388,0,0
BRDA:3260,388,1,0
BRDA:3292,389,0,0
BRDA:3292,389,1,3
BRDA:3292,390,0,3
BRDA:3292,390,1,3
BRDA:3293,391,0,0
BRDA:3293,391,1,0
BRDA:3328,392,0,0
BRDA:3328,392,1,0
BRDA:3335,393,0,0
BRDA:3335,393,1,0
BRDA:3370,394,0,0
BRDA:3370,394,1,1
BRDA:3377,395,0,0
BRDA:3377,395,1,0
BRDA:3377,396,0,0
BRDA:3377,396,1,0
BRDA:3377,396,2,0
BRDA:3379,397,0,0
BRDA:3379,397,1,0
BRDA:3386,398,0,1
BRDA:3386,398,1,1
BRDA:3422,399,0,0
BRDA:3422,399,1,0
BRDA:3426,400,0,0
BRDA:3426,400,1,0
BRDA:3430,401,0,0
BRDA:3430,401,1,0
BRDA:3443,402,0,0
BRDA:3443,402,1,0
BRDA:3602,403,0,0
BRDA:3602,403,1,0
BRDA:3603,404,0,0
BRDA:3603,404,1,0
BRDA:3604,405,0,0
BRDA:3604,405,1,0
BRDA:3607,406,0,0
BRDA:3607,406,1,0
BRDA:3612,407,0,0
BRDA:3612,407,1,0
BRDA:3612,408,0,0
BRDA:3612,408,1,0
BRDA:3613,409,0,0
BRDA:3613,409,1,0
BRDA:3618,410,0,0
BRDA:3618,410,1,0
BRDA:3618,411,0,0
BRDA:3618,411,1,0
BRDA:3618,411,2,0
BRDA:3630,412,0,0
BRDA:3630,412,1,0
BRDA:3640,413,0,0
BRDA:3640,413,1,0
BRDA:3660,414,0,0
BRDA:3660,414,1,0
BRDA:3667,415,0,0
BRDA:3667,415,1,0
BRDA:3668,416,0,0
BRDA:3668,416,1,0
BRDA:3674,417,0,0
BRDA:3674,417,1,0
BRDA:3678,418,0,0
BRDA:3678,418,1,0
BRDA:3684,419,0,0
BRDA:3684,419,1,0
BRDA:3686,420,0,0
BRDA:3686,420,1,0
BRDA:3688,421,0,0
BRDA:3688,421,1,0
BRDA:3693,422,0,0
BRDA:3693,422,1,0
BRDA:3694,423,0,0
BRDA:3694,423,1,0
BRDA:3697,424,0,0
BRDA:3697,424,1,0
BRDA:3712,425,0,0
BRDA:3712,425,1,0
BRDA:3714,426,0,0
BRDA:3714,426,1,0
BRDA:3718,427,0,0
BRDA:3718,427,1,0
BRDA:3727,428,0,0
BRDA:3727,428,1,0
BRDA:3733,429,0,0
BRDA:3733,429,1,0
BRDA:3733,430,0,0
BRDA:3733,430,1,0
BRDA:3736,431,0,0
BRDA:3736,431,1,0
BRDA:3737,432,0,0
BRDA:3737,432,1,0
BRDA:3789,433,0,0
BRDA:3789,433,1,0
BRDA:3792,434,0,0
BRDA:3792,434,1,0
BRDA:3875,435,0,0
BRDA:3875,435,1,0
BRDA:3913,436,0,0
BRDA:3913,436,1,0
BRDA:3913,437,0,0
BRDA:3913,437,1,0
BRDA:3917,438,0,0
BRDA:3917,438,1,0
BRDA:3919,439,0,0
BRDA:3919,439,1,0
BRDA:3978,440,0,0
BRDA:3978,440,1,0
BRDA:3979,441,0,0
BRDA:3979,441,1,0
BRDA:3979,442,0,0
BRDA:3979,442,1,0
BRDA:3994,443,0,0
BRDA:3994,443,1,0
BRDA:3999,444,0,0
BRDA:3999,444,1,0
BRDA:4014,445,0,0
BRDA:4014,445,1,0
BRDA:4021,446,0,0
BRDA:4021,446,1,0
BRDA:4023,447,0,0
BRDA:4023,447,1,0
BRDA:4027,448,0,0
BRDA:4027,448,1,0
BRDA:4054,449,0,0
BRDA:4054,449,1,0
BRDA:4056,450,0,0
BRDA:4056,450,1,0
BRDA:4067,451,0,0
BRDA:4067,451,1,0
BRDA:4070,452,0,0
BRDA:4070,452,1,0
BRDA:4125,453,0,0
BRDA:4125,453,1,0
BRDA:4126,454,0,0
BRDA:4126,454,1,0
BRDA:4129,455,0,0
BRDA:4129,455,1,0
BRDA:4132,456,0,0
BRDA:4132,456,1,0
BRDA:4137,457,0,0
BRDA:4137,457,1,0
BRDA:4137,458,0,0
BRDA:4137,458,1,0
BRDA:4180,459,0,0
BRDA:4180,459,1,0
BRDA:4188,460,0,0
BRDA:4188,460,1,0
BRDA:4221,461,0,3
BRDA:4221,461,1,2
BRDA:4230,462,0,1
BRDA:4230,462,1,2
BRDA:4230,462,2,1
BRDA:4235,463,0,1
BRDA:4235,463,1,1
BRDA:4247,464,0,0
BRDA:4247,464,1,0
BRDA:4247,465,0,0
BRDA:4247,465,1,0
BRDA:4263,466,0,1
BRDA:4263,466,1,2
BRDA:4270,467,0,5
BRDA:4270,467,1,0
BRDA:4277,468,0,0
BRDA:4277,468,1,0
BRDA:4277,469,0,0
BRDA:4277,469,1,0
BRDA:4281,470,0,0
BRDA:4281,470,1,0
BRDA:4281,471,0,0
BRDA:4281,471,1,0
BRDA:4285,472,0,0
BRDA:4285,472,1,0
BRDA:4298,473,0,0
BRDA:4298,473,1,0
BRDA:4302,474,0,13
BRDA:4302,474,1,12
BRDA:4305,475,0,5
BRDA:4305,475,1,8
BRDA:4326,476,0,5
BRDA:4326,476,1,0
BRDA:4328,477,0,5
BRDA:4328,477,1,0
BRDA:4342,478,0,36
BRDA:4342,478,1,4
BRDA:4342,479,0,40
BRDA:4342,479,1,40
BRDA:4366,480,0,7
BRDA:4366,480,1,2
BRDA:4366,481,0,9
BRDA:4366,481,1,9
BRDA:4366,481,2,9
BRDA:4366,481,3,7
BRDA:4369,482,0,0
BRDA:4369,482,1,7
BRDA:4409,483,0,0
BRDA:4409,483,1,0
BRDA:4410,484,0,0
BRDA:4410,484,1,0
BRDA:4416,485,0,0
BRDA:4416,485,1,7
BRDA:4417,486,0,0
BRDA:4417,486,1,0
BRDA:4425,487,0,7
BRDA:4425,487,1,0
BRDA:4425,487,2,0
BRDA:4425,487,3,7
BRDA:4448,488,0,12
BRDA:4448,488,1,0
BRDA:4449,489,0,12
BRDA:4449,489,1,0
BRDA:4483,490,0,3
BRDA:4483,490,1,0
BRDA:4487,491,0,3
BRDA:4487,491,1,0
BRDA:4487,492,0,3
BRDA:4487,492,1,3
BRDA:4494,493,0,0
BRDA:4494,493,1,3
BRDA:4499,494,0,3
BRDA:4499,494,1,0
BRDA:4499,495,0,3
BRDA:4499,495,1,3
BRDA:4511,496,0,3
BRDA:4511,496,1,0
BRDA:4512,497,0,0
BRDA:4512,497,1,3
BRDA:4517,498,0,0
BRDA:4517,498,1,3
BRDA:4517,499,0,3
BRDA:4517,499,1,0
BRDA:4517,499,2,0
BRDA:4518,500,0,0
BRDA:4518,500,1,0
BRDA:4525,501,0,3
BRDA:4525,501,1,0
BRDA:4542,502,0,0
BRDA:4542,502,1,0
BRDA:4542,503,0,0
BRDA:4542,503,1,0
BRDA:4542,503,2,0
BRDA:4542,503,3,0
BRDA:4542,503,4,0
BRDA:4542,503,5,0
BRDA:4552,504,0,0
BRDA:4552,504,1,3
BRDA:4561,505,0,3
BRDA:4561,505,1,0
BRDA:4561,506,0,3
BRDA:4561,506,1,3
BRDA:4566,507,0,3
BRDA:4566,507,1,0
BRDA:4571,508,0,0
BRDA:4571,508,1,3
BRDA:4573,509,0,0
BRDA:4573,509,1,0
BRDA:4589,510,0,3
BRDA:4589,510,1,3
BRDA:4610,511,0,4
BRDA:4610,511,1,0
BRDA:4612,512,0,0
BRDA:4612,512,1,4
BRDA:4634,513,0,2
BRDA:4634,513,1,0
BRDA:4642,514,0,0
BRDA:4642,514,1,2
BRDA:4642,515,0,2
BRDA:4642,515,1,2
BRDA:4645,516,0,2
BRDA:4645,516,1,0
BRDA:4646,517,0,0
BRDA:4646,517,1,2
BRDA:4658,518,0,4
BRDA:4658,518,1,0
BRDA:4664,519,0,0
BRDA:4664,519,1,0
BRDA:4664,520,0,0
BRDA:4664,520,1,0
BRDA:4671,521,0,0
BRDA:4671,521,1,0
BRDA:4671,522,0,0
BRDA:4671,522,1,0
BRDA:4689,523,0,2
BRDA:4689,523,1,3
BRDA:4690,524,0,0
BRDA:4690,524,1,2
BRDA:4701,525,0,1
BRDA:4701,525,1,2
BRDA:4703,526,0,1
BRDA:4703,526,1,0
BRDA:4705,527,0,4
BRDA:4705,527,1,0
BRDA:4705,528,0,4
BRDA:4705,528,1,4
BRDA:4709,529,0,0
BRDA:4709,529,1,4
BRDA:4716,530,0,0
BRDA:4716,530,1,0
BRDA:4719,531,0,0
BRDA:4719,531,1,0
BRDA:4720,532,0,0
BRDA:4720,532,1,0
BRDA:4742,533,0,3
BRDA:4742,533,1,0
BRDA:4757,534,0,3
BRDA:4757,534,1,0
BRDA:4789,535,0,0
BRDA:4789,535,1,0
BRDA:4793,536,0,0
BRDA:4793,536,1,0
BRDA:4803,537,0,1
BRDA:4803,537,1,3
BRDA:4805,538,0,1
BRDA:4805,538,1,0
BRDA:4806,539,0,1
BRDA:4806,539,1,0
BRDA:4821,540,0,0
BRDA:4821,540,1,1
BRDA:4821,541,0,1
BRDA:4821,541,1,1
BRDA:4823,542,0,0
BRDA:4823,542,1,0
BRDA:4825,543,0,0
BRDA:4825,543,1,0
BRDA:4827,544,0,0
BRDA:4827,544,1,0
BRDA:4834,545,0,1
BRDA:4834,545,1,0
BRDA:4843,546,0,1
BRDA:4843,546,1,0
BRDA:4852,547,0,0
BRDA:4852,547,1,4
BRDA:4852,548,0,4
BRDA:4852,548,1,1
BRDA:4852,548,2,4
BRDA:4853,549,0,0
BRDA:4853,549,1,0
BRDA:4853,550,0,0
BRDA:4853,550,1,0
BRDA:4858,551,0,0
BRDA:4858,551,1,0
BRDA:4860,552,0,0
BRDA:4860,552,1,0
BRDA:4861,553,0,0
BRDA:4861,553,1,0
BRDA:4861,554,0,0
BRDA:4861,554,1,0
BRDA:4861,554,2,0
BRDA:4871,555,0,0
BRDA:4871,555,1,0
BRDA:4874,556,0,0
BRDA:4874,556,1,0
BRDA:4879,557,0,0
BRDA:4879,557,1,0
BRDA:4881,558,0,0
BRDA:4881,558,1,0
BRDA:4899,559,0,0
BRDA:4899,559,1,0
BRDA:4899,560,0,0
BRDA:4899,560,1,0
BRDA:4908,561,0,0
BRDA:4908,561,1,0
BRDA:4912,562,0,0
BRDA:4912,562,1,0
BRDA:4912,563,0,0
BRDA:4912,563,1,0
BRDA:4917,564,0,0
BRDA:4917,564,1,0
BRDA:4922,565,0,0
BRDA:4922,565,1,0
BRDA:4922,566,0,0
BRDA:4922,566,1,0
BRDA:4923,567,0,0
BRDA:4923,567,1,0
BRDA:4923,568,0,0
BRDA:4923,568,1,0
BRDA:4929,569,0,0
BRDA:4929,569,1,0
BRDA:4932,570,0,1
BRDA:4932,570,1,3
BRDA:4948,571,0,1
BRDA:4948,571,1,3
BRDA:4952,572,0,0
BRDA:4952,572,1,1
BRDA:4952,573,0,1
BRDA:4952,573,1,0
BRDA:4956,574,0,0
BRDA:4956,574,1,1
BRDA:4956,575,0,1
BRDA:4956,575,1,0
BRDA:4959,576,0,1
BRDA:4959,576,1,0
BRDA:4960,577,0,0
BRDA:4960,577,1,1
BRDA:4960,578,0,1
BRDA:4960,578,1,0
BRDA:4966,579,0,1
BRDA:4966,579,1,1
BRDA:4967,580,0,1
BRDA:4967,580,1,0
BRDA:4970,581,0,1
BRDA:4970,581,1,0
BRDA:4981,582,0,0
BRDA:4981,582,1,1
BRDA:4982,583,0,1
BRDA:4982,583,1,0
BRDA:4991,584,0,1
BRDA:4991,584,1,0
BRDA:4992,585,0,0
BRDA:4992,585,1,1
BRDA:4993,586,0,0
BRDA:4993,586,1,0
BRDA:5005,587,0,1
BRDA:5005,587,1,0
BRDA:5006,588,0,0
BRDA:5006,588,1,1
BRDA:5006,589,0,1
BRDA:5006,589,1,0
BRDA:5013,590,0,0
BRDA:5013,590,1,4
BRDA:5013,591,0,4
BRDA:5013,591,1,0
BRDA:5013,591,2,0
BRDA:5013,591,3,4
BRDA:5017,592,0,0
BRDA:5017,592,1,0
BRDA:5025,593,0,1
BRDA:5025,593,1,3
BRDA:5029,594,0,4
BRDA:5029,594,1,0
BRDA:5031,595,0,1
BRDA:5031,595,1,0
BRDA:5035,596,0,4
BRDA:5035,596,1,1
BRDA:5036,597,0,2
BRDA:5036,597,1,2
BRDA:5039,598,0,4
BRDA:5039,598,1,4
BRDA:5040,599,0,4
BRDA:5040,599,1,0
BRDA:5053,600,0,0
BRDA:5053,600,1,4
BRDA:5055,601,0,0
BRDA:5055,601,1,0
BRDA:5062,602,0,0
BRDA:5062,602,1,4
BRDA:5062,603,0,4
BRDA:5062,603,1,4
BRDA:5063,604,0,0
BRDA:5063,604,1,0
BRDA:5066,605,0,1
BRDA:5066,605,1,3
BRDA:5071,606,0,0
BRDA:5071,606,1,0
BRDA:5073,607,0,0
BRDA:5073,607,1,0
BRDA:5074,608,0,0
BRDA:5074,608,1,0
BRDA:5084,609,0,0
BRDA:5084,609,1,7
BRDA:5087,610,0,0
BRDA:5087,610,1,7
BRDA:5088,611,0,0
BRDA:5088,611,1,0
BRDA:5091,612,0,0
BRDA:5091,612,1,0
BRDA:5091,613,0,0
BRDA:5091,613,1,0
BRDA:5096,614,0,0
BRDA:5096,614,1,0
BRDA:5109,615,0,1
BRDA:5109,615,1,0
BRDA:5114,616,0,0
BRDA:5114,616,1,0
BRDA:5134,617,0,1
BRDA:5134,617,1,0
BRDA:5144,618,0,0
BRDA:5144,618,1,0
BRDA:5145,619,0,0
BRDA:5145,619,1,0
BRDA:5145,620,0,0
BRDA:5145,620,1,0
BRDA:5158,621,0,0
BRDA:5158,621,1,0
BRDA:5165,622,0,1
BRDA:5165,622,1,0
BRDA:5184,623,0,1
BRDA:5184,623,1,0
BRDA:5187,624,0,0
BRDA:5187,624,1,1
BRDA:5187,625,0,1
BRDA:5187,625,1,1
BRDA:5191,626,0,1
BRDA:5191,626,1,0
BRDA:5199,627,0,0
BRDA:5199,627,1,1
BRDA:5199,628,0,1
BRDA:5199,628,1,1
BRDA:5199,628,2,1
BRDA:5201,629,0,0
BRDA:5201,629,1,0
BRDA:5208,630,0,0
BRDA:5208,630,1,0
BRDA:5208,630,2,0
BRDA:5233,631,0,1
BRDA:5233,631,1,0
BRDA:5233,632,0,1
BRDA:5233,632,1,1
BRDA:5247,633,0,4
BRDA:5247,633,1,0
BRDA:5248,634,0,4
BRDA:5248,634,1,0
BRDA:5252,635,0,0
BRDA:5252,635,1,4
BRDA:5261,636,0,3
BRDA:5261,636,1,1
BRDA:5279,637,0,1
BRDA:5279,637,1,0
BRDA:5281,638,0,1
BRDA:5281,638,1,0
BRDA:5303,639,0,1
BRDA:5303,639,1,0
BRDA:5306,640,0,0
BRDA:5306,640,1,1
BRDA:5311,641,0,1
BRDA:5311,641,1,0
BRDA:5315,642,0,0
BRDA:5315,642,1,0
BRDA:5400,643,0,0
BRDA:5400,643,1,0
BRDA:5407,644,0,0
BRDA:5407,644,1,0
BRDA:5407,645,0,0
BRDA:5407,645,1,0
BRDA:5423,646,0,0
BRDA:5423,646,1,0
BRDA:5434,647,0,0
BRDA:5434,647,1,0
BRDA:5466,648,0,0
BRDA:5466,648,1,0
BRDA:5477,649,0,0
BRDA:5477,649,1,0
BRDA:5489,650,0,0
BRDA:5489,650,1,0
BRDA:5493,651,0,0
BRDA:5493,651,1,0
BRDA:5500,652,0,0
BRDA:5500,652,1,0
BRDA:5506,653,0,0
BRDA:5506,653,1,0
BRDA:5506,654,0,0
BRDA:5506,654,1,0
BRDA:5506,654,2,0
BRDA:5507,655,0,0
BRDA:5507,655,1,0
BRDA:5513,656,0,0
BRDA:5513,656,1,0
BRDA:5519,657,0,0
BRDA:5519,657,1,0
BRDA:5520,658,0,0
BRDA:5520,658,1,0
BRDA:5521,659,0,0
BRDA:5521,659,1,0
BRDA:5523,660,0,0
BRDA:5523,660,1,0
BRDA:5525,661,0,0
BRDA:5525,661,1,0
BRDA:5528,662,0,0
BRDA:5528,662,1,0
BRDA:5537,663,0,0
BRDA:5537,663,1,0
BRDA:5539,664,0,0
BRDA:5539,664,1,0
BRDA:5541,665,0,0
BRDA:5541,665,1,0
BRDA:5542,666,0,0
BRDA:5542,666,1,0
BRDA:5549,667,0,0
BRDA:5549,667,1,0
BRDA:5551,668,0,0
BRDA:5551,668,1,0
BRDA:5552,669,0,0
BRDA:5552,669,1,0
BRDA:5565,670,0,0
BRDA:5565,670,1,0
BRDA:5565,671,0,0
BRDA:5565,671,1,0
BRDA:5574,672,0,0
BRDA:5574,672,1,0
BRDA:5580,673,0,0
BRDA:5580,673,1,0
BRDA:5580,674,0,0
BRDA:5580,674,1,0
BRDA:5584,675,0,0
BRDA:5584,675,1,0
BRDA:5586,676,0,0
BRDA:5586,676,1,0
BRDA:5660,677,0,0
BRDA:5660,677,1,0
BRDA:5670,678,0,0
BRDA:5670,678,1,0
BRDA:5680,679,0,0
BRDA:5680,679,1,0
BRDA:5690,680,0,0
BRDA:5690,680,1,0
BRDA:5702,681,0,0
BRDA:5702,681,1,0
BRDA:5706,682,0,0
BRDA:5706,682,1,0
BRDA:5706,683,0,0
BRDA:5706,683,1,0
BRDA:5709,684,0,0
BRDA:5709,684,1,0
BRDA:5727,685,0,0
BRDA:5727,685,1,0
BRDA:5730,686,0,0
BRDA:5730,686,1,0
BRDA:5731,687,0,0
BRDA:5731,687,1,0
BRDA:5744,688,0,0
BRDA:5744,688,1,0
BRDA:5746,689,0,0
BRDA:5746,689,1,0
BRDA:5796,690,0,0
BRDA:5796,690,1,0
BRDA:5802,691,0,0
BRDA:5802,691,1,0
BRDA:5802,692,0,0
BRDA:5802,692,1,0
BRDA:5805,693,0,0
BRDA:5805,693,1,0
BRDA:5917,694,0,0
BRDA:5917,694,1,0
BRDA:5919,695,0,0
BRDA:5919,695,1,0
BRDA:5922,696,0,0
BRDA:5922,696,1,0
BRDA:5924,697,0,0
BRDA:5924,697,1,0
BRDA:5925,698,0,0
BRDA:5925,698,1,0
BRDA:5949,699,0,0
BRDA:5949,699,1,0
BRDA:5956,700,0,0
BRDA:5956,700,1,0
BRDA:5971,701,0,0
BRDA:5971,701,1,0
BRDA:5974,702,0,0
BRDA:5974,702,1,0
BRDA:6063,703,0,0
BRDA:6063,703,1,0
BRDA:6064,704,0,0
BRDA:6064,704,1,0
BRDA:6066,705,0,0
BRDA:6066,705,1,0
BRDA:6080,706,0,0
BRDA:6080,706,1,0
BRDA:6146,707,0,0
BRDA:6146,707,1,0
BRDA:6151,708,0,0
BRDA:6151,708,1,0
BRDA:6152,709,0,0
BRDA:6152,709,1,0
BRDA:6156,710,0,0
BRDA:6156,710,1,0
BRDA:6159,711,0,0
BRDA:6159,711,1,0
BRDA:6162,712,0,0
BRDA:6162,712,1,0
BRDA:6163,713,0,0
BRDA:6163,713,1,0
BRDA:6165,714,0,0
BRDA:6165,714,1,0
BRDA:6165,714,2,0
BRDA:6166,715,0,0
BRDA:6166,715,1,0
BRDA:6169,716,0,0
BRDA:6169,716,1,0
BRDA:6170,717,0,0
BRDA:6170,717,1,0
BRDA:6193,718,0,0
BRDA:6193,718,1,0
BRDA:6215,719,0,0
BRDA:6215,719,1,0
BRDA:6216,720,0,0
BRDA:6216,720,1,0
BRDA:6220,721,0,0
BRDA:6220,721,1,0
BRDA:6227,722,0,0
BRDA:6227,722,1,0
BRDA:6324,723,0,0
BRDA:6324,723,1,0
BRDA:6334,724,0,0
BRDA:6334,724,1,0
BRDA:6337,725,0,0
BRDA:6337,725,1,0
BRDA:6375,726,0,0
BRDA:6375,726,1,0
BRDA:6382,727,0,0
BRDA:6382,727,1,0
BRDA:6386,728,0,0
BRDA:6386,728,1,0
BRDA:6388,729,0,0
BRDA:6388,729,1,0
BRDA:6390,730,0,0
BRDA:6390,730,1,0
BRDA:6390,731,0,0
BRDA:6390,731,1,0
BRDA:6395,732,0,0
BRDA:6395,732,1,0
BRDA:6396,733,0,0
BRDA:6396,733,1,0
BRDA:6396,734,0,0
BRDA:6396,734,1,0
BRDA:6443,735,0,0
BRDA:6443,735,1,0
BRDA:6445,736,0,0
BRDA:6445,736,1,0
BRDA:6453,737,0,0
BRDA:6453,737,1,0
BRDA:6466,738,0,0
BRDA:6466,738,1,0
BRDA:6467,739,0,0
BRDA:6467,739,1,0
BRDA:6470,740,0,0
BRDA:6470,740,1,0
BRDA:6473,741,0,0
BRDA:6473,741,1,0
BRDA:6477,742,0,0
BRDA:6477,742,1,0
BRDA:6481,743,0,0
BRDA:6481,743,1,0
BRDA:6495,744,0,0
BRDA:6495,744,1,0
BRDA:6496,745,0,0
BRDA:6496,745,1,0
BRDA:6507,746,0,0
BRDA:6507,746,1,0
BRDA:6509,747,0,0
BRDA:6509,747,1,0
BRDA:6509,748,0,0
BRDA:6509,748,1,0
BRDA:6512,749,0,0
BRDA:6512,749,1,0
BRDA:6513,750,0,0
BRDA:6513,750,1,0
BRDA:6517,751,0,0
BRDA:6517,751,1,0
BRDA:6520,752,0,0
BRDA:6520,752,1,0
BRDA:6525,753,0,0
BRDA:6525,753,1,0
BRDA:6526,754,0,0
BRDA:6526,754,1,0
BRDA:6537,755,0,0
BRDA:6537,755,1,0
BRDA:6545,756,0,0
BRDA:6545,756,1,0
BRDA:6546,757,0,0
BRDA:6546,757,1,0
BRDA:6547,758,0,0
BRDA:6547,758,1,0
BRDA:6548,759,0,0
BRDA:6548,759,1,0
BRDA:6553,760,0,0
BRDA:6553,760,1,0
BRDA:6555,761,0,0
BRDA:6555,761,1,0
BRDA:6562,762,0,0
BRDA:6562,762,1,0
BRDA:6563,763,0,0
BRDA:6563,763,1,0
BRDA:6573,764,0,0
BRDA:6573,764,1,0
BRDA:6582,765,0,0
BRDA:6582,765,1,0
BRDA:6582,766,0,0
BRDA:6582,766,1,0
BRDA:6628,767,0,0
BRDA:6628,767,1,0
BRDA:6656,768,0,0
BRDA:6656,768,1,1
BRF:1589
BRH:415
end_of_record
